-- start_ignore
\! gpconfig -c shared_preload_libraries -v 'auto_explain';
20220725:08:37:39:077123 gpconfig:evgeniy-pc:evgeniy-[INFO]:-completed successfully with parameters '-c shared_preload_libraries -v auto_explain'
\! gpconfig -c auto_explain.log_min_duration -v 0 --skipvalidation;
20220725:08:37:39:077208 gpconfig:evgeniy-pc:evgeniy-[INFO]:-completed successfully with parameters '-c auto_explain.log_min_duration -v 0 --skipvalidation'
\! gpconfig -c auto_explain.log_analize -v true --skipvalidation;
20220725:08:37:39:077292 gpconfig:evgeniy-pc:evgeniy-[INFO]:-completed successfully with parameters '-c auto_explain.log_analize -v true --skipvalidation'
\! gpstop -raiq;
\c
-- end_ignore
SET CLIENT_MIN_MESSAGES = LOG;
-- check that auto_explain doesn't work on coordinator with Gp_role is not a GP_ROLE_DISPATCH
-- Query 'SELECT count(1) from (select i from t1 limit 10) t join t2 using (i)' generate executor's slice on coordinator:
--             ->  Redistribute Motion 1:3  (slice2)
--                   Output: t1.i
--                   Hash Key: t1.i
--                   ->  Limit
--                         Output: t1.i
--                         ->  Gather Motion 3:1  (slice1; segments: 3)
-- IMPORTANT: ./configure with --enable-orca
CREATE TABLE t1(i int);
LOG:  statement: CREATE TABLE t1(i int);
NOTICE:  Table doesn't have 'DISTRIBUTED BY' clause -- Using column named 'i' as the Greenplum Database data distribution key for this table.
HINT:  The 'DISTRIBUTED BY' clause determines the distribution of data. Make sure column(s) chosen are the optimal data distribution key to minimize skew.
CREATE TABLE t2(i int);
LOG:  statement: CREATE TABLE t2(i int);
NOTICE:  Table doesn't have 'DISTRIBUTED BY' clause -- Using column named 'i' as the Greenplum Database data distribution key for this table.
HINT:  The 'DISTRIBUTED BY' clause determines the distribution of data. Make sure column(s) chosen are the optimal data distribution key to minimize skew.
SELECT count(1) from (select i from t1 limit 10) t join t2 using (i);
LOG:  statement: SELECT count(1) from (select i from t1 limit 10) t join t2 using (i);
LOG:  duration: 3.033 ms  plan:
Query Text: SELECT count(1) from (select i from t1 limit 10) t join t2 using (i);
Finalize Aggregate  (cost=475.67..475.68 rows=1 width=8) (actual time=3.018..3.018 rows=1 loops=1)
  ->  Gather Motion 3:1  (slice1; segments: 3)  (cost=475.61..475.66 rows=3 width=8) (actual time=2.911..3.009 rows=3 loops=1)
        ->  Partial Aggregate  (cost=475.61..475.62 rows=1 width=8) (actual time=2.629..2.630 rows=1 loops=1)
              ->  Hash Join  (cost=35.95..474.81 rows=321 width=0) (never executed)
                    Hash Cond: (t2.i = t1.i)
                    ->  Seq Scan on t2  (cost=0.00..355.00 rows=32100 width=4) (never executed)
                    ->  Hash  (cost=35.90..35.90 rows=3 width=4) (never executed)
                          Buckets: 524288  Batches: 1  Memory Usage: 4096kB
                          ->  Redistribute Motion 1:3  (slice2; segments: 1)  (cost=35.50..35.90 rows=3 width=4) (never executed)
                                Hash Key: t1.i
                                ->  Limit  (cost=35.50..35.67 rows=10 width=4) (never executed)
                                      ->  Gather Motion 3:1  (slice3; segments: 3)  (cost=35.50..36.01 rows=30 width=4) (never executed)
                                            ->  Limit  (cost=35.50..35.61 rows=10 width=4) (never executed)
                                                  ->  Seq Scan on t1  (cost=0.00..355.00 rows=32100 width=4) (never executed)
Optimizer: Postgres query optimizer
  (slice0)    Executor memory: 57K bytes.
  (slice1)    Executor memory: 4120K bytes avg x 3 workers, 4120K bytes max (seg0).  Work_mem: 4096K bytes max.
  (slice2)    Executor memory: 38K bytes (seg2).
  (slice3)    Executor memory: 38K bytes avg x 3 workers, 38K bytes max (seg0).
Memory used:  128000kB
 count 
-------
     0
(1 row)

DROP TABLE t1;
LOG:  statement: DROP TABLE t1;
DROP TABLE t2;
LOG:  statement: DROP TABLE t2;
-- start_ignore
\! gpconfig -r shared_preload_libraries;
20220725:08:37:44:077741 gpconfig:evgeniy-pc:evgeniy-[INFO]:-completed successfully with parameters '-r shared_preload_libraries'
\! gpstop -raiq;
-- end_ignore
