--
-- Tests on partition pruning (with ORCA) or constraint exclusion (with the
-- Postgres planner). These tests check that you get an "expected" plan, that
-- only scans the partitions that are needed.
--
-- The "correct" plan for a given query depends a lot on the capabilities of
-- the planner and the rest of the system, so the expected output can need
-- updating, as the system improves.
--
-- GPDB_12_MERGE_FIXME: Many of these queries are no longer able to constraint
-- exclusion, like we used to on GPDB 6. Not sure what we should do about it.
-- See https://github.com/greenplum-db/gpdb/issues/10287.
-- In GPDB6 this case is partition pruned, but the result is wrong,
-- in MAIN branch it is not partition pruned, but has right result.
-- Create test table with two partitions, for values equal to '1' and values equal to '2'.
create table parttab (n numeric, t text)
  partition by list (n)(partition one values ('1'), partition two values('2'));
NOTICE:  Table doesn't have 'DISTRIBUTED BY' clause -- Using column named 'n' as the Greenplum Database data distribution key for this table.
HINT:  The 'DISTRIBUTED BY' clause determines the distribution of data. Make sure column(s) chosen are the optimal data distribution key to minimize skew.
-- Insert three rows. They're all equal to '1', but different number of zeros after decimal point.
insert into parttab values
  ('1', 'one'),
  ('1.0', 'one point zero'),
  ('1.00', 'one point zero zero');
-- select rows whose text representation is three characters long. This should return the '1.0' row.
select * from parttab where length(n::text) = 3;
  n  |       t        
-----+----------------
 1.0 | one point zero
(1 row)

explain select * from parttab where length(n::text) = 3;
                                  QUERY PLAN                                   
-------------------------------------------------------------------------------
 Gather Motion 3:1  (slice1; segments: 3)  (cost=0.00..431.00 rows=1 width=16)
   ->  Dynamic Seq Scan on parttab  (cost=0.00..431.00 rows=1 width=16)
         Number of partitions to scan: 2 (out of 2)
         Filter: (length((n)::text) = 3)
 Optimizer: Pivotal Optimizer (GPORCA)
(5 rows)

-- Use index scans when possible. That exercises more code, and allows us to
-- spot the cases where the planner cannot use even when it exists.
set enable_seqscan=off;
set enable_bitmapscan=on;
set enable_indexscan=on;
create schema partition_pruning;
set search_path to partition_pruning;
-- Set up common test tables.
CREATE TABLE pt_lt_tab
(
  col1 int,
  col2 decimal,
  col3 text,
  col4 bool
)
distributed by (col1)
partition by list(col2)
(
  partition part1 values(1,2,3,4,5,6,7,8,9,10),
  partition part2 values(11,12,13,14,15,16,17,18,19,20),
  partition part3 values(21,22,23,24,25,26,27,28,29,30),
  partition part4 values(31,32,33,34,35,36,37,38,39,40),
  partition part5 values(41,42,43,44,45,46,47,48,49,50)
);
INSERT INTO pt_lt_tab SELECT i, i,'a',True FROM generate_series(1,3)i;
INSERT INTO pt_lt_tab SELECT i, i,'b',True FROM generate_series(4,6)i;
INSERT INTO pt_lt_tab SELECT i, i,'c',True FROM generate_series(7,10)i;
INSERT INTO pt_lt_tab SELECT i, i,'e',True FROM generate_series(11,13)i;
INSERT INTO pt_lt_tab SELECT i, i,'f',True FROM generate_series(14,16)i;
INSERT INTO pt_lt_tab SELECT i, i,'g',True FROM generate_series(17,20)i;
INSERT INTO pt_lt_tab SELECT i, i,'i',False FROM generate_series(21,23)i;
INSERT INTO pt_lt_tab SELECT i, i,'k',False FROM generate_series(24,26)i;
INSERT INTO pt_lt_tab SELECT i, i,'h',False FROM generate_series(27,30)i;
INSERT INTO pt_lt_tab SELECT i, i,'m',False FROM generate_series(31,33)i;
INSERT INTO pt_lt_tab SELECT i, i,'o',False FROM generate_series(34,36)i;
INSERT INTO pt_lt_tab SELECT i, i,'n',False FROM generate_series(37,40)i;
INSERT INTO pt_lt_tab SELECT i, i,'p',False FROM generate_series(41,43)i;
INSERT INTO pt_lt_tab SELECT i, i,'s',False FROM generate_series(44,46)i;
INSERT INTO pt_lt_tab SELECT i, i,'q',False FROM generate_series(47,50)i;
ANALYZE pt_lt_tab;
-- pt_lt_tab_df is the same as pt_lt_tab, but with a default partition (and some
-- values in the default partition, including NULLs).
CREATE TABLE pt_lt_tab_df
(
  col1 int,
  col2 decimal,
  col3 text,
  col4 bool
)
distributed by (col1)
partition by list(col2)
(
  partition part1 VALUES(1,2,3,4,5,6,7,8,9,10),
  partition part2 VALUES(11,12,13,14,15,16,17,18,19,20),
  partition part3 VALUES(21,22,23,24,25,26,27,28,29,30),
  partition part4 VALUES(31,32,33,34,35,36,37,38,39,40),
  partition part5 VALUES(41,42,43,44,45,46,47,48,49,50),
  default partition def
);
INSERT INTO pt_lt_tab_df SELECT i, i,'a',True FROM generate_series(1,3)i;
INSERT INTO pt_lt_tab_df SELECT i, i,'b',True FROM generate_series(4,6)i;
INSERT INTO pt_lt_tab_df SELECT i, i,'c',True FROM generate_series(7,10)i;
INSERT INTO pt_lt_tab_df SELECT i, i,'e',True FROM generate_series(11,13)i;
INSERT INTO pt_lt_tab_df SELECT i, i,'f',True FROM generate_series(14,16)i;
INSERT INTO pt_lt_tab_df SELECT i, i,'g',True FROM generate_series(17,20)i;
INSERT INTO pt_lt_tab_df SELECT i, i,'i',False FROM generate_series(21,23)i;
INSERT INTO pt_lt_tab_df SELECT i, i,'k',False FROM generate_series(24,26)i;
INSERT INTO pt_lt_tab_df SELECT i, i,'h',False FROM generate_series(27,30)i;
INSERT INTO pt_lt_tab_df SELECT i, i,'m',False FROM generate_series(31,33)i;
INSERT INTO pt_lt_tab_df SELECT i, i,'o',False FROM generate_series(34,36)i;
INSERT INTO pt_lt_tab_df SELECT i, i,'n',False FROM generate_series(37,40)i;
INSERT INTO pt_lt_tab_df SELECT i, i,'p',False FROM generate_series(41,43)i;
INSERT INTO pt_lt_tab_df SELECT i, i,'s',False FROM generate_series(44,46)i;
INSERT INTO pt_lt_tab_df SELECT i, i,'q',False FROM generate_series(47,50)i;
INSERT INTO pt_lt_tab_df SELECT i, i,'u',True FROM generate_series(51,53)i;
INSERT INTO pt_lt_tab_df SELECT i, i,'x',True FROM generate_series(54,56)i;
INSERT INTO pt_lt_tab_df SELECT i, i,'w',True FROM generate_series(57,60)i;
INSERT INTO pt_lt_tab_df VALUES(NULL,NULL,NULL,NULL);
INSERT INTO pt_lt_tab_df VALUES(NULL,NULL,NULL,NULL);
INSERT INTO pt_lt_tab_df VALUES(NULL,NULL,NULL,NULL);
ANALYZE pt_lt_tab_df;
--
-- Test that stable functions are evaluated when constructing the plan. This
-- differs from PostgreSQL. In PostgreSQL, PREPARE/EXECUTE creates a reusable
-- plan, while in GPDB, we re-plan the query on every execution, so that the
-- stable function is executed during planning, and we can therefore do
-- partition pruning based on its result.
--
create or replace function stabletestfunc() returns integer as $$
begin
  return 10;
end;
$$ language plpgsql stable;
PREPARE prep_prune AS select * from pt_lt_tab WHERE col2 = stabletestfunc();
-- The plan should only scan one partition, where col2 = 10.
EXPLAIN EXECUTE prep_prune;
                                  QUERY PLAN                                   
-------------------------------------------------------------------------------
 Gather Motion 3:1  (slice1; segments: 3)  (cost=0.00..431.00 rows=2 width=12)
   ->  Dynamic Seq Scan on pt_lt_tab  (cost=0.00..431.00 rows=1 width=12)
         Number of partitions to scan: 1 
         Filter: (col2 = '10'::numeric)
 Optimizer: Pivotal Optimizer (GPORCA)
(5 rows)

-- Also test that Params are const-evaluated.
PREPARE prep_prune_param AS select * from pt_lt_tab WHERE col2 = $1;
EXPLAIN EXECUTE prep_prune_param(10);
                                  QUERY PLAN                                   
-------------------------------------------------------------------------------
 Gather Motion 3:1  (slice1; segments: 3)  (cost=0.00..431.00 rows=2 width=12)
   ->  Dynamic Seq Scan on pt_lt_tab  (cost=0.00..431.00 rows=1 width=12)
         Number of partitions to scan: 1 
         Filter: (col2 = '10'::numeric)
 Optimizer: Pivotal Optimizer (GPORCA)
(5 rows)

-- @description B-tree single index key = non-partitioning key
CREATE INDEX idx1 on pt_lt_tab(col1);
SELECT * FROM pt_lt_tab WHERE col1 < 10 ORDER BY col2,col3 LIMIT 5;
 col1 | col2 | col3 | col4 
------+------+------+------
    1 |    1 | a    | t
    2 |    2 | a    | t
    3 |    3 | a    | t
    4 |    4 | b    | t
    5 |    5 | b    | t
(5 rows)

EXPLAIN SELECT * FROM pt_lt_tab WHERE col1 < 10 ORDER BY col2,col3 LIMIT 5;
                                             QUERY PLAN                                             
----------------------------------------------------------------------------------------------------
 Limit  (cost=0.00..6.00 rows=5 width=12)
   ->  Gather Motion 3:1  (slice1; segments: 3)  (cost=0.00..6.00 rows=5 width=12)
         Merge Key: col2, col3
         ->  Limit  (cost=0.00..6.00 rows=2 width=12)
               ->  Sort  (cost=0.00..6.00 rows=4 width=12)
                     Sort Key: col2, col3
                     ->  Dynamic Index Scan on idx1 on pt_lt_tab  (cost=0.00..6.00 rows=4 width=12)
                           Index Cond: (col1 < 10)
                           Number of partitions to scan: 5 
 Optimizer: Pivotal Optimizer (GPORCA)
(10 rows)

SELECT * FROM pt_lt_tab WHERE col1 > 50 ORDER BY col2,col3 LIMIT 5;
 col1 | col2 | col3 | col4 
------+------+------+------
(0 rows)

EXPLAIN SELECT * FROM pt_lt_tab WHERE col1 > 50 ORDER BY col2,col3 LIMIT 5;
                                          QUERY PLAN                                          
----------------------------------------------------------------------------------------------
 Limit  (cost=0.00..6.00 rows=1 width=12)
   ->  Gather Motion 3:1  (slice1; segments: 3)  (cost=0.00..6.00 rows=1 width=12)
         Merge Key: col2, col3
         ->  Sort  (cost=0.00..6.00 rows=1 width=12)
               Sort Key: col2, col3
               ->  Dynamic Index Scan on idx1 on pt_lt_tab  (cost=0.00..6.00 rows=1 width=12)
                     Index Cond: (col1 > 50)
                     Number of partitions to scan: 5 
 Optimizer: Pivotal Optimizer (GPORCA)
(9 rows)

SELECT * FROM pt_lt_tab WHERE col1 = 25 ORDER BY col2,col3 LIMIT 5;
 col1 | col2 | col3 | col4 
------+------+------+------
   25 |   25 | k    | f
(1 row)

EXPLAIN SELECT * FROM pt_lt_tab WHERE col1 = 25 ORDER BY col2,col3 LIMIT 5;
                                          QUERY PLAN                                          
----------------------------------------------------------------------------------------------
 Limit  (cost=0.00..6.00 rows=1 width=12)
   ->  Gather Motion 1:1  (slice1; segments: 1)  (cost=0.00..6.00 rows=1 width=12)
         Merge Key: col2, col3
         ->  Sort  (cost=0.00..6.00 rows=1 width=12)
               Sort Key: col2, col3
               ->  Dynamic Index Scan on idx1 on pt_lt_tab  (cost=0.00..6.00 rows=1 width=12)
                     Index Cond: (col1 = 25)
                     Number of partitions to scan: 5 
 Optimizer: Pivotal Optimizer (GPORCA)
(9 rows)

SELECT * FROM pt_lt_tab WHERE col1 <> 10 ORDER BY col2,col3 LIMIT 5;
 col1 | col2 | col3 | col4 
------+------+------+------
    1 |    1 | a    | t
    2 |    2 | a    | t
    3 |    3 | a    | t
    4 |    4 | b    | t
    5 |    5 | b    | t
(5 rows)

EXPLAIN SELECT * FROM pt_lt_tab WHERE col1 <> 10 ORDER BY col2,col3 LIMIT 5;
                                         QUERY PLAN                                          
---------------------------------------------------------------------------------------------
 Limit  (cost=0.00..431.01 rows=5 width=12)
   ->  Gather Motion 3:1  (slice1; segments: 3)  (cost=0.00..431.01 rows=5 width=12)
         Merge Key: col2, col3
         ->  Limit  (cost=0.00..431.01 rows=2 width=12)
               ->  Sort  (cost=0.00..431.01 rows=17 width=12)
                     Sort Key: col2, col3
                     ->  Dynamic Seq Scan on pt_lt_tab  (cost=0.00..431.00 rows=17 width=12)
                           Number of partitions to scan: 5 
                           Filter: (col1 <> 10)
 Optimizer: Pivotal Optimizer (GPORCA)
(10 rows)

SELECT * FROM pt_lt_tab WHERE col1 > 10 AND col1 < 50 ORDER BY col2,col3 LIMIT 5;
 col1 | col2 | col3 | col4 
------+------+------+------
   11 |   11 | e    | t
   12 |   12 | e    | t
   13 |   13 | e    | t
   14 |   14 | f    | t
   15 |   15 | f    | t
(5 rows)

EXPLAIN SELECT * FROM pt_lt_tab WHERE col1 > 10 AND col1 < 50 ORDER BY col2,col3 LIMIT 5;
                                             QUERY PLAN                                              
-----------------------------------------------------------------------------------------------------
 Limit  (cost=0.00..6.01 rows=5 width=12)
   ->  Gather Motion 3:1  (slice1; segments: 3)  (cost=0.00..6.01 rows=5 width=12)
         Merge Key: col2, col3
         ->  Limit  (cost=0.00..6.01 rows=2 width=12)
               ->  Sort  (cost=0.00..6.01 rows=13 width=12)
                     Sort Key: col2, col3
                     ->  Dynamic Index Scan on idx1 on pt_lt_tab  (cost=0.00..6.00 rows=13 width=12)
                           Index Cond: ((col1 > 10) AND (col1 < 50))
                           Number of partitions to scan: 5 
 Optimizer: Pivotal Optimizer (GPORCA)
(10 rows)

SELECT * FROM pt_lt_tab WHERE col1 > 10 OR col1 = 25 ORDER BY col2,col3 LIMIT 5;
 col1 | col2 | col3 | col4 
------+------+------+------
   11 |   11 | e    | t
   12 |   12 | e    | t
   13 |   13 | e    | t
   14 |   14 | f    | t
   15 |   15 | f    | t
(5 rows)

EXPLAIN SELECT * FROM pt_lt_tab WHERE col1 > 10 OR col1 = 25 ORDER BY col2,col3 LIMIT 5;
                                         QUERY PLAN                                          
---------------------------------------------------------------------------------------------
 Limit  (cost=0.00..431.00 rows=5 width=12)
   ->  Gather Motion 3:1  (slice1; segments: 3)  (cost=0.00..431.00 rows=5 width=12)
         Merge Key: col2, col3
         ->  Limit  (cost=0.00..431.00 rows=2 width=12)
               ->  Sort  (cost=0.00..431.00 rows=14 width=12)
                     Sort Key: col2, col3
                     ->  Dynamic Seq Scan on pt_lt_tab  (cost=0.00..431.00 rows=14 width=12)
                           Number of partitions to scan: 5 
                           Filter: ((col1 > 10) OR (col1 = 25))
 Optimizer: Pivotal Optimizer (GPORCA)
(10 rows)

SELECT * FROM pt_lt_tab WHERE col1 between 10 AND 25 ORDER BY col2,col3 LIMIT 5;
 col1 | col2 | col3 | col4 
------+------+------+------
   10 |   10 | c    | t
   11 |   11 | e    | t
   12 |   12 | e    | t
   13 |   13 | e    | t
   14 |   14 | f    | t
(5 rows)

EXPLAIN SELECT * FROM pt_lt_tab WHERE col1 between 10 AND 25 ORDER BY col2,col3 LIMIT 5;
                                             QUERY PLAN                                             
----------------------------------------------------------------------------------------------------
 Limit  (cost=0.00..6.00 rows=5 width=12)
   ->  Gather Motion 3:1  (slice1; segments: 3)  (cost=0.00..6.00 rows=5 width=12)
         Merge Key: col2, col3
         ->  Limit  (cost=0.00..6.00 rows=2 width=12)
               ->  Sort  (cost=0.00..6.00 rows=6 width=12)
                     Sort Key: col2, col3
                     ->  Dynamic Index Scan on idx1 on pt_lt_tab  (cost=0.00..6.00 rows=6 width=12)
                           Index Cond: ((col1 >= 10) AND (col1 <= 25))
                           Number of partitions to scan: 5 
 Optimizer: Pivotal Optimizer (GPORCA)
(10 rows)

DROP INDEX idx1;
-- @description B-tree single index key = partitioning key
CREATE INDEX idx1 on pt_lt_tab(col2);
SELECT * FROM pt_lt_tab WHERE col2 < 10 ORDER BY col2,col3 LIMIT 5;
 col1 | col2 | col3 | col4 
------+------+------+------
    1 |    1 | a    | t
    2 |    2 | a    | t
    3 |    3 | a    | t
    4 |    4 | b    | t
    5 |    5 | b    | t
(5 rows)

EXPLAIN SELECT * FROM pt_lt_tab WHERE col2 < 10 ORDER BY col2,col3 LIMIT 5;
                                             QUERY PLAN                                             
----------------------------------------------------------------------------------------------------
 Limit  (cost=0.00..6.00 rows=5 width=12)
   ->  Gather Motion 3:1  (slice1; segments: 3)  (cost=0.00..6.00 rows=5 width=12)
         Merge Key: col2, col3
         ->  Limit  (cost=0.00..6.00 rows=2 width=12)
               ->  Sort  (cost=0.00..6.00 rows=4 width=12)
                     Sort Key: col2, col3
                     ->  Dynamic Index Scan on idx1 on pt_lt_tab  (cost=0.00..6.00 rows=4 width=12)
                           Index Cond: (col2 < '10'::numeric)
                           Number of partitions to scan: 1 
 Optimizer: Pivotal Optimizer (GPORCA)
(10 rows)

SELECT * FROM pt_lt_tab WHERE col2 > 50 ORDER BY col2,col3 LIMIT 5;
 col1 | col2 | col3 | col4 
------+------+------+------
(0 rows)

EXPLAIN SELECT * FROM pt_lt_tab WHERE col2 > 50 ORDER BY col2,col3 LIMIT 5;
                         QUERY PLAN                          
-------------------------------------------------------------
 Limit  (cost=0.00..0.00 rows=0 width=21)
   ->  Result  (cost=0.00..0.00 rows=0 width=21)
         ->  Sort  (cost=0.00..0.00 rows=0 width=21)
               Sort Key: (NULL::numeric), (NULL::text)
               ->  Result  (cost=0.00..0.00 rows=0 width=21)
                     One-Time Filter: false
 Optimizer: Pivotal Optimizer (GPORCA)
(7 rows)

SELECT * FROM pt_lt_tab WHERE col2 = 25 ORDER BY col2,col3 LIMIT 5;
 col1 | col2 | col3 | col4 
------+------+------+------
   25 |   25 | k    | f
(1 row)

EXPLAIN SELECT * FROM pt_lt_tab WHERE col2 = 25 ORDER BY col2,col3 LIMIT 5;
                                          QUERY PLAN                                          
----------------------------------------------------------------------------------------------
 Limit  (cost=0.00..6.00 rows=2 width=12)
   ->  Gather Motion 3:1  (slice1; segments: 3)  (cost=0.00..6.00 rows=2 width=12)
         Merge Key: col2, col3
         ->  Sort  (cost=0.00..6.00 rows=1 width=12)
               Sort Key: col2, col3
               ->  Dynamic Index Scan on idx1 on pt_lt_tab  (cost=0.00..6.00 rows=1 width=12)
                     Index Cond: (col2 = '25'::numeric)
                     Number of partitions to scan: 1 
 Optimizer: Pivotal Optimizer (GPORCA)
(9 rows)

SELECT * FROM pt_lt_tab WHERE col2 <> 10 ORDER BY col2,col3 LIMIT 5;
 col1 | col2 | col3 | col4 
------+------+------+------
    1 |    1 | a    | t
    2 |    2 | a    | t
    3 |    3 | a    | t
    4 |    4 | b    | t
    5 |    5 | b    | t
(5 rows)

EXPLAIN SELECT * FROM pt_lt_tab WHERE col2 <> 10 ORDER BY col2,col3 LIMIT 5;
                                         QUERY PLAN                                          
---------------------------------------------------------------------------------------------
 Limit  (cost=0.00..431.01 rows=5 width=12)
   ->  Gather Motion 3:1  (slice1; segments: 3)  (cost=0.00..431.01 rows=5 width=12)
         Merge Key: col2, col3
         ->  Limit  (cost=0.00..431.01 rows=2 width=12)
               ->  Sort  (cost=0.00..431.01 rows=16 width=12)
                     Sort Key: col2, col3
                     ->  Dynamic Seq Scan on pt_lt_tab  (cost=0.00..431.00 rows=16 width=12)
                           Number of partitions to scan: 5 
                           Filter: (col2 <> '10'::numeric)
 Optimizer: Pivotal Optimizer (GPORCA)
(10 rows)

SELECT * FROM pt_lt_tab WHERE col2 > 10 AND col2 < 50 ORDER BY col2,col3 LIMIT 5;
 col1 | col2 | col3 | col4 
------+------+------+------
   11 |   11 | e    | t
   12 |   12 | e    | t
   13 |   13 | e    | t
   14 |   14 | f    | t
   15 |   15 | f    | t
(5 rows)

EXPLAIN SELECT * FROM pt_lt_tab WHERE col2 > 10 AND col2 < 50 ORDER BY col2,col3 LIMIT 5;
                                             QUERY PLAN                                              
-----------------------------------------------------------------------------------------------------
 Limit  (cost=0.00..6.01 rows=5 width=12)
   ->  Gather Motion 3:1  (slice1; segments: 3)  (cost=0.00..6.01 rows=5 width=12)
         Merge Key: col2, col3
         ->  Limit  (cost=0.00..6.01 rows=2 width=12)
               ->  Sort  (cost=0.00..6.01 rows=12 width=12)
                     Sort Key: col2, col3
                     ->  Dynamic Index Scan on idx1 on pt_lt_tab  (cost=0.00..6.00 rows=13 width=12)
                           Index Cond: ((col2 > '10'::numeric) AND (col2 < '50'::numeric))
                           Number of partitions to scan: 4 
 Optimizer: Pivotal Optimizer (GPORCA)
(10 rows)

SELECT * FROM pt_lt_tab WHERE col2 > 10 OR col2 = 50 ORDER BY col2,col3 LIMIT 5;
 col1 | col2 | col3 | col4 
------+------+------+------
   11 |   11 | e    | t
   12 |   12 | e    | t
   13 |   13 | e    | t
   14 |   14 | f    | t
   15 |   15 | f    | t
(5 rows)

EXPLAIN SELECT * FROM pt_lt_tab WHERE col2 > 10 OR col2 = 50 ORDER BY col2,col3 LIMIT 5;
                                         QUERY PLAN                                          
---------------------------------------------------------------------------------------------
 Limit  (cost=0.00..431.00 rows=5 width=12)
   ->  Gather Motion 3:1  (slice1; segments: 3)  (cost=0.00..431.00 rows=5 width=12)
         Merge Key: col2, col3
         ->  Limit  (cost=0.00..431.00 rows=2 width=12)
               ->  Sort  (cost=0.00..431.00 rows=13 width=12)
                     Sort Key: col2, col3
                     ->  Dynamic Seq Scan on pt_lt_tab  (cost=0.00..431.00 rows=13 width=12)
                           Number of partitions to scan: 4 
                           Filter: ((col2 > '10'::numeric) OR (col2 = '50'::numeric))
 Optimizer: Pivotal Optimizer (GPORCA)
(10 rows)

SELECT * FROM pt_lt_tab WHERE col2 between 10 AND 50 ORDER BY col2,col3 LIMIT 5;
 col1 | col2 | col3 | col4 
------+------+------+------
   10 |   10 | c    | t
   11 |   11 | e    | t
   12 |   12 | e    | t
   13 |   13 | e    | t
   14 |   14 | f    | t
(5 rows)

EXPLAIN SELECT * FROM pt_lt_tab WHERE col2 between 10 AND 50 ORDER BY col2,col3 LIMIT 5;
                                             QUERY PLAN                                              
-----------------------------------------------------------------------------------------------------
 Limit  (cost=0.00..6.01 rows=5 width=12)
   ->  Gather Motion 3:1  (slice1; segments: 3)  (cost=0.00..6.01 rows=5 width=12)
         Merge Key: col2, col3
         ->  Limit  (cost=0.00..6.01 rows=2 width=12)
               ->  Sort  (cost=0.00..6.01 rows=13 width=12)
                     Sort Key: col2, col3
                     ->  Dynamic Index Scan on idx1 on pt_lt_tab  (cost=0.00..6.00 rows=14 width=12)
                           Index Cond: ((col2 >= '10'::numeric) AND (col2 <= '50'::numeric))
                           Number of partitions to scan: 5 
 Optimizer: Pivotal Optimizer (GPORCA)
(10 rows)

DROP INDEX idx1;
-- @description multiple column b-tree index
CREATE INDEX idx1 on pt_lt_tab(col1,col2);
SELECT * FROM pt_lt_tab WHERE col1 < 10 ORDER BY col2,col3 LIMIT 5;
 col1 | col2 | col3 | col4 
------+------+------+------
    1 |    1 | a    | t
    2 |    2 | a    | t
    3 |    3 | a    | t
    4 |    4 | b    | t
    5 |    5 | b    | t
(5 rows)

EXPLAIN SELECT * FROM pt_lt_tab WHERE col1 < 10 ORDER BY col2,col3 LIMIT 5;
                                             QUERY PLAN                                             
----------------------------------------------------------------------------------------------------
 Limit  (cost=0.00..6.00 rows=5 width=12)
   ->  Gather Motion 3:1  (slice1; segments: 3)  (cost=0.00..6.00 rows=5 width=12)
         Merge Key: col2, col3
         ->  Limit  (cost=0.00..6.00 rows=2 width=12)
               ->  Sort  (cost=0.00..6.00 rows=4 width=12)
                     Sort Key: col2, col3
                     ->  Dynamic Index Scan on idx1 on pt_lt_tab  (cost=0.00..6.00 rows=4 width=12)
                           Index Cond: (col1 < 10)
                           Number of partitions to scan: 5 
 Optimizer: Pivotal Optimizer (GPORCA)
(10 rows)

SELECT * FROM pt_lt_tab WHERE col1 > 50 ORDER BY col2,col3 LIMIT 5;
 col1 | col2 | col3 | col4 
------+------+------+------
(0 rows)

EXPLAIN SELECT * FROM pt_lt_tab WHERE col1 > 50 ORDER BY col2,col3 LIMIT 5;
                                          QUERY PLAN                                          
----------------------------------------------------------------------------------------------
 Limit  (cost=0.00..6.00 rows=1 width=12)
   ->  Gather Motion 3:1  (slice1; segments: 3)  (cost=0.00..6.00 rows=1 width=12)
         Merge Key: col2, col3
         ->  Sort  (cost=0.00..6.00 rows=1 width=12)
               Sort Key: col2, col3
               ->  Dynamic Index Scan on idx1 on pt_lt_tab  (cost=0.00..6.00 rows=1 width=12)
                     Index Cond: (col1 > 50)
                     Number of partitions to scan: 5 
 Optimizer: Pivotal Optimizer (GPORCA)
(9 rows)

SELECT * FROM pt_lt_tab WHERE col2 = 25 ORDER BY col2,col3 LIMIT 5;
 col1 | col2 | col3 | col4 
------+------+------+------
   25 |   25 | k    | f
(1 row)

EXPLAIN SELECT * FROM pt_lt_tab WHERE col2 = 25 ORDER BY col2,col3 LIMIT 5;
                                          QUERY PLAN                                          
----------------------------------------------------------------------------------------------
 Limit  (cost=0.00..6.00 rows=2 width=12)
   ->  Gather Motion 3:1  (slice1; segments: 3)  (cost=0.00..6.00 rows=2 width=12)
         Merge Key: col2, col3
         ->  Sort  (cost=0.00..6.00 rows=1 width=12)
               Sort Key: col2, col3
               ->  Dynamic Index Scan on idx1 on pt_lt_tab  (cost=0.00..6.00 rows=1 width=12)
                     Index Cond: (col2 = '25'::numeric)
                     Number of partitions to scan: 1 
 Optimizer: Pivotal Optimizer (GPORCA)
(9 rows)

SELECT * FROM pt_lt_tab WHERE col2 <> 10 ORDER BY col2,col3 LIMIT 5;
 col1 | col2 | col3 | col4 
------+------+------+------
    1 |    1 | a    | t
    2 |    2 | a    | t
    3 |    3 | a    | t
    4 |    4 | b    | t
    5 |    5 | b    | t
(5 rows)

EXPLAIN SELECT * FROM pt_lt_tab WHERE col2 <> 10 ORDER BY col2,col3 LIMIT 5;
                                         QUERY PLAN                                          
---------------------------------------------------------------------------------------------
 Limit  (cost=0.00..431.01 rows=5 width=12)
   ->  Gather Motion 3:1  (slice1; segments: 3)  (cost=0.00..431.01 rows=5 width=12)
         Merge Key: col2, col3
         ->  Limit  (cost=0.00..431.01 rows=2 width=12)
               ->  Sort  (cost=0.00..431.01 rows=16 width=12)
                     Sort Key: col2, col3
                     ->  Dynamic Seq Scan on pt_lt_tab  (cost=0.00..431.00 rows=16 width=12)
                           Number of partitions to scan: 5 
                           Filter: (col2 <> '10'::numeric)
 Optimizer: Pivotal Optimizer (GPORCA)
(10 rows)

SELECT * FROM pt_lt_tab WHERE col2 > 10 AND col1 = 10 ORDER BY col2,col3 LIMIT 5;
 col1 | col2 | col3 | col4 
------+------+------+------
(0 rows)

EXPLAIN SELECT * FROM pt_lt_tab WHERE col2 > 10 AND col1 = 10 ORDER BY col2,col3 LIMIT 5;
                                          QUERY PLAN                                          
----------------------------------------------------------------------------------------------
 Limit  (cost=0.00..6.00 rows=1 width=12)
   ->  Gather Motion 1:1  (slice1; segments: 1)  (cost=0.00..6.00 rows=1 width=12)
         Merge Key: col2, col3
         ->  Sort  (cost=0.00..6.00 rows=1 width=12)
               Sort Key: col2, col3
               ->  Dynamic Index Scan on idx1 on pt_lt_tab  (cost=0.00..6.00 rows=1 width=12)
                     Index Cond: ((col1 = 10) AND (col2 > '10'::numeric))
                     Number of partitions to scan: 4 
 Optimizer: Pivotal Optimizer (GPORCA)
(9 rows)

SELECT * FROM pt_lt_tab WHERE col2 > 10.00 OR col1 = 50 ORDER BY col2,col3 LIMIT 5;
 col1 | col2 | col3 | col4 
------+------+------+------
   11 |   11 | e    | t
   12 |   12 | e    | t
   13 |   13 | e    | t
   14 |   14 | f    | t
   15 |   15 | f    | t
(5 rows)

EXPLAIN SELECT * FROM pt_lt_tab WHERE col2 > 10.00 OR col1 = 50 ORDER BY col2,col3 LIMIT 5;
                                         QUERY PLAN                                          
---------------------------------------------------------------------------------------------
 Limit  (cost=0.00..431.01 rows=5 width=12)
   ->  Gather Motion 3:1  (slice1; segments: 3)  (cost=0.00..431.01 rows=5 width=12)
         Merge Key: col2, col3
         ->  Limit  (cost=0.00..431.01 rows=2 width=12)
               ->  Sort  (cost=0.00..431.01 rows=14 width=12)
                     Sort Key: col2, col3
                     ->  Dynamic Seq Scan on pt_lt_tab  (cost=0.00..431.00 rows=14 width=12)
                           Number of partitions to scan: 5 
                           Filter: ((col2 > 10.00) OR (col1 = 50))
 Optimizer: Pivotal Optimizer (GPORCA)
(10 rows)

SELECT * FROM pt_lt_tab WHERE col2 between 10 AND 50 ORDER BY col2,col3 LIMIT 5;
 col1 | col2 | col3 | col4 
------+------+------+------
   10 |   10 | c    | t
   11 |   11 | e    | t
   12 |   12 | e    | t
   13 |   13 | e    | t
   14 |   14 | f    | t
(5 rows)

EXPLAIN SELECT * FROM pt_lt_tab WHERE col2 between 10 AND 50 ORDER BY col2,col3 LIMIT 5;
                                             QUERY PLAN                                              
-----------------------------------------------------------------------------------------------------
 Limit  (cost=0.00..6.01 rows=5 width=12)
   ->  Gather Motion 3:1  (slice1; segments: 3)  (cost=0.00..6.01 rows=5 width=12)
         Merge Key: col2, col3
         ->  Limit  (cost=0.00..6.01 rows=2 width=12)
               ->  Sort  (cost=0.00..6.01 rows=13 width=12)
                     Sort Key: col2, col3
                     ->  Dynamic Index Scan on idx1 on pt_lt_tab  (cost=0.00..6.01 rows=14 width=12)
                           Index Cond: ((col2 >= '10'::numeric) AND (col2 <= '50'::numeric))
                           Number of partitions to scan: 5 
 Optimizer: Pivotal Optimizer (GPORCA)
(10 rows)

DROP INDEX idx1;
-- @description multi-column unique constraint (= b-tree index). Essentially the
-- same as the previous case, but the columns are the other way 'round, and we
-- do this on the table with default partition.
ALTER TABLE pt_lt_tab_df ADD CONSTRAINT col2_col1_unique unique(col2,col1);
SELECT * FROM pt_lt_tab_df WHERE col1 < 10 ORDER BY col2,col3 LIMIT 5;
 col1 | col2 | col3 | col4 
------+------+------+------
    1 |    1 | a    | t
    2 |    2 | a    | t
    3 |    3 | a    | t
    4 |    4 | b    | t
    5 |    5 | b    | t
(5 rows)

EXPLAIN SELECT * FROM pt_lt_tab_df WHERE col1 < 10 ORDER BY col2,col3 LIMIT 5;
                                                    QUERY PLAN                                                     
-------------------------------------------------------------------------------------------------------------------
 Limit  (cost=0.00..6.00 rows=5 width=12)
   ->  Gather Motion 3:1  (slice1; segments: 3)  (cost=0.00..6.00 rows=5 width=12)
         Merge Key: col2, col3
         ->  Limit  (cost=0.00..6.00 rows=2 width=12)
               ->  Sort  (cost=0.00..6.00 rows=4 width=12)
                     Sort Key: col2, col3
                     ->  Dynamic Index Scan on col2_col1_unique on pt_lt_tab_df  (cost=0.00..6.00 rows=4 width=12)
                           Index Cond: (col1 < 10)
                           Number of partitions to scan: 6 
 Optimizer: Pivotal Optimizer (GPORCA)
(10 rows)

SELECT * FROM pt_lt_tab_df WHERE col1 > 50 ORDER BY col2,col3 LIMIT 5;
 col1 | col2 | col3 | col4 
------+------+------+------
   51 |   51 | u    | t
   52 |   52 | u    | t
   53 |   53 | u    | t
   54 |   54 | x    | t
   55 |   55 | x    | t
(5 rows)

EXPLAIN SELECT * FROM pt_lt_tab_df WHERE col1 > 50 ORDER BY col2,col3 LIMIT 5;
                                                    QUERY PLAN                                                     
-------------------------------------------------------------------------------------------------------------------
 Limit  (cost=0.00..6.00 rows=5 width=12)
   ->  Gather Motion 3:1  (slice1; segments: 3)  (cost=0.00..6.00 rows=5 width=12)
         Merge Key: col2, col3
         ->  Limit  (cost=0.00..6.00 rows=2 width=12)
               ->  Sort  (cost=0.00..6.00 rows=4 width=12)
                     Sort Key: col2, col3
                     ->  Dynamic Index Scan on col2_col1_unique on pt_lt_tab_df  (cost=0.00..6.00 rows=4 width=12)
                           Index Cond: (col1 > 50)
                           Number of partitions to scan: 6 
 Optimizer: Pivotal Optimizer (GPORCA)
(10 rows)

SELECT * FROM pt_lt_tab_df WHERE col2 = 25 ORDER BY col2,col3 LIMIT 5;
 col1 | col2 | col3 | col4 
------+------+------+------
   25 |   25 | k    | f
(1 row)

EXPLAIN SELECT * FROM pt_lt_tab_df WHERE col2 = 25 ORDER BY col2,col3 LIMIT 5;
                                                 QUERY PLAN                                                  
-------------------------------------------------------------------------------------------------------------
 Limit  (cost=0.00..6.00 rows=2 width=12)
   ->  Gather Motion 3:1  (slice1; segments: 3)  (cost=0.00..6.00 rows=2 width=12)
         Merge Key: col2, col3
         ->  Sort  (cost=0.00..6.00 rows=1 width=12)
               Sort Key: col2, col3
               ->  Dynamic Index Scan on col2_col1_unique on pt_lt_tab_df  (cost=0.00..6.00 rows=1 width=12)
                     Index Cond: (col2 = '25'::numeric)
                     Number of partitions to scan: 1 
 Optimizer: Pivotal Optimizer (GPORCA)
(9 rows)

SELECT * FROM pt_lt_tab_df WHERE col2 <> 10 ORDER BY col2,col3 LIMIT 5;
 col1 | col2 | col3 | col4 
------+------+------+------
    1 |    1 | a    | t
    2 |    2 | a    | t
    3 |    3 | a    | t
    4 |    4 | b    | t
    5 |    5 | b    | t
(5 rows)

EXPLAIN SELECT * FROM pt_lt_tab_df WHERE col2 <> 10 ORDER BY col2,col3 LIMIT 5;
                                           QUERY PLAN                                           
------------------------------------------------------------------------------------------------
 Limit  (cost=0.00..431.01 rows=5 width=12)
   ->  Gather Motion 3:1  (slice1; segments: 3)  (cost=0.00..431.01 rows=5 width=12)
         Merge Key: col2, col3
         ->  Limit  (cost=0.00..431.01 rows=2 width=12)
               ->  Sort  (cost=0.00..431.01 rows=20 width=12)
                     Sort Key: col2, col3
                     ->  Dynamic Seq Scan on pt_lt_tab_df  (cost=0.00..431.00 rows=20 width=12)
                           Number of partitions to scan: 6 
                           Filter: (col2 <> '10'::numeric)
 Optimizer: Pivotal Optimizer (GPORCA)
(10 rows)

SELECT * FROM pt_lt_tab_df WHERE col2 > 10 AND col1 = 10 ORDER BY col2,col3 LIMIT 5;
 col1 | col2 | col3 | col4 
------+------+------+------
(0 rows)

EXPLAIN SELECT * FROM pt_lt_tab_df WHERE col2 > 10 AND col1 = 10 ORDER BY col2,col3 LIMIT 5;
                                                 QUERY PLAN                                                  
-------------------------------------------------------------------------------------------------------------
 Limit  (cost=0.00..6.00 rows=1 width=12)
   ->  Gather Motion 1:1  (slice1; segments: 1)  (cost=0.00..6.00 rows=1 width=12)
         Merge Key: col2, col3
         ->  Sort  (cost=0.00..6.00 rows=1 width=12)
               Sort Key: col2, col3
               ->  Dynamic Index Scan on col2_col1_unique on pt_lt_tab_df  (cost=0.00..6.00 rows=1 width=12)
                     Index Cond: ((col2 > '10'::numeric) AND (col1 = 10))
                     Number of partitions to scan: 5 
 Optimizer: Pivotal Optimizer (GPORCA)
(9 rows)

SELECT * FROM pt_lt_tab_df WHERE col2 > 10.00 OR col1 = 50 ORDER BY col2,col3 LIMIT 5;
 col1 | col2 | col3 | col4 
------+------+------+------
   11 |   11 | e    | t
   12 |   12 | e    | t
   13 |   13 | e    | t
   14 |   14 | f    | t
   15 |   15 | f    | t
(5 rows)

EXPLAIN SELECT * FROM pt_lt_tab_df WHERE col2 > 10.00 OR col1 = 50 ORDER BY col2,col3 LIMIT 5;
                                           QUERY PLAN                                           
------------------------------------------------------------------------------------------------
 Limit  (cost=0.00..431.01 rows=5 width=12)
   ->  Gather Motion 3:1  (slice1; segments: 3)  (cost=0.00..431.01 rows=5 width=12)
         Merge Key: col2, col3
         ->  Limit  (cost=0.00..431.01 rows=2 width=12)
               ->  Sort  (cost=0.00..431.01 rows=17 width=12)
                     Sort Key: col2, col3
                     ->  Dynamic Seq Scan on pt_lt_tab_df  (cost=0.00..431.00 rows=17 width=12)
                           Number of partitions to scan: 6 
                           Filter: ((col2 > 10.00) OR (col1 = 50))
 Optimizer: Pivotal Optimizer (GPORCA)
(10 rows)

SELECT * FROM pt_lt_tab_df WHERE col2 between 10 AND 50 ORDER BY col2,col3 LIMIT 5;
 col1 | col2 | col3 | col4 
------+------+------+------
   10 |   10 | c    | t
   11 |   11 | e    | t
   12 |   12 | e    | t
   13 |   13 | e    | t
   14 |   14 | f    | t
(5 rows)

EXPLAIN SELECT * FROM pt_lt_tab_df WHERE col2 between 10 AND 50 ORDER BY col2,col3 LIMIT 5;
                                                     QUERY PLAN                                                     
--------------------------------------------------------------------------------------------------------------------
 Limit  (cost=0.00..6.01 rows=5 width=12)
   ->  Gather Motion 3:1  (slice1; segments: 3)  (cost=0.00..6.01 rows=5 width=12)
         Merge Key: col2, col3
         ->  Limit  (cost=0.00..6.01 rows=2 width=12)
               ->  Sort  (cost=0.00..6.01 rows=14 width=12)
                     Sort Key: col2, col3
                     ->  Dynamic Index Scan on col2_col1_unique on pt_lt_tab_df  (cost=0.00..6.01 rows=14 width=12)
                           Index Cond: ((col2 >= '10'::numeric) AND (col2 <= '50'::numeric))
                           Number of partitions to scan: 6 
 Optimizer: Pivotal Optimizer (GPORCA)
(10 rows)

ALTER TABLE pt_lt_tab_df DROP CONSTRAINT col2_col1_unique;
-- @description Heterogeneous index, index on partition key, b-tree index on all partitions
CREATE INDEX idx1 on pt_lt_tab_1_prt_part1(col2);
CREATE INDEX idx2 on pt_lt_tab_1_prt_part2(col2);
CREATE INDEX idx3 on pt_lt_tab_1_prt_part3(col2);
CREATE INDEX idx4 on pt_lt_tab_1_prt_part4(col2);
CREATE INDEX idx5 on pt_lt_tab_1_prt_part5(col2);
SELECT * FROM pt_lt_tab WHERE col2 between 1 AND 50 ORDER BY col2,col3 LIMIT 5;
 col1 | col2 | col3 | col4 
------+------+------+------
    1 |    1 | a    | t
    2 |    2 | a    | t
    3 |    3 | a    | t
    4 |    4 | b    | t
    5 |    5 | b    | t
(5 rows)

EXPLAIN SELECT * FROM pt_lt_tab WHERE col2 between 1 AND 50 ORDER BY col2,col3 LIMIT 5;
                                         QUERY PLAN                                          
---------------------------------------------------------------------------------------------
 Limit  (cost=0.00..431.01 rows=5 width=12)
   ->  Gather Motion 3:1  (slice1; segments: 3)  (cost=0.00..431.01 rows=5 width=12)
         Merge Key: col2, col3
         ->  Limit  (cost=0.00..431.01 rows=2 width=12)
               ->  Sort  (cost=0.00..431.01 rows=16 width=12)
                     Sort Key: col2, col3
                     ->  Dynamic Seq Scan on pt_lt_tab  (cost=0.00..431.00 rows=16 width=12)
                           Number of partitions to scan: 5 
                           Filter: ((col2 >= '1'::numeric) AND (col2 <= '50'::numeric))
 Optimizer: Pivotal Optimizer (GPORCA)
(10 rows)

SELECT * FROM pt_lt_tab WHERE col2 > 5 ORDER BY col2,col3 LIMIT 5;
 col1 | col2 | col3 | col4 
------+------+------+------
    6 |    6 | b    | t
    7 |    7 | c    | t
    8 |    8 | c    | t
    9 |    9 | c    | t
   10 |   10 | c    | t
(5 rows)

EXPLAIN SELECT * FROM pt_lt_tab WHERE col2 > 5 ORDER BY col2,col3 LIMIT 5;
                                         QUERY PLAN                                          
---------------------------------------------------------------------------------------------
 Limit  (cost=0.00..431.01 rows=5 width=12)
   ->  Gather Motion 3:1  (slice1; segments: 3)  (cost=0.00..431.00 rows=5 width=12)
         Merge Key: col2, col3
         ->  Limit  (cost=0.00..431.00 rows=2 width=12)
               ->  Sort  (cost=0.00..431.00 rows=14 width=12)
                     Sort Key: col2, col3
                     ->  Dynamic Seq Scan on pt_lt_tab  (cost=0.00..431.00 rows=14 width=12)
                           Number of partitions to scan: 5 
                           Filter: (col2 > '5'::numeric)
 Optimizer: Pivotal Optimizer (GPORCA)
(10 rows)

SELECT * FROM pt_lt_tab WHERE col2 = 5 ORDER BY col2,col3 LIMIT 5;
 col1 | col2 | col3 | col4 
------+------+------+------
    5 |    5 | b    | t
(1 row)

EXPLAIN SELECT * FROM pt_lt_tab WHERE col2 = 5 ORDER BY col2,col3 LIMIT 5;
                                      QUERY PLAN                                      
--------------------------------------------------------------------------------------
 Limit  (cost=0.00..431.00 rows=2 width=12)
   ->  Gather Motion 3:1  (slice1; segments: 3)  (cost=0.00..431.00 rows=2 width=12)
         Merge Key: col2, col3
         ->  Sort  (cost=0.00..431.00 rows=1 width=12)
               Sort Key: col2, col3
               ->  Dynamic Seq Scan on pt_lt_tab  (cost=0.00..431.00 rows=1 width=12)
                     Number of partitions to scan: 1 
                     Filter: (col2 = '5'::numeric)
 Optimizer: Pivotal Optimizer (GPORCA)
(9 rows)

DROP INDEX idx1;
DROP INDEX idx2;
DROP INDEX idx3;
DROP INDEX idx4;
DROP INDEX idx5;
-- @description Heterogeneous index,b-tree index on all parts,index, index on non-partition col
CREATE INDEX idx1 on pt_lt_tab_df_1_prt_part1(col1);
CREATE INDEX idx2 on pt_lt_tab_df_1_prt_part2(col1);
CREATE INDEX idx3 on pt_lt_tab_df_1_prt_part3(col1);
CREATE INDEX idx4 on pt_lt_tab_df_1_prt_part4(col1);
CREATE INDEX idx5 on pt_lt_tab_df_1_prt_part5(col1);
CREATE INDEX idx6 on pt_lt_tab_df_1_prt_def(col1);
SELECT * FROM pt_lt_tab_df WHERE col1 between 1 AND 100 ORDER BY col1 LIMIT 5;
 col1 | col2 | col3 | col4 
------+------+------+------
    1 |    1 | a    | t
    2 |    2 | a    | t
    3 |    3 | a    | t
    4 |    4 | b    | t
    5 |    5 | b    | t
(5 rows)

EXPLAIN SELECT * FROM pt_lt_tab_df WHERE col1 between 1 AND 100 ORDER BY col1 LIMIT 5;
                                           QUERY PLAN                                           
------------------------------------------------------------------------------------------------
 Limit  (cost=0.00..431.01 rows=5 width=12)
   ->  Gather Motion 3:1  (slice1; segments: 3)  (cost=0.00..431.01 rows=5 width=12)
         Merge Key: col1
         ->  Limit  (cost=0.00..431.01 rows=2 width=12)
               ->  Sort  (cost=0.00..431.01 rows=20 width=12)
                     Sort Key: col1
                     ->  Dynamic Seq Scan on pt_lt_tab_df  (cost=0.00..431.00 rows=20 width=12)
                           Number of partitions to scan: 6 
                           Filter: ((col1 >= 1) AND (col1 <= 100))
 Optimizer: Pivotal Optimizer (GPORCA)
(10 rows)

SELECT * FROM pt_lt_tab_df WHERE col1 > 50 ORDER BY col1 LIMIT 5;
 col1 | col2 | col3 | col4 
------+------+------+------
   51 |   51 | u    | t
   52 |   52 | u    | t
   53 |   53 | u    | t
   54 |   54 | x    | t
   55 |   55 | x    | t
(5 rows)

EXPLAIN SELECT * FROM pt_lt_tab_df WHERE col1 > 50 ORDER BY col1 LIMIT 5;
                                          QUERY PLAN                                           
-----------------------------------------------------------------------------------------------
 Limit  (cost=0.00..431.00 rows=5 width=12)
   ->  Gather Motion 3:1  (slice1; segments: 3)  (cost=0.00..431.00 rows=5 width=12)
         Merge Key: col1
         ->  Limit  (cost=0.00..431.00 rows=2 width=12)
               ->  Sort  (cost=0.00..431.00 rows=4 width=12)
                     Sort Key: col1
                     ->  Dynamic Seq Scan on pt_lt_tab_df  (cost=0.00..431.00 rows=4 width=12)
                           Number of partitions to scan: 6 
                           Filter: (col1 > 50)
 Optimizer: Pivotal Optimizer (GPORCA)
(10 rows)

SELECT * FROM pt_lt_tab_df WHERE col1 < 50 ORDER BY col1 LIMIT 5;
 col1 | col2 | col3 | col4 
------+------+------+------
    1 |    1 | a    | t
    2 |    2 | a    | t
    3 |    3 | a    | t
    4 |    4 | b    | t
    5 |    5 | b    | t
(5 rows)

EXPLAIN SELECT * FROM pt_lt_tab_df WHERE col1 < 50 ORDER BY col1 LIMIT 5;
                                           QUERY PLAN                                           
------------------------------------------------------------------------------------------------
 Limit  (cost=0.00..431.01 rows=5 width=12)
   ->  Gather Motion 3:1  (slice1; segments: 3)  (cost=0.00..431.01 rows=5 width=12)
         Merge Key: col1
         ->  Limit  (cost=0.00..431.01 rows=2 width=12)
               ->  Sort  (cost=0.00..431.01 rows=17 width=12)
                     Sort Key: col1
                     ->  Dynamic Seq Scan on pt_lt_tab_df  (cost=0.00..431.00 rows=17 width=12)
                           Number of partitions to scan: 6 
                           Filter: (col1 < 50)
 Optimizer: Pivotal Optimizer (GPORCA)
(10 rows)

DROP INDEX idx1;
DROP INDEX idx2;
DROP INDEX idx3;
DROP INDEX idx4;
DROP INDEX idx5;
DROP INDEX idx6;
-- @description Heterogeneous index,b-tree index on all parts including default, index on partition col
CREATE INDEX idx1 on pt_lt_tab_df_1_prt_part1(col2);
CREATE INDEX idx2 on pt_lt_tab_df_1_prt_part2(col2);
CREATE INDEX idx3 on pt_lt_tab_df_1_prt_part3(col2);
CREATE INDEX idx4 on pt_lt_tab_df_1_prt_part4(col2);
CREATE INDEX idx5 on pt_lt_tab_df_1_prt_part5(col2);
CREATE INDEX idx6 on pt_lt_tab_df_1_prt_def(col2);
SELECT * FROM pt_lt_tab_df WHERE col2 between 1 AND 100 ORDER BY col2,col3 LIMIT 5;
 col1 | col2 | col3 | col4 
------+------+------+------
    1 |    1 | a    | t
    2 |    2 | a    | t
    3 |    3 | a    | t
    4 |    4 | b    | t
    5 |    5 | b    | t
(5 rows)

EXPLAIN SELECT * FROM pt_lt_tab_df WHERE col2 between 1 AND 100 ORDER BY col2,col3 LIMIT 5;
                                           QUERY PLAN                                           
------------------------------------------------------------------------------------------------
 Limit  (cost=0.00..431.01 rows=5 width=12)
   ->  Gather Motion 3:1  (slice1; segments: 3)  (cost=0.00..431.01 rows=5 width=12)
         Merge Key: col2, col3
         ->  Limit  (cost=0.00..431.01 rows=2 width=12)
               ->  Sort  (cost=0.00..431.01 rows=20 width=12)
                     Sort Key: col2, col3
                     ->  Dynamic Seq Scan on pt_lt_tab_df  (cost=0.00..431.00 rows=20 width=12)
                           Number of partitions to scan: 6 
                           Filter: ((col2 >= '1'::numeric) AND (col2 <= '100'::numeric))
 Optimizer: Pivotal Optimizer (GPORCA)
(10 rows)

SELECT * FROM pt_lt_tab_df WHERE col2 > 50 ORDER BY col2,col3 LIMIT 5;
 col1 | col2 | col3 | col4 
------+------+------+------
   51 |   51 | u    | t
   52 |   52 | u    | t
   53 |   53 | u    | t
   54 |   54 | x    | t
   55 |   55 | x    | t
(5 rows)

EXPLAIN SELECT * FROM pt_lt_tab_df WHERE col2 > 50 ORDER BY col2,col3 LIMIT 5;
                                          QUERY PLAN                                           
-----------------------------------------------------------------------------------------------
 Limit  (cost=0.00..431.00 rows=5 width=12)
   ->  Gather Motion 3:1  (slice1; segments: 3)  (cost=0.00..431.00 rows=5 width=12)
         Merge Key: col2, col3
         ->  Limit  (cost=0.00..431.00 rows=2 width=12)
               ->  Sort  (cost=0.00..431.00 rows=4 width=12)
                     Sort Key: col2, col3
                     ->  Dynamic Seq Scan on pt_lt_tab_df  (cost=0.00..431.00 rows=4 width=12)
                           Number of partitions to scan: 1 
                           Filter: (col2 > '50'::numeric)
 Optimizer: Pivotal Optimizer (GPORCA)
(10 rows)

SELECT * FROM pt_lt_tab_df WHERE col2 = 50 ORDER BY col2,col3 LIMIT 5;
 col1 | col2 | col3 | col4 
------+------+------+------
   50 |   50 | q    | f
(1 row)

EXPLAIN SELECT * FROM pt_lt_tab_df WHERE col2 = 50 ORDER BY col2,col3 LIMIT 5;
                                       QUERY PLAN                                        
-----------------------------------------------------------------------------------------
 Limit  (cost=0.00..431.00 rows=2 width=12)
   ->  Gather Motion 3:1  (slice1; segments: 3)  (cost=0.00..431.00 rows=2 width=12)
         Merge Key: col2, col3
         ->  Sort  (cost=0.00..431.00 rows=1 width=12)
               Sort Key: col2, col3
               ->  Dynamic Seq Scan on pt_lt_tab_df  (cost=0.00..431.00 rows=1 width=12)
                     Number of partitions to scan: 1 
                     Filter: (col2 = '50'::numeric)
 Optimizer: Pivotal Optimizer (GPORCA)
(9 rows)

SELECT * FROM pt_lt_tab_df WHERE col2 <> 10 ORDER BY col2,col3 LIMIT 5;
 col1 | col2 | col3 | col4 
------+------+------+------
    1 |    1 | a    | t
    2 |    2 | a    | t
    3 |    3 | a    | t
    4 |    4 | b    | t
    5 |    5 | b    | t
(5 rows)

EXPLAIN SELECT * FROM pt_lt_tab_df WHERE col2 <> 10 ORDER BY col2,col3 LIMIT 5;
                                           QUERY PLAN                                           
------------------------------------------------------------------------------------------------
 Limit  (cost=0.00..431.01 rows=5 width=12)
   ->  Gather Motion 3:1  (slice1; segments: 3)  (cost=0.00..431.01 rows=5 width=12)
         Merge Key: col2, col3
         ->  Limit  (cost=0.00..431.01 rows=2 width=12)
               ->  Sort  (cost=0.00..431.01 rows=20 width=12)
                     Sort Key: col2, col3
                     ->  Dynamic Seq Scan on pt_lt_tab_df  (cost=0.00..431.00 rows=20 width=12)
                           Number of partitions to scan: 6 
                           Filter: (col2 <> '10'::numeric)
 Optimizer: Pivotal Optimizer (GPORCA)
(10 rows)

SELECT * FROM pt_lt_tab_df WHERE col2 between 1 AND 100 ORDER BY col2,col3 LIMIT 5;
 col1 | col2 | col3 | col4 
------+------+------+------
    1 |    1 | a    | t
    2 |    2 | a    | t
    3 |    3 | a    | t
    4 |    4 | b    | t
    5 |    5 | b    | t
(5 rows)

EXPLAIN SELECT * FROM pt_lt_tab_df WHERE col2 between 1 AND 100 ORDER BY col2,col3 LIMIT 5;
                                           QUERY PLAN                                           
------------------------------------------------------------------------------------------------
 Limit  (cost=0.00..431.01 rows=5 width=12)
   ->  Gather Motion 3:1  (slice1; segments: 3)  (cost=0.00..431.01 rows=5 width=12)
         Merge Key: col2, col3
         ->  Limit  (cost=0.00..431.01 rows=2 width=12)
               ->  Sort  (cost=0.00..431.01 rows=20 width=12)
                     Sort Key: col2, col3
                     ->  Dynamic Seq Scan on pt_lt_tab_df  (cost=0.00..431.00 rows=20 width=12)
                           Number of partitions to scan: 6 
                           Filter: ((col2 >= '1'::numeric) AND (col2 <= '100'::numeric))
 Optimizer: Pivotal Optimizer (GPORCA)
(10 rows)

SELECT * FROM pt_lt_tab_df WHERE col2 < 50 AND col1 > 10 ORDER BY col2,col3 LIMIT 5;
 col1 | col2 | col3 | col4 
------+------+------+------
   11 |   11 | e    | t
   12 |   12 | e    | t
   13 |   13 | e    | t
   14 |   14 | f    | t
   15 |   15 | f    | t
(5 rows)

EXPLAIN SELECT * FROM pt_lt_tab_df WHERE col2 < 50 AND col1 > 10 ORDER BY col2,col3 LIMIT 5;
                                           QUERY PLAN                                           
------------------------------------------------------------------------------------------------
 Limit  (cost=0.00..431.01 rows=5 width=12)
   ->  Gather Motion 3:1  (slice1; segments: 3)  (cost=0.00..431.01 rows=5 width=12)
         Merge Key: col2, col3
         ->  Limit  (cost=0.00..431.01 rows=2 width=12)
               ->  Sort  (cost=0.00..431.01 rows=17 width=12)
                     Sort Key: col2, col3
                     ->  Dynamic Seq Scan on pt_lt_tab_df  (cost=0.00..431.00 rows=17 width=12)
                           Number of partitions to scan: 6 
                           Filter: ((col2 < '50'::numeric) AND (col1 > 10))
 Optimizer: Pivotal Optimizer (GPORCA)
(10 rows)

DROP INDEX idx1;
DROP INDEX idx2;
DROP INDEX idx3;
DROP INDEX idx4;
DROP INDEX idx5;
DROP INDEX idx6;
-- @description Negative tests Combination tests, no index on default partition
CREATE INDEX idx1 on pt_lt_tab_df_1_prt_part1(col2);
CREATE INDEX idx2 on pt_lt_tab_df_1_prt_part2(col2);
CREATE INDEX idx3 on pt_lt_tab_df_1_prt_part3(col2);
CREATE INDEX idx4 on pt_lt_tab_df_1_prt_part4(col2);
CREATE INDEX idx5 on pt_lt_tab_df_1_prt_part5(col2);
SELECT * FROM pt_lt_tab_df WHERE col2 > 51 ORDER BY col2,col3 LIMIT 5;
 col1 | col2 | col3 | col4 
------+------+------+------
   52 |   52 | u    | t
   53 |   53 | u    | t
   54 |   54 | x    | t
   55 |   55 | x    | t
   56 |   56 | x    | t
(5 rows)

EXPLAIN SELECT * FROM pt_lt_tab_df WHERE col2 > 51 ORDER BY col2,col3 LIMIT 5;
                                          QUERY PLAN                                           
-----------------------------------------------------------------------------------------------
 Limit  (cost=0.00..431.00 rows=5 width=12)
   ->  Gather Motion 3:1  (slice1; segments: 3)  (cost=0.00..431.00 rows=5 width=12)
         Merge Key: col2, col3
         ->  Limit  (cost=0.00..431.00 rows=2 width=12)
               ->  Sort  (cost=0.00..431.00 rows=4 width=12)
                     Sort Key: col2, col3
                     ->  Dynamic Seq Scan on pt_lt_tab_df  (cost=0.00..431.00 rows=4 width=12)
                           Number of partitions to scan: 1 
                           Filter: (col2 > '51'::numeric)
 Optimizer: Pivotal Optimizer (GPORCA)
(10 rows)

SELECT * FROM pt_lt_tab_df WHERE col2 = 50 ORDER BY col2,col3 LIMIT 5;
 col1 | col2 | col3 | col4 
------+------+------+------
   50 |   50 | q    | f
(1 row)

EXPLAIN SELECT * FROM pt_lt_tab_df WHERE col2 = 50 ORDER BY col2,col3 LIMIT 5;
                                       QUERY PLAN                                        
-----------------------------------------------------------------------------------------
 Limit  (cost=0.00..431.00 rows=2 width=12)
   ->  Gather Motion 3:1  (slice1; segments: 3)  (cost=0.00..431.00 rows=2 width=12)
         Merge Key: col2, col3
         ->  Sort  (cost=0.00..431.00 rows=1 width=12)
               Sort Key: col2, col3
               ->  Dynamic Seq Scan on pt_lt_tab_df  (cost=0.00..431.00 rows=1 width=12)
                     Number of partitions to scan: 1 
                     Filter: (col2 = '50'::numeric)
 Optimizer: Pivotal Optimizer (GPORCA)
(9 rows)

DROP INDEX idx1;
DROP INDEX idx2;
DROP INDEX idx3;
DROP INDEX idx4;
DROP INDEX idx5;
-- @description Negative tests Combination tests ,index exists on some regular partitions and not on the default partition
CREATE INDEX idx1 on pt_lt_tab_df_1_prt_part1(col2);
CREATE INDEX idx5 on pt_lt_tab_df_1_prt_part5(col2);
SELECT * FROM pt_lt_tab_df WHERE col2 is NULL ORDER BY col2,col3 LIMIT 5;
 col1 | col2 | col3 | col4 
------+------+------+------
      |      |      | 
      |      |      | 
      |      |      | 
(3 rows)

DROP INDEX idx1;
DROP INDEX idx5;
-- @description Heterogeneous index,b-tree index on all parts,index , multiple index 
CREATE INDEX idx1 on pt_lt_tab_df_1_prt_part1(col2,col1);
CREATE INDEX idx2 on pt_lt_tab_df_1_prt_part2(col2,col1);
CREATE INDEX idx3 on pt_lt_tab_df_1_prt_part3(col2,col1);
CREATE INDEX idx4 on pt_lt_tab_df_1_prt_part4(col2,col1);
CREATE INDEX idx5 on pt_lt_tab_df_1_prt_part5(col2,col1);
CREATE INDEX idx6 on pt_lt_tab_df_1_prt_def(col2,col1);
SELECT * FROM pt_lt_tab_df WHERE col2 = 50 ORDER BY col2,col3 LIMIT 5;
 col1 | col2 | col3 | col4 
------+------+------+------
   50 |   50 | q    | f
(1 row)

EXPLAIN SELECT * FROM pt_lt_tab_df WHERE col2 = 50 ORDER BY col2,col3 LIMIT 5;
                                       QUERY PLAN                                        
-----------------------------------------------------------------------------------------
 Limit  (cost=0.00..431.00 rows=2 width=12)
   ->  Gather Motion 3:1  (slice1; segments: 3)  (cost=0.00..431.00 rows=2 width=12)
         Merge Key: col2, col3
         ->  Sort  (cost=0.00..431.00 rows=1 width=12)
               Sort Key: col2, col3
               ->  Dynamic Seq Scan on pt_lt_tab_df  (cost=0.00..431.00 rows=1 width=12)
                     Number of partitions to scan: 1 
                     Filter: (col2 = '50'::numeric)
 Optimizer: Pivotal Optimizer (GPORCA)
(9 rows)

SELECT * FROM pt_lt_tab_df WHERE col2 > 10 AND col1 between 1 AND 100 ORDER BY col2,col3 LIMIT 5;
 col1 | col2 | col3 | col4 
------+------+------+------
   11 |   11 | e    | t
   12 |   12 | e    | t
   13 |   13 | e    | t
   14 |   14 | f    | t
   15 |   15 | f    | t
(5 rows)

EXPLAIN SELECT * FROM pt_lt_tab_df WHERE col2 > 10 AND col1 between 1 AND 100 ORDER BY col2,col3 LIMIT 5;
                                           QUERY PLAN                                           
------------------------------------------------------------------------------------------------
 Limit  (cost=0.00..431.01 rows=5 width=12)
   ->  Gather Motion 3:1  (slice1; segments: 3)  (cost=0.00..431.01 rows=5 width=12)
         Merge Key: col2, col3
         ->  Limit  (cost=0.00..431.01 rows=2 width=12)
               ->  Sort  (cost=0.00..431.01 rows=17 width=12)
                     Sort Key: col2, col3
                     ->  Dynamic Seq Scan on pt_lt_tab_df  (cost=0.00..431.00 rows=17 width=12)
                           Number of partitions to scan: 5 
                           Filter: ((col2 > '10'::numeric) AND (col1 >= 1) AND (col1 <= 100))
 Optimizer: Pivotal Optimizer (GPORCA)
(10 rows)

SELECT * FROM pt_lt_tab_df WHERE col1 = 10 ORDER BY col2,col3 LIMIT 5;
 col1 | col2 | col3 | col4 
------+------+------+------
   10 |   10 | c    | t
(1 row)

EXPLAIN SELECT * FROM pt_lt_tab_df WHERE col1 = 10 ORDER BY col2,col3 LIMIT 5;
                                       QUERY PLAN                                        
-----------------------------------------------------------------------------------------
 Limit  (cost=0.00..431.00 rows=2 width=12)
   ->  Gather Motion 1:1  (slice1; segments: 1)  (cost=0.00..431.00 rows=2 width=12)
         Merge Key: col2, col3
         ->  Sort  (cost=0.00..431.00 rows=1 width=12)
               Sort Key: col2, col3
               ->  Dynamic Seq Scan on pt_lt_tab_df  (cost=0.00..431.00 rows=1 width=12)
                     Number of partitions to scan: 6 
                     Filter: (col1 = 10)
 Optimizer: Pivotal Optimizer (GPORCA)
(9 rows)

DROP INDEX idx1;
DROP INDEX idx2;
DROP INDEX idx3;
DROP INDEX idx4;
DROP INDEX idx5;
DROP INDEX idx6;
-- @description Index exists on some continuous set of partitions, e.g. p1,p2,p3
CREATE INDEX idx1 on pt_lt_tab_df_1_prt_part1(col2);
CREATE INDEX idx2 on pt_lt_tab_df_1_prt_part2(col2);
CREATE INDEX idx3 on pt_lt_tab_df_1_prt_part3(col2);
SELECT * FROM pt_lt_tab_df WHERE col2 = 35 ORDER BY col2,col3 LIMIT 5;
 col1 | col2 | col3 | col4 
------+------+------+------
   35 |   35 | o    | f
(1 row)

EXPLAIN SELECT * FROM pt_lt_tab_df WHERE col2 = 35 ORDER BY col2,col3 LIMIT 5;
                                       QUERY PLAN                                        
-----------------------------------------------------------------------------------------
 Limit  (cost=0.00..431.00 rows=2 width=12)
   ->  Gather Motion 3:1  (slice1; segments: 3)  (cost=0.00..431.00 rows=2 width=12)
         Merge Key: col2, col3
         ->  Sort  (cost=0.00..431.00 rows=1 width=12)
               Sort Key: col2, col3
               ->  Dynamic Seq Scan on pt_lt_tab_df  (cost=0.00..431.00 rows=1 width=12)
                     Number of partitions to scan: 1 
                     Filter: (col2 = '35'::numeric)
 Optimizer: Pivotal Optimizer (GPORCA)
(9 rows)

DROP INDEX idx1;
DROP INDEX idx2;
DROP INDEX idx3;
-- @description Index exists on some regular partitions and on the default partition [INDEX exists on non-consecutive partitions, e.g. p1,p3,p5]
CREATE INDEX idx1 on pt_lt_tab_df_1_prt_part1(col2);
CREATE INDEX idx5 on pt_lt_tab_df_1_prt_part5(col2);
CREATE INDEX idx6 on pt_lt_tab_df_1_prt_def(col2);
SELECT * FROM pt_lt_tab_df WHERE col2 > 15 ORDER BY col2,col3 LIMIT 5;
 col1 | col2 | col3 | col4 
------+------+------+------
   16 |   16 | f    | t
   17 |   17 | g    | t
   18 |   18 | g    | t
   19 |   19 | g    | t
   20 |   20 | g    | t
(5 rows)

EXPLAIN SELECT * FROM pt_lt_tab_df WHERE col2 > 15 ORDER BY col2,col3 LIMIT 5;
                                           QUERY PLAN                                           
------------------------------------------------------------------------------------------------
 Limit  (cost=0.00..431.01 rows=5 width=12)
   ->  Gather Motion 3:1  (slice1; segments: 3)  (cost=0.00..431.01 rows=5 width=12)
         Merge Key: col2, col3
         ->  Limit  (cost=0.00..431.01 rows=2 width=12)
               ->  Sort  (cost=0.00..431.01 rows=16 width=12)
                     Sort Key: col2, col3
                     ->  Dynamic Seq Scan on pt_lt_tab_df  (cost=0.00..431.00 rows=16 width=12)
                           Number of partitions to scan: 5 
                           Filter: (col2 > '15'::numeric)
 Optimizer: Pivotal Optimizer (GPORCA)
(10 rows)

DROP INDEX idx1;
DROP INDEX idx5;
DROP INDEX idx6;
--
-- Finally, after running all the other tests on pg_lt_tab, test that
-- partition pruning still works after dropping a column
--
CREATE INDEX idx1 on pt_lt_tab(col4);
ALTER TABLE pt_lt_tab DROP column col1;
NOTICE:  dropping a column that is part of the distribution policy forces a NULL distribution policy
NOTICE:  dropping a column that is part of the distribution policy forces a NULL distribution policy
NOTICE:  dropping a column that is part of the distribution policy forces a NULL distribution policy
NOTICE:  dropping a column that is part of the distribution policy forces a NULL distribution policy
NOTICE:  dropping a column that is part of the distribution policy forces a NULL distribution policy
NOTICE:  dropping a column that is part of the distribution policy forces a NULL distribution policy
SELECT * FROM pt_lt_tab WHERE col4 is False ORDER BY col2,col3 LIMIT 5;
 col2 | col3 | col4 
------+------+------
   21 | i    | f
   22 | i    | f
   23 | i    | f
   24 | k    | f
   25 | k    | f
(5 rows)

EXPLAIN SELECT * FROM pt_lt_tab WHERE col4 is False ORDER BY col2,col3 LIMIT 5;
                                        QUERY PLAN                                         
-------------------------------------------------------------------------------------------
 Limit  (cost=0.00..431.00 rows=5 width=8)
   ->  Gather Motion 3:1  (slice1; segments: 3)  (cost=0.00..431.00 rows=5 width=8)
         Merge Key: col2, col3
         ->  Limit  (cost=0.00..431.00 rows=2 width=8)
               ->  Sort  (cost=0.00..431.00 rows=7 width=8)
                     Sort Key: col2, col3
                     ->  Dynamic Seq Scan on pt_lt_tab  (cost=0.00..431.00 rows=7 width=8)
                           Number of partitions to scan: 5 
                           Filter: (col4 IS FALSE)
 Optimizer: Pivotal Optimizer (GPORCA)
(10 rows)

SELECT * FROM pt_lt_tab WHERE col4 = False ORDER BY col2,col3 LIMIT 5;
 col2 | col3 | col4 
------+------+------
   21 | i    | f
   22 | i    | f
   23 | i    | f
   24 | k    | f
   25 | k    | f
(5 rows)

EXPLAIN SELECT * FROM pt_lt_tab WHERE col4 = False ORDER BY col2,col3 LIMIT 5;
                                             QUERY PLAN                                             
----------------------------------------------------------------------------------------------------
 Limit  (cost=0.00..6.01 rows=5 width=8)
   ->  Gather Motion 3:1  (slice1; segments: 3)  (cost=0.00..6.01 rows=5 width=8)
         Merge Key: col2, col3
         ->  Limit  (cost=0.00..6.01 rows=2 width=8)
               ->  Sort  (cost=0.00..6.01 rows=10 width=8)
                     Sort Key: col2, col3
                     ->  Dynamic Index Scan on idx1 on pt_lt_tab  (cost=0.00..6.00 rows=10 width=8)
                           Index Cond: (col4 = false)
                           Number of partitions to scan: 5 
 Optimizer: Pivotal Optimizer (GPORCA)
(10 rows)

SELECT * FROM pt_lt_tab WHERE col2 > 41 ORDER BY col2,col3 LIMIT 5;
 col2 | col3 | col4 
------+------+------
   42 | p    | f
   43 | p    | f
   44 | s    | f
   45 | s    | f
   46 | s    | f
(5 rows)

EXPLAIN SELECT * FROM pt_lt_tab WHERE col2 > 41 ORDER BY col2,col3 LIMIT 5;
                                        QUERY PLAN                                         
-------------------------------------------------------------------------------------------
 Limit  (cost=0.00..431.00 rows=5 width=8)
   ->  Gather Motion 3:1  (slice1; segments: 3)  (cost=0.00..431.00 rows=5 width=8)
         Merge Key: col2, col3
         ->  Limit  (cost=0.00..431.00 rows=2 width=8)
               ->  Sort  (cost=0.00..431.00 rows=4 width=8)
                     Sort Key: col2, col3
                     ->  Dynamic Seq Scan on pt_lt_tab  (cost=0.00..431.00 rows=4 width=8)
                           Number of partitions to scan: 1 
                           Filter: (col2 > '41'::numeric)
 Optimizer: Pivotal Optimizer (GPORCA)
(10 rows)

ALTER TABLE pt_lt_tab DROP column col4;
SELECT * FROM pt_lt_tab WHERE col2 > 41 ORDER BY col2,col3 LIMIT 5;
 col2 | col3 
------+------
   42 | p
   43 | p
   44 | s
   45 | s
   46 | s
(5 rows)

EXPLAIN SELECT * FROM pt_lt_tab WHERE col2 > 41 ORDER BY col2,col3 LIMIT 5;
                                        QUERY PLAN                                         
-------------------------------------------------------------------------------------------
 Limit  (cost=0.00..431.00 rows=5 width=7)
   ->  Gather Motion 3:1  (slice1; segments: 3)  (cost=0.00..431.00 rows=5 width=7)
         Merge Key: col2, col3
         ->  Limit  (cost=0.00..431.00 rows=2 width=7)
               ->  Sort  (cost=0.00..431.00 rows=4 width=7)
                     Sort Key: col2, col3
                     ->  Dynamic Seq Scan on pt_lt_tab  (cost=0.00..431.00 rows=4 width=7)
                           Number of partitions to scan: 1 
                           Filter: (col2 > '41'::numeric)
 Optimizer: Pivotal Optimizer (GPORCA)
(10 rows)

--
-- Test a more complicated partitioning scheme, with subpartitions.
--
CREATE TABLE pt_complex (i int, j int, k int, l int, m int) DISTRIBUTED BY (i)
PARTITION BY list(k)
  SUBPARTITION BY list(j) SUBPARTITION TEMPLATE (subpartition p11 values (1), subpartition p12 values(2))
  SUBPARTITION BY list(l) SUBPARTITION TEMPLATE (subpartition p11 values (1), subpartition p12 values(2))
( partition p1 values(1), partition p2 values(2));
INSERT INTO pt_complex VALUES (1, 1, 1, 1, 1), (2, 2, 2, 2, 2);
CREATE INDEX i_pt_complex ON pt_complex (i);
SELECT * FROM pt_complex WHERE i = 1 AND j = 1;
 i | j | k | l | m 
---+---+---+---+---
 1 | 1 | 1 | 1 | 1
(1 row)

EXPLAIN SELECT * FROM pt_complex WHERE i = 1 AND j = 1;
                                                      QUERY PLAN                                                       
-----------------------------------------------------------------------------------------------------------------------
 Gather Motion 1:1  (slice1; segments: 1)  (cost=100.65..6405.82 rows=9 width=20)
   ->  Append  (cost=100.65..6405.82 rows=3 width=20)
         ->  Bitmap Heap Scan on pt_complex_1_prt_p1_2_prt_p11_3_prt_p11  (cost=100.65..1601.46 rows=1 width=20)
               Recheck Cond: (i = 1)
               Filter: (j = 1)
               ->  Bitmap Index Scan on pt_complex_1_prt_p1_2_prt_p11_3_prt_p11_i_idx  (cost=0.00..100.65 rows=22 width=0)
                     Index Cond: (i = 1)
         ->  Bitmap Heap Scan on pt_complex_1_prt_p1_2_prt_p11_3_prt_p12  (cost=100.65..1601.46 rows=1 width=20)
               Recheck Cond: (i = 1)
               Filter: (j = 1)
               ->  Bitmap Index Scan on pt_complex_1_prt_p1_2_prt_p11_3_prt_p12_i_idx  (cost=0.00..100.65 rows=22 width=0)
                     Index Cond: (i = 1)
         ->  Bitmap Heap Scan on pt_complex_1_prt_p2_2_prt_p11_3_prt_p11  (cost=100.65..1601.46 rows=1 width=20)
               Recheck Cond: (i = 1)
               Filter: (j = 1)
               ->  Bitmap Index Scan on pt_complex_1_prt_p2_2_prt_p11_3_prt_p11_i_idx  (cost=0.00..100.65 rows=22 width=0)
                     Index Cond: (i = 1)
         ->  Bitmap Heap Scan on pt_complex_1_prt_p2_2_prt_p11_3_prt_p12  (cost=100.65..1601.46 rows=1 width=20)
               Recheck Cond: (i = 1)
               Filter: (j = 1)
               ->  Bitmap Index Scan on pt_complex_1_prt_p2_2_prt_p11_3_prt_p12_i_idx  (cost=0.00..100.65 rows=22 width=0)
                     Index Cond: (i = 1)
 Optimizer: Postgres query optimizer
(23 rows)

--
-- See MPP-6861
--
CREATE TABLE ds_4
(
  month_id character varying(6),
  cust_group_acc numeric(10),
  mobile_no character varying(10),
  source character varying(12),
  vas_group numeric(10),
  vas_type numeric(10),
  count_vas integer,
  amt_vas numeric(10,2),
  network_type character varying(3),
  execution_id integer
)
WITH (
  OIDS=FALSE
)
DISTRIBUTED BY (cust_group_acc, mobile_no)
PARTITION BY LIST(month_id)
          (
          PARTITION p200800 VALUES('200800'),
          PARTITION p200801 VALUES('200801'),
          PARTITION p200802 VALUES('200802'),
          PARTITION p200803 VALUES('200803')
);
-- this is the case that worked before MPP-6861
-- start_ignore
-- Known_opt_diff: MPP-21316
-- end_ignore
explain select * from ds_4 where month_id = '200800';
                                  QUERY PLAN                                   
-------------------------------------------------------------------------------
 Gather Motion 3:1  (slice1; segments: 3)  (cost=0.00..431.00 rows=1 width=71)
   ->  Dynamic Seq Scan on ds_4  (cost=0.00..431.00 rows=1 width=71)
         Number of partitions to scan: 1 
         Filter: ((month_id)::text = '200800'::text)
 Optimizer: Pivotal Optimizer (GPORCA)
(5 rows)

-- now we can evaluate this function at planning/prune time
-- start_ignore
-- Known_opt_diff: MPP-21316
-- end_ignore
explain select * from ds_4 where month_id::int = 200800;
                                  QUERY PLAN                                   
-------------------------------------------------------------------------------
 Gather Motion 3:1  (slice1; segments: 3)  (cost=0.00..431.00 rows=1 width=71)
   ->  Dynamic Seq Scan on ds_4  (cost=0.00..431.00 rows=1 width=71)
         Number of partitions to scan: 4 
         Filter: ((month_id)::integer = 200800)
 Optimizer: Pivotal Optimizer (GPORCA)
(5 rows)

-- this will be satisfied by 200800
-- start_ignore
-- Known_opt_diff: MPP-21316
-- end_ignore
explain select * from ds_4 where month_id::int - 801 < 200000;
                                  QUERY PLAN                                   
-------------------------------------------------------------------------------
 Gather Motion 3:1  (slice1; segments: 3)  (cost=0.00..431.00 rows=1 width=71)
   ->  Dynamic Seq Scan on ds_4  (cost=0.00..431.00 rows=1 width=71)
         Number of partitions to scan: 4 
         Filter: (((month_id)::integer - 801) < 200000)
 Optimizer: Pivotal Optimizer (GPORCA)
(5 rows)

-- test OR case -- should NOT get pruning
explain select * from ds_4 where month_id::int - 801 < 200000 OR count_vas > 10;
                                  QUERY PLAN                                   
-------------------------------------------------------------------------------
 Gather Motion 3:1  (slice1; segments: 3)  (cost=0.00..431.00 rows=1 width=71)
   ->  Dynamic Seq Scan on ds_4  (cost=0.00..431.00 rows=1 width=71)
         Number of partitions to scan: 4 
         Filter: ((((month_id)::integer - 801) < 200000) OR (count_vas > 10))
 Optimizer: Pivotal Optimizer (GPORCA)
(5 rows)

-- test AND case -- should still get pruning
-- start_ignore
-- Known_opt_diff: MPP-21316
-- end_ignore
explain select * from ds_4 where month_id::int - 801 < 200000 AND count_vas > 10;
                                  QUERY PLAN                                   
-------------------------------------------------------------------------------
 Gather Motion 3:1  (slice1; segments: 3)  (cost=0.00..431.00 rows=1 width=71)
   ->  Dynamic Seq Scan on ds_4  (cost=0.00..431.00 rows=1 width=71)
         Number of partitions to scan: 4 
         Filter: ((((month_id)::integer - 801) < 200000) AND (count_vas > 10))
 Optimizer: Pivotal Optimizer (GPORCA)
(5 rows)

-- test expression case : should get pruning
-- start_ignore
-- Known_opt_diff: MPP-21316
-- end_ignore
explain select * from ds_4 where case when month_id = '200800' then 100 else 2 end = 100;
                                        QUERY PLAN                                         
-------------------------------------------------------------------------------------------
 Gather Motion 3:1  (slice1; segments: 3)  (cost=0.00..431.00 rows=1 width=71)
   ->  Dynamic Seq Scan on ds_4  (cost=0.00..431.00 rows=1 width=71)
         Number of partitions to scan: 4 
         Filter: (CASE WHEN ((month_id)::text = '200800'::text) THEN 100 ELSE 2 END = 100)
 Optimizer: Pivotal Optimizer (GPORCA)
(5 rows)

-- test expression case : should get pruning
-- start_ignore
-- Known_opt_diff: MPP-21316
-- end_ignore
explain select * from ds_4 where case when month_id = '200800' then NULL else 2 end IS NULL;
                                              QUERY PLAN                                               
-------------------------------------------------------------------------------------------------------
 Gather Motion 3:1  (slice1; segments: 3)  (cost=0.00..431.00 rows=1 width=71)
   ->  Dynamic Seq Scan on ds_4  (cost=0.00..431.00 rows=1 width=71)
         Number of partitions to scan: 4 
         Filter: (CASE WHEN ((month_id)::text = '200800'::text) THEN NULL::integer ELSE 2 END IS NULL)
 Optimizer: Pivotal Optimizer (GPORCA)
(5 rows)

-- should still get pruning here -- count_vas is only used in the path for month id = 200800
-- start_ignore
-- Known_opt_diff: MPP-21316
-- end_ignore
explain select * from ds_4 where case when month_id::int = 200800 then count_vas else 2 end IS NULL;
                                          QUERY PLAN                                          
----------------------------------------------------------------------------------------------
 Gather Motion 3:1  (slice1; segments: 3)  (cost=0.00..431.00 rows=1 width=71)
   ->  Dynamic Seq Scan on ds_4  (cost=0.00..431.00 rows=1 width=71)
         Number of partitions to scan: 4 
         Filter: (CASE WHEN ((month_id)::integer = 200800) THEN count_vas ELSE 2 END IS NULL)
 Optimizer: Pivotal Optimizer (GPORCA)
(5 rows)

-- do one that matches a couple partitions
-- start_ignore
-- Known_opt_diff: MPP-21316
-- end_ignore
explain select * from ds_4 where month_id::int in (200801, 1,55,6,6,6,6,66,565,65,65,200803);
                                              QUERY PLAN                                              
------------------------------------------------------------------------------------------------------
 Gather Motion 3:1  (slice1; segments: 3)  (cost=0.00..431.00 rows=1 width=71)
   ->  Dynamic Seq Scan on ds_4  (cost=0.00..431.00 rows=1 width=71)
         Number of partitions to scan: 4 
         Filter: ((month_id)::integer = ANY ('{200801,1,55,6,6,6,6,66,565,65,65,200803}'::integer[]))
 Optimizer: Pivotal Optimizer (GPORCA)
(5 rows)

-- cleanup
drop table ds_4;
--
-- See MPP-18979
--
CREATE TABLE ds_2
(
  month_id character varying(6),
  cust_group_acc numeric(10),
  mobile_no character varying(10),
  source character varying(12),
  vas_group numeric(10),
  vas_type numeric(10),
  count_vas integer,
  amt_vas numeric(10,2),
  network_type character varying(3),
  execution_id integer
)
WITH (
  OIDS=FALSE
)
DISTRIBUTED BY (cust_group_acc, mobile_no)
PARTITION BY LIST(month_id)
          (
          PARTITION p200800 VALUES('200800'),
          PARTITION p200801 VALUES('200801'),
          PARTITION p200802 VALUES('200802'),
          PARTITION p200803 VALUES('200803'),
          PARTITION p200804 VALUES('200804'),
          PARTITION p200805 VALUES('200805'),
          PARTITION p200806 VALUES('200806'),
          PARTITION p200807 VALUES('200807'),
          PARTITION p200808 VALUES('200808'),
          PARTITION p200809 VALUES('200809')
);
insert into ds_2(month_id) values('200800');
insert into ds_2(month_id) values('200801');
insert into ds_2(month_id) values('200802');
insert into ds_2(month_id) values('200803');
insert into ds_2(month_id) values('200804');
insert into ds_2(month_id) values('200805');
insert into ds_2(month_id) values('200806');
insert into ds_2(month_id) values('200807');
insert into ds_2(month_id) values('200808');
insert into ds_2(month_id) values('200809');
-- queries without bitmap scan
-- start_ignore
-- Known_opt_diff: MPP-21316
-- end_ignore
set optimizer_segments=2;
explain select * from ds_2 where month_id::int in (200808, 1315) order by month_id;
                                   QUERY PLAN                                   
--------------------------------------------------------------------------------
 Gather Motion 3:1  (slice1; segments: 3)  (cost=0.00..431.00 rows=1 width=71)
   Merge Key: month_id
   ->  Sort  (cost=0.00..431.00 rows=1 width=71)
         Sort Key: month_id
         ->  Dynamic Seq Scan on ds_2  (cost=0.00..431.00 rows=1 width=71)
               Number of partitions to scan: 10 
               Filter: ((month_id)::integer = ANY ('{200808,1315}'::integer[]))
 Optimizer: Pivotal Optimizer (GPORCA)
(8 rows)

-- start_ignore
-- Known_opt_diff: MPP-21316
-- end_ignore
explain  select * from ds_2 where month_id::int in (200808, 200801, 2008010) order by month_id;
                                        QUERY PLAN                                        
------------------------------------------------------------------------------------------
 Gather Motion 3:1  (slice1; segments: 3)  (cost=0.00..431.00 rows=1 width=71)
   Merge Key: month_id
   ->  Sort  (cost=0.00..431.00 rows=1 width=71)
         Sort Key: month_id
         ->  Dynamic Seq Scan on ds_2  (cost=0.00..431.00 rows=1 width=71)
               Number of partitions to scan: 10 
               Filter: ((month_id)::integer = ANY ('{200808,200801,2008010}'::integer[]))
 Optimizer: Pivotal Optimizer (GPORCA)
(8 rows)

reset optimizer_segments;
select * from ds_2 where month_id::int in (200907, 1315) order by month_id;
 month_id | cust_group_acc | mobile_no | source | vas_group | vas_type | count_vas | amt_vas | network_type | execution_id 
----------+----------------+-----------+--------+-----------+----------+-----------+---------+--------------+--------------
(0 rows)

select * from ds_2 where month_id::int in (200808, 1315) order by month_id;
 month_id | cust_group_acc | mobile_no | source | vas_group | vas_type | count_vas | amt_vas | network_type | execution_id 
----------+----------------+-----------+--------+-----------+----------+-----------+---------+--------------+--------------
 200808   |                |           |        |           |          |           |         |              |             
(1 row)

select * from ds_2 where month_id::int in (200808, 200801) order by month_id;
 month_id | cust_group_acc | mobile_no | source | vas_group | vas_type | count_vas | amt_vas | network_type | execution_id 
----------+----------------+-----------+--------+-----------+----------+-----------+---------+--------------+--------------
 200801   |                |           |        |           |          |           |         |              |             
 200808   |                |           |        |           |          |           |         |              |             
(2 rows)

select * from ds_2 where month_id::int in (200808, 200801, 2008010) order by month_id;
 month_id | cust_group_acc | mobile_no | source | vas_group | vas_type | count_vas | amt_vas | network_type | execution_id 
----------+----------------+-----------+--------+-----------+----------+-----------+---------+--------------+--------------
 200801   |                |           |        |           |          |           |         |              |             
 200808   |                |           |        |           |          |           |         |              |             
(2 rows)

-- cleanup
drop table ds_2;
drop table if exists dnsdata cascade;
NOTICE:  table "dnsdata" does not exist, skipping
CREATE TABLE dnsdata(dnsname text) DISTRIBUTED RANDOMLY;
CREATE INDEX dnsdata_d1_idx ON dnsdata USING bitmap (split_part(reverse(dnsname),'.'::text,1));
CREATE INDEX dnsdata_d2_idx ON dnsdata USING bitmap (split_part(reverse(dnsname),'.'::text,2));
insert into dnsdata values('www.google.com');
insert into dnsdata values('www.google1.com');
insert into dnsdata values('1.google.com');
insert into dnsdata values('2.google.com');
insert into dnsdata select 'www.b.com' from generate_series(1, 100000) as x(a);
analyze dnsdata;
-- queries with bitmap scan enabled
set enable_bitmapscan=on;
set enable_indexscan=on;
set enable_seqscan=off;
Select dnsname from dnsdata
where (split_part(reverse('cache.google.com'),'.',1))=(split_part(reverse(dnsname),'.',1))
and (split_part(reverse('cache.google.com'),'.',2))=(split_part(reverse(dnsname),'.',2)) 
order by dnsname;
    dnsname     
----------------
 1.google.com
 2.google.com
 www.google.com
(3 rows)

Select dnsname from dnsdata
where (split_part(reverse('cache.google.com'),'.',1))=(split_part(reverse(dnsname),'.',1))
and (split_part(reverse('cache.google.com'),'.',2))=(split_part(reverse(dnsname),'.',2))
and dnsname = 'cache.google.com'
order by dnsname;
 dnsname 
---------
(0 rows)

-- cleanup
drop table dnsdata cascade;
Create or replace function ZeroFunc(int) Returns int as $BODY$
BEGIN
  RETURN 0;
END;
$BODY$ LANGUAGE plpgsql IMMUTABLE;
drop table if exists mytable cascade;
NOTICE:  table "mytable" does not exist, skipping
create table mytable(i int, j int);
NOTICE:  Table doesn't have 'DISTRIBUTED BY' clause -- Using column named 'i' as the Greenplum Database data distribution key for this table.
HINT:  The 'DISTRIBUTED BY' clause determines the distribution of data. Make sure column(s) chosen are the optimal data distribution key to minimize skew.
insert into mytable select x, x+1 from generate_series(1, 100000) as x;
analyze mytable;
CREATE INDEX mytable_idx1 ON mytable USING bitmap(ZeroFunc(i));
select * from mytable where ZeroFunc(i)=0 and i=100 order by i;
  i  |  j  
-----+-----
 100 | 101
(1 row)

select * from mytable where ZeroFunc(i)=0 and i=-1 order by i;
 i | j 
---+---
(0 rows)

-- cleanup
drop function ZeroFunc(int) cascade;
NOTICE:  drop cascades to index mytable_idx1
drop table mytable cascade;
drop table if exists partprune_foo;
create table partprune_foo(a int, b int, c int) partition by range (b) (start (1) end (101) every (10));
NOTICE:  Table doesn't have 'DISTRIBUTED BY' clause -- Using column named 'a' as the Greenplum Database data distribution key for this table.
HINT:  The 'DISTRIBUTED BY' clause determines the distribution of data. Make sure column(s) chosen are the optimal data distribution key to minimize skew.
insert into partprune_foo select g % 5 + 1, g + 1, g % 10 + 1 from generate_series(0, 99) g;
analyze partprune_foo;
explain select * from partprune_foo;
                                   QUERY PLAN                                    
---------------------------------------------------------------------------------
 Gather Motion 3:1  (slice1; segments: 3)  (cost=0.00..431.01 rows=100 width=12)
   ->  Dynamic Seq Scan on partprune_foo  (cost=0.00..431.00 rows=34 width=12)
         Number of partitions to scan: 10 (out of 10)
 Optimizer: Pivotal Optimizer (GPORCA)
(4 rows)

select * from partprune_foo;
 a |  b  | c  
---+-----+----
 1 |   1 |  1
 3 |   3 |  3
 5 |   5 |  5
 1 |   6 |  6
 3 |   8 |  8
 5 |  10 | 10
 1 |  11 |  1
 3 |  13 |  3
 5 |  15 |  5
 1 |  16 |  6
 3 |  18 |  8
 5 |  20 | 10
 1 |  21 |  1
 3 |  23 |  3
 5 |  25 |  5
 1 |  26 |  6
 3 |  28 |  8
 5 |  30 | 10
 1 |  31 |  1
 3 |  33 |  3
 5 |  35 |  5
 1 |  36 |  6
 3 |  38 |  8
 5 |  40 | 10
 1 |  41 |  1
 3 |  43 |  3
 5 |  45 |  5
 1 |  46 |  6
 3 |  48 |  8
 5 |  50 | 10
 1 |  51 |  1
 3 |  53 |  3
 5 |  55 |  5
 1 |  56 |  6
 3 |  58 |  8
 5 |  60 | 10
 1 |  61 |  1
 3 |  63 |  3
 5 |  65 |  5
 1 |  66 |  6
 3 |  68 |  8
 5 |  70 | 10
 1 |  71 |  1
 3 |  73 |  3
 5 |  75 |  5
 1 |  76 |  6
 3 |  78 |  8
 5 |  80 | 10
 1 |  81 |  1
 3 |  83 |  3
 5 |  85 |  5
 1 |  86 |  6
 3 |  88 |  8
 5 |  90 | 10
 1 |  91 |  1
 3 |  93 |  3
 5 |  95 |  5
 1 |  96 |  6
 3 |  98 |  8
 5 | 100 | 10
 2 |   2 |  2
 4 |   4 |  4
 2 |   7 |  7
 4 |   9 |  9
 2 |  12 |  2
 4 |  14 |  4
 2 |  17 |  7
 4 |  19 |  9
 2 |  22 |  2
 4 |  24 |  4
 2 |  27 |  7
 4 |  29 |  9
 2 |  32 |  2
 4 |  34 |  4
 2 |  37 |  7
 4 |  39 |  9
 2 |  42 |  2
 4 |  44 |  4
 2 |  47 |  7
 4 |  49 |  9
 2 |  52 |  2
 4 |  54 |  4
 2 |  57 |  7
 4 |  59 |  9
 2 |  62 |  2
 4 |  64 |  4
 2 |  67 |  7
 4 |  69 |  9
 2 |  72 |  2
 4 |  74 |  4
 2 |  77 |  7
 4 |  79 |  9
 2 |  82 |  2
 4 |  84 |  4
 2 |  87 |  7
 4 |  89 |  9
 2 |  92 |  2
 4 |  94 |  4
 2 |  97 |  7
 4 |  99 |  9
(100 rows)

explain select * from partprune_foo where b = 35;
                                  QUERY PLAN                                   
-------------------------------------------------------------------------------
 Gather Motion 3:1  (slice1; segments: 3)  (cost=0.00..431.00 rows=1 width=12)
   ->  Dynamic Seq Scan on partprune_foo  (cost=0.00..431.00 rows=1 width=12)
         Number of partitions to scan: 1 (out of 10)
         Filter: (b = 35)
 Optimizer: Pivotal Optimizer (GPORCA)
(5 rows)

select * from partprune_foo where b = 35;
 a | b  | c 
---+----+---
 5 | 35 | 5
(1 row)

explain select * from partprune_foo where b < 35;
                                   QUERY PLAN                                   
--------------------------------------------------------------------------------
 Gather Motion 3:1  (slice1; segments: 3)  (cost=0.00..431.00 rows=35 width=12)
   ->  Dynamic Seq Scan on partprune_foo  (cost=0.00..431.00 rows=12 width=12)
         Number of partitions to scan: 4 (out of 10)
         Filter: (b < 35)
 Optimizer: Pivotal Optimizer (GPORCA)
(5 rows)

select * from partprune_foo where b < 35;
 a | b  | c  
---+----+----
 2 |  2 |  2
 4 |  4 |  4
 2 |  7 |  7
 4 |  9 |  9
 2 | 12 |  2
 4 | 14 |  4
 2 | 17 |  7
 4 | 19 |  9
 2 | 22 |  2
 4 | 24 |  4
 2 | 27 |  7
 4 | 29 |  9
 2 | 32 |  2
 4 | 34 |  4
 1 |  1 |  1
 3 |  3 |  3
 5 |  5 |  5
 1 |  6 |  6
 3 |  8 |  8
 5 | 10 | 10
 1 | 11 |  1
 3 | 13 |  3
 5 | 15 |  5
 1 | 16 |  6
 3 | 18 |  8
 5 | 20 | 10
 1 | 21 |  1
 3 | 23 |  3
 5 | 25 |  5
 1 | 26 |  6
 3 | 28 |  8
 5 | 30 | 10
 1 | 31 |  1
 3 | 33 |  3
(34 rows)

explain select * from partprune_foo where b in (5, 6, 14, 23);
                                  QUERY PLAN                                   
-------------------------------------------------------------------------------
 Gather Motion 3:1  (slice1; segments: 3)  (cost=0.00..431.00 rows=5 width=12)
   ->  Dynamic Seq Scan on partprune_foo  (cost=0.00..431.00 rows=2 width=12)
         Number of partitions to scan: 3 (out of 10)
         Filter: (b = ANY ('{5,6,14,23}'::integer[]))
 Optimizer: Pivotal Optimizer (GPORCA)
(5 rows)

select * from partprune_foo where b in (5, 6, 14, 23);
 a | b  | c 
---+----+---
 5 |  5 | 5
 1 |  6 | 6
 3 | 23 | 3
 4 | 14 | 4
(4 rows)

explain select * from partprune_foo where b < 15 or b > 60;
                                   QUERY PLAN                                   
--------------------------------------------------------------------------------
 Gather Motion 3:1  (slice1; segments: 3)  (cost=0.00..431.00 rows=56 width=12)
   ->  Dynamic Seq Scan on partprune_foo  (cost=0.00..431.00 rows=19 width=12)
         Number of partitions to scan: 7 (out of 10)
         Filter: ((b < 15) OR (b > 60))
 Optimizer: Pivotal Optimizer (GPORCA)
(5 rows)

select * from partprune_foo where b < 15 or b > 60;
 a |  b  | c  
---+-----+----
 2 |   2 |  2
 4 |   4 |  4
 2 |   7 |  7
 4 |   9 |  9
 2 |  12 |  2
 4 |  14 |  4
 2 |  62 |  2
 4 |  64 |  4
 2 |  67 |  7
 4 |  69 |  9
 2 |  72 |  2
 4 |  74 |  4
 2 |  77 |  7
 4 |  79 |  9
 2 |  82 |  2
 4 |  84 |  4
 2 |  87 |  7
 4 |  89 |  9
 2 |  92 |  2
 4 |  94 |  4
 2 |  97 |  7
 4 |  99 |  9
 1 |   1 |  1
 3 |   3 |  3
 5 |   5 |  5
 1 |   6 |  6
 3 |   8 |  8
 5 |  10 | 10
 1 |  11 |  1
 3 |  13 |  3
 1 |  61 |  1
 3 |  63 |  3
 5 |  65 |  5
 1 |  66 |  6
 3 |  68 |  8
 5 |  70 | 10
 1 |  71 |  1
 3 |  73 |  3
 5 |  75 |  5
 1 |  76 |  6
 3 |  78 |  8
 5 |  80 | 10
 1 |  81 |  1
 3 |  83 |  3
 5 |  85 |  5
 1 |  86 |  6
 3 |  88 |  8
 5 |  90 | 10
 1 |  91 |  1
 3 |  93 |  3
 5 |  95 |  5
 1 |  96 |  6
 3 |  98 |  8
 5 | 100 | 10
(54 rows)

explain select * from partprune_foo where b = 150;
                QUERY PLAN                 
-------------------------------------------
 Result  (cost=0.00..0.00 rows=0 width=12)
   One-Time Filter: false
 Optimizer: Pivotal Optimizer (GPORCA)
(3 rows)

select * from partprune_foo where b = 150;
 a | b | c 
---+---+---
(0 rows)

explain select * from partprune_foo where b = a*5;
                                   QUERY PLAN                                   
--------------------------------------------------------------------------------
 Gather Motion 3:1  (slice1; segments: 3)  (cost=0.00..431.01 rows=40 width=12)
   ->  Dynamic Seq Scan on partprune_foo  (cost=0.00..431.00 rows=14 width=12)
         Number of partitions to scan: 10 (out of 10)
         Filter: (b = (a * 5))
 Optimizer: Pivotal Optimizer (GPORCA)
(5 rows)

select * from partprune_foo where b = a*5;
 a | b  | c 
---+----+---
 5 | 25 | 5
(1 row)

-- Test with IN() lists
-- Number of elements > threshold, partition elimination is not performed
set optimizer_array_expansion_threshold = 3;
explain select * from partprune_foo where b in (5, 6, 14, 23);
                                  QUERY PLAN                                   
-------------------------------------------------------------------------------
 Gather Motion 3:1  (slice1; segments: 3)  (cost=0.00..431.00 rows=5 width=12)
   ->  Dynamic Seq Scan on partprune_foo  (cost=0.00..431.00 rows=2 width=12)
         Number of partitions to scan: 3 (out of 10)
         Filter: (b = ANY ('{5,6,14,23}'::integer[]))
 Optimizer: Pivotal Optimizer (GPORCA)
(5 rows)

select * from partprune_foo where b in (5, 6, 14, 23);
 a | b  | c 
---+----+---
 3 | 23 | 3
 5 |  5 | 5
 4 | 14 | 4
 1 |  6 | 6
(4 rows)

reset optimizer_array_expansion_threshold;
-- Test "ANY (<array>)" syntax.
explain select * from partprune_foo where b = ANY ('{5, 6, 14}');
                                  QUERY PLAN                                   
-------------------------------------------------------------------------------
 Gather Motion 3:1  (slice1; segments: 3)  (cost=0.00..431.00 rows=4 width=12)
   ->  Dynamic Seq Scan on partprune_foo  (cost=0.00..431.00 rows=2 width=12)
         Number of partitions to scan: 2 (out of 10)
         Filter: (b = ANY ('{5,6,14}'::integer[]))
 Optimizer: Pivotal Optimizer (GPORCA)
(5 rows)

select * from partprune_foo where b = ANY ('{5, 6, 14}');
 a | b  | c 
---+----+---
 1 |  6 | 6
 5 |  5 | 5
 4 | 14 | 4
(3 rows)

explain select * from partprune_foo where b < ANY ('{12, 14, 11}');
                                   QUERY PLAN                                   
--------------------------------------------------------------------------------
 Gather Motion 3:1  (slice1; segments: 3)  (cost=0.00..431.00 rows=15 width=12)
   ->  Dynamic Seq Scan on partprune_foo  (cost=0.00..431.00 rows=5 width=12)
         Number of partitions to scan: 2 (out of 10)
         Filter: (b < ANY ('{12,14,11}'::integer[]))
 Optimizer: Pivotal Optimizer (GPORCA)
(5 rows)

select * from partprune_foo where b < ANY ('{12, 14, 11}');
 a | b  | c  
---+----+----
 1 |  1 |  1
 2 |  2 |  2
 1 |  6 |  6
 2 |  7 |  7
 1 | 11 |  1
 2 | 12 |  2
 3 |  3 |  3
 4 |  4 |  4
 5 |  5 |  5
 3 |  8 |  8
 4 |  9 |  9
 5 | 10 | 10
 3 | 13 |  3
(13 rows)

-- Check for all the different number of partition selections
DROP TABLE IF EXISTS DATE_PARTS;
NOTICE:  table "date_parts" does not exist, skipping
CREATE TABLE DATE_PARTS (id int, year int, month int, day int, region text)
DISTRIBUTED BY (id)
PARTITION BY RANGE (year)
    SUBPARTITION BY LIST (month)
       SUBPARTITION TEMPLATE (
        SUBPARTITION Q1 VALUES (1, 2, 3), 
        SUBPARTITION Q2 VALUES (4 ,5 ,6),
        SUBPARTITION Q3 VALUES (7, 8, 9),
        SUBPARTITION Q4 VALUES (10, 11, 12),
        DEFAULT SUBPARTITION other_months )
        	SUBPARTITION BY RANGE(day)
        		SUBPARTITION TEMPLATE (
        		START (1) END (31) EVERY (10), 
		        DEFAULT SUBPARTITION other_days)
( START (2002) END (2012) EVERY (4), 
  DEFAULT PARTITION outlying_years );
insert into DATE_PARTS select i, extract(year from dt), extract(month from dt), extract(day from dt), NULL from (select i, '2002-01-01'::date + i * interval '1 day' day as dt from generate_series(1, 3650) as i) as t;
-- Expected total parts => 4 * 1 * 4 => 16: 
-- TODO #141973839: we selected extra parts because of disjunction: 32 parts: 4 * 2 * 4
explain analyze select * from DATE_PARTS where month between 1 and 3;
                                                                                         QUERY PLAN                                                                                         
--------------------------------------------------------------------------------------------------------------------------------------------------------------------------------------------
 Gather Motion 3:1  (slice1; segments: 3)  (cost=10000000000.00..320000007993.12 rows=13408 width=48) (actual time=9.727..14.884 rows=901 loops=1)
   ->  Append  (cost=10000000000.00..320000007814.35 rows=4469 width=48) (actual time=0.037..5.878 rows=314 loops=1)
         ->  Seq Scan on date_parts_1_prt_2_2_prt_q1_3_prt_2  (cost=10000000000.00..10000000243.50 rows=140 width=48) (actual time=0.030..0.284 rows=44 loops=1)
               Filter: ((month >= 1) AND (month <= 3))
         ->  Seq Scan on date_parts_1_prt_2_2_prt_q1_3_prt_3  (cost=10000000000.00..10000000243.50 rows=140 width=48) (actual time=0.017..0.356 rows=46 loops=1)
               Filter: ((month >= 1) AND (month <= 3))
         ->  Seq Scan on date_parts_1_prt_2_2_prt_q1_3_prt_4  (cost=10000000000.00..10000000243.50 rows=140 width=48) (actual time=0.025..0.288 rows=45 loops=1)
               Filter: ((month >= 1) AND (month <= 3))
         ->  Seq Scan on date_parts_1_prt_2_2_prt_q1_3_prt_other_days  (cost=10000000000.00..10000000243.50 rows=140 width=48) (actual time=0.016..0.048 rows=4 loops=1)
               Filter: ((month >= 1) AND (month <= 3))
         ->  Seq Scan on date_parts_1_prt_2_2_prt_other_months_3_prt_2  (cost=10000000000.00..10000000243.50 rows=140 width=48) (actual time=0.000..0.022 rows=0 loops=1)
               Filter: ((month >= 1) AND (month <= 3))
         ->  Seq Scan on date_parts_1_prt_2_2_prt_other_months_3_prt_3  (cost=10000000000.00..10000000243.50 rows=140 width=48) (actual time=0.000..0.021 rows=0 loops=1)
               Filter: ((month >= 1) AND (month <= 3))
         ->  Seq Scan on date_parts_1_prt_2_2_prt_other_months_3_prt_4  (cost=10000000000.00..10000000243.50 rows=140 width=48) (actual time=0.000..0.021 rows=0 loops=1)
               Filter: ((month >= 1) AND (month <= 3))
         ->  Seq Scan on date_parts_1_prt_2_2_prt_other_months_3_prt_other_days  (cost=10000000000.00..10000000243.50 rows=140 width=48) (actual time=0.000..0.035 rows=0 loops=1)
               Filter: ((month >= 1) AND (month <= 3))
         ->  Seq Scan on date_parts_1_prt_3_2_prt_q1_3_prt_2  (cost=10000000000.00..10000000243.50 rows=140 width=48) (actual time=0.017..0.323 rows=53 loops=1)
               Filter: ((month >= 1) AND (month <= 3))
         ->  Seq Scan on date_parts_1_prt_3_2_prt_q1_3_prt_3  (cost=10000000000.00..10000000243.50 rows=140 width=48) (actual time=0.016..0.271 rows=44 loops=1)
               Filter: ((month >= 1) AND (month <= 3))
         ->  Seq Scan on date_parts_1_prt_3_2_prt_q1_3_prt_4  (cost=10000000000.00..10000000243.50 rows=140 width=48) (actual time=0.016..0.250 rows=39 loops=1)
               Filter: ((month >= 1) AND (month <= 3))
         ->  Seq Scan on date_parts_1_prt_3_2_prt_q1_3_prt_other_days  (cost=10000000000.00..10000000243.50 rows=140 width=48) (actual time=0.017..0.054 rows=5 loops=1)
               Filter: ((month >= 1) AND (month <= 3))
         ->  Seq Scan on date_parts_1_prt_3_2_prt_other_months_3_prt_2  (cost=10000000000.00..10000000243.50 rows=140 width=48) (actual time=0.000..0.022 rows=0 loops=1)
               Filter: ((month >= 1) AND (month <= 3))
         ->  Seq Scan on date_parts_1_prt_3_2_prt_other_months_3_prt_3  (cost=10000000000.00..10000000243.50 rows=140 width=48) (actual time=0.000..0.022 rows=0 loops=1)
               Filter: ((month >= 1) AND (month <= 3))
         ->  Seq Scan on date_parts_1_prt_3_2_prt_other_months_3_prt_4  (cost=10000000000.00..10000000243.50 rows=140 width=48) (actual time=0.000..0.021 rows=0 loops=1)
               Filter: ((month >= 1) AND (month <= 3))
         ->  Seq Scan on date_parts_1_prt_3_2_prt_other_months_3_prt_other_days  (cost=10000000000.00..10000000243.50 rows=140 width=48) (actual time=0.000..0.030 rows=0 loops=1)
               Filter: ((month >= 1) AND (month <= 3))
         ->  Seq Scan on date_parts_1_prt_4_2_prt_q1_3_prt_2  (cost=10000000000.00..10000000243.50 rows=140 width=48) (actual time=0.016..0.149 rows=22 loops=1)
               Filter: ((month >= 1) AND (month <= 3))
         ->  Seq Scan on date_parts_1_prt_4_2_prt_q1_3_prt_3  (cost=10000000000.00..10000000243.50 rows=140 width=48) (actual time=0.017..0.174 rows=26 loops=1)
               Filter: ((month >= 1) AND (month <= 3))
         ->  Seq Scan on date_parts_1_prt_4_2_prt_q1_3_prt_4  (cost=10000000000.00..10000000243.50 rows=140 width=48) (actual time=0.017..0.192 rows=25 loops=1)
               Filter: ((month >= 1) AND (month <= 3))
         ->  Seq Scan on date_parts_1_prt_4_2_prt_q1_3_prt_other_days  (cost=10000000000.00..10000000243.50 rows=140 width=48) (actual time=0.016..0.042 rows=3 loops=1)
               Filter: ((month >= 1) AND (month <= 3))
         ->  Seq Scan on date_parts_1_prt_4_2_prt_other_months_3_prt_2  (cost=10000000000.00..10000000243.50 rows=140 width=48) (actual time=0.000..0.023 rows=0 loops=1)
               Filter: ((month >= 1) AND (month <= 3))
         ->  Seq Scan on date_parts_1_prt_4_2_prt_other_months_3_prt_3  (cost=10000000000.00..10000000243.50 rows=140 width=48) (actual time=0.000..0.022 rows=0 loops=1)
               Filter: ((month >= 1) AND (month <= 3))
         ->  Seq Scan on date_parts_1_prt_4_2_prt_other_months_3_prt_4  (cost=10000000000.00..10000000243.50 rows=140 width=48) (actual time=0.000..0.022 rows=0 loops=1)
               Filter: ((month >= 1) AND (month <= 3))
         ->  Seq Scan on date_parts_1_prt_4_2_prt_other_months_3_prt_other_days  (cost=10000000000.00..10000000243.50 rows=140 width=48) (actual time=0.000..0.029 rows=0 loops=1)
               Filter: ((month >= 1) AND (month <= 3))
         ->  Seq Scan on date_parts_1_prt_outlying_years_2_prt_q1_3_prt_2  (cost=10000000000.00..10000000243.50 rows=140 width=48) (actual time=0.000..0.022 rows=0 loops=1)
               Filter: ((month >= 1) AND (month <= 3))
         ->  Seq Scan on date_parts_1_prt_outlying_years_2_prt_q1_3_prt_3  (cost=10000000000.00..10000000243.50 rows=140 width=48) (actual time=0.000..0.022 rows=0 loops=1)
               Filter: ((month >= 1) AND (month <= 3))
         ->  Seq Scan on date_parts_1_prt_outlying_years_2_prt_q1_3_prt_4  (cost=10000000000.00..10000000243.50 rows=140 width=48) (actual time=0.000..0.021 rows=0 loops=1)
               Filter: ((month >= 1) AND (month <= 3))
         ->  Seq Scan on date_parts_1_prt_outlying_years_2_prt_q1_3_prt_other_days  (cost=10000000000.00..10000000243.50 rows=140 width=48) (actual time=0.000..0.023 rows=0 loops=1)
               Filter: ((month >= 1) AND (month <= 3))
         ->  Seq Scan on date_parts_1_prt_outlying_years_2_prt_other_months_3_prt_2  (cost=10000000000.00..10000000243.50 rows=140 width=48) (actual time=0.000..0.022 rows=0 loops=1)
               Filter: ((month >= 1) AND (month <= 3))
         ->  Seq Scan on date_parts_1_prt_outlying_years_2_prt_other_months_3_prt_3  (cost=10000000000.00..10000000243.50 rows=140 width=48) (actual time=0.000..0.021 rows=0 loops=1)
               Filter: ((month >= 1) AND (month <= 3))
         ->  Seq Scan on date_parts_1_prt_outlying_years_2_prt_other_months_3_prt_4  (cost=10000000000.00..10000000243.50 rows=140 width=48) (actual time=0.000..0.041 rows=0 loops=1)
               Filter: ((month >= 1) AND (month <= 3))
         ->  Seq Scan on date_parts_1_prt_outlying_years_2_prt_other_mo_3_prt_other_days  (cost=10000000000.00..10000000243.50 rows=140 width=48) (actual time=0.000..0.036 rows=0 loops=1)
               Filter: ((month >= 1) AND (month <= 3))
 Optimizer: Postgres query optimizer
 Planning Time: 28.309 ms
   (slice0)    Executor memory: 231K bytes.
   (slice1)    Executor memory: 274K bytes avg x 3 workers, 274K bytes max (seg0).
 Memory used:  128000kB
 Execution Time: 21.142 ms
(72 rows)

-- Expected total parts => 4 * 2 * 4 => 32: 
-- TODO #141973839: we selected extra parts because of disjunction: 48 parts: 4 * 3 * 4
explain analyze select * from DATE_PARTS where month between 1 and 4;
                                                                                         QUERY PLAN                                                                                         
--------------------------------------------------------------------------------------------------------------------------------------------------------------------------------------------
 Gather Motion 3:1  (slice1; segments: 3)  (cost=10000000000.00..480000011989.68 rows=20112 width=48) (actual time=8.477..15.269 rows=1201 loops=1)
   ->  Append  (cost=10000000000.00..480000011721.52 rows=6704 width=48) (actual time=0.037..7.940 rows=420 loops=1)
         ->  Seq Scan on date_parts_1_prt_2_2_prt_q1_3_prt_2  (cost=10000000000.00..10000000243.50 rows=140 width=48) (actual time=0.032..0.286 rows=44 loops=1)
               Filter: ((month >= 1) AND (month <= 4))
         ->  Seq Scan on date_parts_1_prt_2_2_prt_q1_3_prt_3  (cost=10000000000.00..10000000243.50 rows=140 width=48) (actual time=0.017..0.315 rows=46 loops=1)
               Filter: ((month >= 1) AND (month <= 4))
         ->  Seq Scan on date_parts_1_prt_2_2_prt_q1_3_prt_4  (cost=10000000000.00..10000000243.50 rows=140 width=48) (actual time=0.016..0.305 rows=45 loops=1)
               Filter: ((month >= 1) AND (month <= 4))
         ->  Seq Scan on date_parts_1_prt_2_2_prt_q1_3_prt_other_days  (cost=10000000000.00..10000000243.50 rows=140 width=48) (actual time=0.016..0.047 rows=4 loops=1)
               Filter: ((month >= 1) AND (month <= 4))
         ->  Seq Scan on date_parts_1_prt_2_2_prt_q2_3_prt_2  (cost=10000000000.00..10000000243.50 rows=140 width=48) (actual time=0.017..0.127 rows=17 loops=1)
               Filter: ((month >= 1) AND (month <= 4))
               Rows Removed by Filter: 34
         ->  Seq Scan on date_parts_1_prt_2_2_prt_q2_3_prt_3  (cost=10000000000.00..10000000243.50 rows=140 width=48) (actual time=0.017..0.133 rows=18 loops=1)
               Filter: ((month >= 1) AND (month <= 4))
               Rows Removed by Filter: 26
         ->  Seq Scan on date_parts_1_prt_2_2_prt_q2_3_prt_4  (cost=10000000000.00..10000000243.50 rows=140 width=48) (actual time=0.017..0.116 rows=15 loops=1)
               Filter: ((month >= 1) AND (month <= 4))
               Rows Removed by Filter: 30
         ->  Seq Scan on date_parts_1_prt_2_2_prt_q2_3_prt_other_days  (cost=10000000000.00..10000000243.50 rows=140 width=48) (actual time=0.000..0.041 rows=0 loops=1)
               Filter: ((month >= 1) AND (month <= 4))
         ->  Seq Scan on date_parts_1_prt_2_2_prt_other_months_3_prt_2  (cost=10000000000.00..10000000243.50 rows=140 width=48) (actual time=0.000..0.022 rows=0 loops=1)
               Filter: ((month >= 1) AND (month <= 4))
         ->  Seq Scan on date_parts_1_prt_2_2_prt_other_months_3_prt_3  (cost=10000000000.00..10000000243.50 rows=140 width=48) (actual time=0.000..0.022 rows=0 loops=1)
               Filter: ((month >= 1) AND (month <= 4))
         ->  Seq Scan on date_parts_1_prt_2_2_prt_other_months_3_prt_4  (cost=10000000000.00..10000000243.50 rows=140 width=48) (actual time=0.000..0.021 rows=0 loops=1)
               Filter: ((month >= 1) AND (month <= 4))
         ->  Seq Scan on date_parts_1_prt_2_2_prt_other_months_3_prt_other_days  (cost=10000000000.00..10000000243.50 rows=140 width=48) (actual time=0.000..0.022 rows=0 loops=1)
               Filter: ((month >= 1) AND (month <= 4))
         ->  Seq Scan on date_parts_1_prt_3_2_prt_q1_3_prt_2  (cost=10000000000.00..10000000243.50 rows=140 width=48) (actual time=0.016..0.365 rows=53 loops=1)
               Filter: ((month >= 1) AND (month <= 4))
         ->  Seq Scan on date_parts_1_prt_3_2_prt_q1_3_prt_3  (cost=10000000000.00..10000000243.50 rows=140 width=48) (actual time=0.016..0.273 rows=44 loops=1)
               Filter: ((month >= 1) AND (month <= 4))
         ->  Seq Scan on date_parts_1_prt_3_2_prt_q1_3_prt_4  (cost=10000000000.00..10000000243.50 rows=140 width=48) (actual time=0.017..0.248 rows=39 loops=1)
               Filter: ((month >= 1) AND (month <= 4))
         ->  Seq Scan on date_parts_1_prt_3_2_prt_q1_3_prt_other_days  (cost=10000000000.00..10000000243.50 rows=140 width=48) (actual time=0.035..0.072 rows=5 loops=1)
               Filter: ((month >= 1) AND (month <= 4))
         ->  Seq Scan on date_parts_1_prt_3_2_prt_q2_3_prt_2  (cost=10000000000.00..10000000243.50 rows=140 width=48) (actual time=0.019..0.126 rows=16 loops=1)
               Filter: ((month >= 1) AND (month <= 4))
               Rows Removed by Filter: 34
         ->  Seq Scan on date_parts_1_prt_3_2_prt_q2_3_prt_3  (cost=10000000000.00..10000000243.50 rows=140 width=48) (actual time=0.017..0.140 rows=16 loops=1)
               Filter: ((month >= 1) AND (month <= 4))
               Rows Removed by Filter: 22
         ->  Seq Scan on date_parts_1_prt_3_2_prt_q2_3_prt_4  (cost=10000000000.00..10000000243.50 rows=140 width=48) (actual time=0.016..0.124 rows=17 loops=1)
               Filter: ((month >= 1) AND (month <= 4))
               Rows Removed by Filter: 18
         ->  Seq Scan on date_parts_1_prt_3_2_prt_q2_3_prt_other_days  (cost=10000000000.00..10000000243.50 rows=140 width=48) (actual time=0.000..0.026 rows=0 loops=1)
               Filter: ((month >= 1) AND (month <= 4))
         ->  Seq Scan on date_parts_1_prt_3_2_prt_other_months_3_prt_2  (cost=10000000000.00..10000000243.50 rows=140 width=48) (actual time=0.000..0.022 rows=0 loops=1)
               Filter: ((month >= 1) AND (month <= 4))
         ->  Seq Scan on date_parts_1_prt_3_2_prt_other_months_3_prt_3  (cost=10000000000.00..10000000243.50 rows=140 width=48) (actual time=0.000..0.022 rows=0 loops=1)
               Filter: ((month >= 1) AND (month <= 4))
         ->  Seq Scan on date_parts_1_prt_3_2_prt_other_months_3_prt_4  (cost=10000000000.00..10000000243.50 rows=140 width=48) (actual time=0.000..0.021 rows=0 loops=1)
               Filter: ((month >= 1) AND (month <= 4))
         ->  Seq Scan on date_parts_1_prt_3_2_prt_other_months_3_prt_other_days  (cost=10000000000.00..10000000243.50 rows=140 width=48) (actual time=0.000..0.029 rows=0 loops=1)
               Filter: ((month >= 1) AND (month <= 4))
         ->  Seq Scan on date_parts_1_prt_4_2_prt_q1_3_prt_2  (cost=10000000000.00..10000000243.50 rows=140 width=48) (actual time=0.016..0.148 rows=22 loops=1)
               Filter: ((month >= 1) AND (month <= 4))
         ->  Seq Scan on date_parts_1_prt_4_2_prt_q1_3_prt_3  (cost=10000000000.00..10000000243.50 rows=140 width=48) (actual time=0.016..0.173 rows=26 loops=1)
               Filter: ((month >= 1) AND (month <= 4))
         ->  Seq Scan on date_parts_1_prt_4_2_prt_q1_3_prt_4  (cost=10000000000.00..10000000243.50 rows=140 width=48) (actual time=0.016..0.164 rows=25 loops=1)
               Filter: ((month >= 1) AND (month <= 4))
         ->  Seq Scan on date_parts_1_prt_4_2_prt_q1_3_prt_other_days  (cost=10000000000.00..10000000243.50 rows=140 width=48) (actual time=0.016..0.041 rows=3 loops=1)
               Filter: ((month >= 1) AND (month <= 4))
         ->  Seq Scan on date_parts_1_prt_4_2_prt_q2_3_prt_2  (cost=10000000000.00..10000000243.50 rows=140 width=48) (actual time=0.016..0.089 rows=11 loops=1)
               Filter: ((month >= 1) AND (month <= 4))
               Rows Removed by Filter: 11
         ->  Seq Scan on date_parts_1_prt_4_2_prt_q2_3_prt_3  (cost=10000000000.00..10000000243.50 rows=140 width=48) (actual time=0.016..0.072 rows=8 loops=1)
               Filter: ((month >= 1) AND (month <= 4))
               Rows Removed by Filter: 12
         ->  Seq Scan on date_parts_1_prt_4_2_prt_q2_3_prt_4  (cost=10000000000.00..10000000243.50 rows=140 width=48) (actual time=0.032..0.115 rows=9 loops=1)
               Filter: ((month >= 1) AND (month <= 4))
               Rows Removed by Filter: 21
         ->  Seq Scan on date_parts_1_prt_4_2_prt_q2_3_prt_other_days  (cost=10000000000.00..10000000243.50 rows=140 width=48) (actual time=0.000..0.033 rows=0 loops=1)
               Filter: ((month >= 1) AND (month <= 4))
         ->  Seq Scan on date_parts_1_prt_4_2_prt_other_months_3_prt_2  (cost=10000000000.00..10000000243.50 rows=140 width=48) (actual time=0.000..0.022 rows=0 loops=1)
               Filter: ((month >= 1) AND (month <= 4))
         ->  Seq Scan on date_parts_1_prt_4_2_prt_other_months_3_prt_3  (cost=10000000000.00..10000000243.50 rows=140 width=48) (actual time=0.000..0.035 rows=0 loops=1)
               Filter: ((month >= 1) AND (month <= 4))
         ->  Seq Scan on date_parts_1_prt_4_2_prt_other_months_3_prt_4  (cost=10000000000.00..10000000243.50 rows=140 width=48) (actual time=0.000..0.047 rows=0 loops=1)
               Filter: ((month >= 1) AND (month <= 4))
         ->  Seq Scan on date_parts_1_prt_4_2_prt_other_months_3_prt_other_days  (cost=10000000000.00..10000000243.50 rows=140 width=48) (actual time=0.000..0.023 rows=0 loops=1)
               Filter: ((month >= 1) AND (month <= 4))
         ->  Seq Scan on date_parts_1_prt_outlying_years_2_prt_q1_3_prt_2  (cost=10000000000.00..10000000243.50 rows=140 width=48) (actual time=0.000..0.022 rows=0 loops=1)
               Filter: ((month >= 1) AND (month <= 4))
         ->  Seq Scan on date_parts_1_prt_outlying_years_2_prt_q1_3_prt_3  (cost=10000000000.00..10000000243.50 rows=140 width=48) (actual time=0.000..0.041 rows=0 loops=1)
               Filter: ((month >= 1) AND (month <= 4))
         ->  Seq Scan on date_parts_1_prt_outlying_years_2_prt_q1_3_prt_4  (cost=10000000000.00..10000000243.50 rows=140 width=48) (actual time=0.000..0.035 rows=0 loops=1)
               Filter: ((month >= 1) AND (month <= 4))
         ->  Seq Scan on date_parts_1_prt_outlying_years_2_prt_q1_3_prt_other_days  (cost=10000000000.00..10000000243.50 rows=140 width=48) (actual time=0.000..0.036 rows=0 loops=1)
               Filter: ((month >= 1) AND (month <= 4))
         ->  Seq Scan on date_parts_1_prt_outlying_years_2_prt_q2_3_prt_2  (cost=10000000000.00..10000000243.50 rows=140 width=48) (actual time=0.000..0.021 rows=0 loops=1)
               Filter: ((month >= 1) AND (month <= 4))
         ->  Seq Scan on date_parts_1_prt_outlying_years_2_prt_q2_3_prt_3  (cost=10000000000.00..10000000243.50 rows=140 width=48) (actual time=0.000..0.060 rows=0 loops=1)
               Filter: ((month >= 1) AND (month <= 4))
         ->  Seq Scan on date_parts_1_prt_outlying_years_2_prt_q2_3_prt_4  (cost=10000000000.00..10000000243.50 rows=140 width=48) (actual time=0.000..0.036 rows=0 loops=1)
               Filter: ((month >= 1) AND (month <= 4))
         ->  Seq Scan on date_parts_1_prt_outlying_years_2_prt_q2_3_prt_other_days  (cost=10000000000.00..10000000243.50 rows=140 width=48) (actual time=0.000..0.021 rows=0 loops=1)
               Filter: ((month >= 1) AND (month <= 4))
         ->  Seq Scan on date_parts_1_prt_outlying_years_2_prt_other_months_3_prt_2  (cost=10000000000.00..10000000243.50 rows=140 width=48) (actual time=0.000..0.021 rows=0 loops=1)
               Filter: ((month >= 1) AND (month <= 4))
         ->  Seq Scan on date_parts_1_prt_outlying_years_2_prt_other_months_3_prt_3  (cost=10000000000.00..10000000243.50 rows=140 width=48) (actual time=0.000..0.035 rows=0 loops=1)
               Filter: ((month >= 1) AND (month <= 4))
         ->  Seq Scan on date_parts_1_prt_outlying_years_2_prt_other_months_3_prt_4  (cost=10000000000.00..10000000243.50 rows=140 width=48) (actual time=0.000..0.034 rows=0 loops=1)
               Filter: ((month >= 1) AND (month <= 4))
         ->  Seq Scan on date_parts_1_prt_outlying_years_2_prt_other_mo_3_prt_other_days  (cost=10000000000.00..10000000243.50 rows=140 width=48) (actual time=0.000..0.028 rows=0 loops=1)
               Filter: ((month >= 1) AND (month <= 4))
 Optimizer: Postgres query optimizer
 Planning Time: 27.777 ms
   (slice0)    Executor memory: 358K bytes.
   (slice1)    Executor memory: 410K bytes avg x 3 workers, 410K bytes max (seg0).
 Memory used:  128000kB
 Execution Time: 23.453 ms
(113 rows)

-- Expected total parts => 1 * 2 * 4 => 8: 
-- TODO #141973839: we selected extra parts because of disjunction: 24 parts: 2 * 3 * 4
explain analyze select * from DATE_PARTS where year = 2003 and month between 1 and 4;
                                                                                   QUERY PLAN                                                                                    
---------------------------------------------------------------------------------------------------------------------------------------------------------------------------------
 Gather Motion 3:1  (slice1; segments: 3)  (cost=10000000000.00..120000003341.75 rows=50 width=48) (actual time=2.056..2.696 rows=120 loops=1)
   ->  Append  (cost=10000000000.00..120000003341.08 rows=17 width=48) (actual time=0.041..1.027 rows=47 loops=1)
         ->  Seq Scan on date_parts_1_prt_2_2_prt_q1_3_prt_2  (cost=10000000000.00..10000000278.42 rows=1 width=48) (actual time=0.030..0.133 rows=16 loops=1)
               Filter: ((month >= 1) AND (month <= 4) AND (year = 2003))
               Rows Removed by Filter: 25
         ->  Seq Scan on date_parts_1_prt_2_2_prt_q1_3_prt_3  (cost=10000000000.00..10000000278.42 rows=1 width=48) (actual time=0.020..0.099 rows=12 loops=1)
               Filter: ((month >= 1) AND (month <= 4) AND (year = 2003))
               Rows Removed by Filter: 34
         ->  Seq Scan on date_parts_1_prt_2_2_prt_q1_3_prt_4  (cost=10000000000.00..10000000278.42 rows=1 width=48) (actual time=0.017..0.085 rows=10 loops=1)
               Filter: ((month >= 1) AND (month <= 4) AND (year = 2003))
               Rows Removed by Filter: 27
         ->  Seq Scan on date_parts_1_prt_2_2_prt_q1_3_prt_other_days  (cost=10000000000.00..10000000278.42 rows=1 width=48) (actual time=0.015..0.037 rows=2 loops=1)
               Filter: ((month >= 1) AND (month <= 4) AND (year = 2003))
               Rows Removed by Filter: 1
         ->  Seq Scan on date_parts_1_prt_2_2_prt_q2_3_prt_2  (cost=10000000000.00..10000000278.42 rows=1 width=48) (actual time=0.018..0.067 rows=6 loops=1)
               Filter: ((month >= 1) AND (month <= 4) AND (year = 2003))
               Rows Removed by Filter: 45
         ->  Seq Scan on date_parts_1_prt_2_2_prt_q2_3_prt_3  (cost=10000000000.00..10000000278.42 rows=1 width=48) (actual time=0.018..0.059 rows=5 loops=1)
               Filter: ((month >= 1) AND (month <= 4) AND (year = 2003))
               Rows Removed by Filter: 30
         ->  Seq Scan on date_parts_1_prt_2_2_prt_q2_3_prt_4  (cost=10000000000.00..10000000278.42 rows=1 width=48) (actual time=0.019..0.056 rows=4 loops=1)
               Filter: ((month >= 1) AND (month <= 4) AND (year = 2003))
               Rows Removed by Filter: 41
         ->  Seq Scan on date_parts_1_prt_2_2_prt_q2_3_prt_other_days  (cost=10000000000.00..10000000278.42 rows=1 width=48) (actual time=0.000..0.041 rows=0 loops=1)
               Filter: ((month >= 1) AND (month <= 4) AND (year = 2003))
         ->  Seq Scan on date_parts_1_prt_2_2_prt_other_months_3_prt_2  (cost=10000000000.00..10000000278.42 rows=1 width=48) (actual time=0.000..0.022 rows=0 loops=1)
               Filter: ((month >= 1) AND (month <= 4) AND (year = 2003))
         ->  Seq Scan on date_parts_1_prt_2_2_prt_other_months_3_prt_3  (cost=10000000000.00..10000000278.42 rows=1 width=48) (actual time=0.000..0.021 rows=0 loops=1)
               Filter: ((month >= 1) AND (month <= 4) AND (year = 2003))
         ->  Seq Scan on date_parts_1_prt_2_2_prt_other_months_3_prt_4  (cost=10000000000.00..10000000278.42 rows=1 width=48) (actual time=0.000..0.021 rows=0 loops=1)
               Filter: ((month >= 1) AND (month <= 4) AND (year = 2003))
         ->  Seq Scan on date_parts_1_prt_2_2_prt_other_months_3_prt_other_days  (cost=10000000000.00..10000000278.42 rows=1 width=48) (actual time=0.000..0.021 rows=0 loops=1)
               Filter: ((month >= 1) AND (month <= 4) AND (year = 2003))
 Optimizer: Postgres query optimizer
 Planning Time: 12.493 ms
   (slice0)    Executor memory: 104K bytes.
   (slice1)    Executor memory: 108K bytes avg x 3 workers, 108K bytes max (seg0).
 Memory used:  128000kB
 Execution Time: 4.097 ms
(39 rows)

-- 1 :: 5 :: 4 => 20 // Only default for year
explain analyze select * from DATE_PARTS where year = 1999;
                                                                                        QUERY PLAN                                                                                         
-------------------------------------------------------------------------------------------------------------------------------------------------------------------------------------------
 Gather Motion 3:1  (slice1; segments: 3)  (cost=10000000000.00..200000004184.24 rows=838 width=48) (actual time=2.588..2.600 rows=0 loops=1)
   ->  Append  (cost=10000000000.00..200000004173.06 rows=279 width=48) (actual time=0.000..0.477 rows=0 loops=1)
         ->  Seq Scan on date_parts_1_prt_outlying_years_2_prt_q1_3_prt_2  (cost=10000000000.00..10000000208.58 rows=14 width=48) (actual time=0.000..0.041 rows=0 loops=1)
               Filter: (year = 1999)
         ->  Seq Scan on date_parts_1_prt_outlying_years_2_prt_q1_3_prt_3  (cost=10000000000.00..10000000208.58 rows=14 width=48) (actual time=0.000..0.027 rows=0 loops=1)
               Filter: (year = 1999)
         ->  Seq Scan on date_parts_1_prt_outlying_years_2_prt_q1_3_prt_4  (cost=10000000000.00..10000000208.58 rows=14 width=48) (actual time=0.000..0.029 rows=0 loops=1)
               Filter: (year = 1999)
         ->  Seq Scan on date_parts_1_prt_outlying_years_2_prt_q1_3_prt_other_days  (cost=10000000000.00..10000000208.58 rows=14 width=48) (actual time=0.000..0.026 rows=0 loops=1)
               Filter: (year = 1999)
         ->  Seq Scan on date_parts_1_prt_outlying_years_2_prt_q2_3_prt_2  (cost=10000000000.00..10000000208.58 rows=14 width=48) (actual time=0.000..0.042 rows=0 loops=1)
               Filter: (year = 1999)
         ->  Seq Scan on date_parts_1_prt_outlying_years_2_prt_q2_3_prt_3  (cost=10000000000.00..10000000208.58 rows=14 width=48) (actual time=0.000..0.027 rows=0 loops=1)
               Filter: (year = 1999)
         ->  Seq Scan on date_parts_1_prt_outlying_years_2_prt_q2_3_prt_4  (cost=10000000000.00..10000000208.58 rows=14 width=48) (actual time=0.000..0.041 rows=0 loops=1)
               Filter: (year = 1999)
         ->  Seq Scan on date_parts_1_prt_outlying_years_2_prt_q2_3_prt_other_days  (cost=10000000000.00..10000000208.58 rows=14 width=48) (actual time=0.000..0.041 rows=0 loops=1)
               Filter: (year = 1999)
         ->  Seq Scan on date_parts_1_prt_outlying_years_2_prt_q3_3_prt_2  (cost=10000000000.00..10000000208.58 rows=14 width=48) (actual time=0.000..0.027 rows=0 loops=1)
               Filter: (year = 1999)
         ->  Seq Scan on date_parts_1_prt_outlying_years_2_prt_q3_3_prt_3  (cost=10000000000.00..10000000208.58 rows=14 width=48) (actual time=0.000..0.040 rows=0 loops=1)
               Filter: (year = 1999)
         ->  Seq Scan on date_parts_1_prt_outlying_years_2_prt_q3_3_prt_4  (cost=10000000000.00..10000000208.58 rows=14 width=48) (actual time=0.000..0.028 rows=0 loops=1)
               Filter: (year = 1999)
         ->  Seq Scan on date_parts_1_prt_outlying_years_2_prt_q3_3_prt_other_days  (cost=10000000000.00..10000000208.58 rows=14 width=48) (actual time=0.000..0.027 rows=0 loops=1)
               Filter: (year = 1999)
         ->  Seq Scan on date_parts_1_prt_outlying_years_2_prt_q4_3_prt_2  (cost=10000000000.00..10000000208.58 rows=14 width=48) (actual time=0.000..0.028 rows=0 loops=1)
               Filter: (year = 1999)
         ->  Seq Scan on date_parts_1_prt_outlying_years_2_prt_q4_3_prt_3  (cost=10000000000.00..10000000208.58 rows=14 width=48) (actual time=0.000..0.027 rows=0 loops=1)
               Filter: (year = 1999)
         ->  Seq Scan on date_parts_1_prt_outlying_years_2_prt_q4_3_prt_4  (cost=10000000000.00..10000000208.58 rows=14 width=48) (actual time=0.000..0.027 rows=0 loops=1)
               Filter: (year = 1999)
         ->  Seq Scan on date_parts_1_prt_outlying_years_2_prt_q4_3_prt_other_days  (cost=10000000000.00..10000000208.58 rows=14 width=48) (actual time=0.000..0.041 rows=0 loops=1)
               Filter: (year = 1999)
         ->  Seq Scan on date_parts_1_prt_outlying_years_2_prt_other_months_3_prt_2  (cost=10000000000.00..10000000208.58 rows=14 width=48) (actual time=0.000..0.027 rows=0 loops=1)
               Filter: (year = 1999)
         ->  Seq Scan on date_parts_1_prt_outlying_years_2_prt_other_months_3_prt_3  (cost=10000000000.00..10000000208.58 rows=14 width=48) (actual time=0.000..0.027 rows=0 loops=1)
               Filter: (year = 1999)
         ->  Seq Scan on date_parts_1_prt_outlying_years_2_prt_other_months_3_prt_4  (cost=10000000000.00..10000000208.58 rows=14 width=48) (actual time=0.000..0.027 rows=0 loops=1)
               Filter: (year = 1999)
         ->  Seq Scan on date_parts_1_prt_outlying_years_2_prt_other_mo_3_prt_other_days  (cost=10000000000.00..10000000208.58 rows=14 width=48) (actual time=0.000..0.027 rows=0 loops=1)
               Filter: (year = 1999)
 Optimizer: Postgres query optimizer
 Planning Time: 20.828 ms
   (slice0)    Executor memory: 135K bytes.
   (slice1)    Executor memory: 171K bytes avg x 3 workers, 171K bytes max (seg0).
 Memory used:  128000kB
 Execution Time: 5.046 ms
(48 rows)

-- 4 :: 1 :: 4 => 16 // Only default for month
explain analyze select * from DATE_PARTS where month = 13;
                                                                                        QUERY PLAN                                                                                         
-------------------------------------------------------------------------------------------------------------------------------------------------------------------------------------------
 Gather Motion 3:1  (slice1; segments: 3)  (cost=10000000000.00..160000003347.39 rows=670 width=48) (actual time=1.369..1.381 rows=0 loops=1)
   ->  Append  (cost=10000000000.00..160000003338.45 rows=223 width=48) (actual time=0.000..0.366 rows=0 loops=1)
         ->  Seq Scan on date_parts_1_prt_2_2_prt_other_months_3_prt_2  (cost=10000000000.00..10000000208.58 rows=14 width=48) (actual time=0.000..0.038 rows=0 loops=1)
               Filter: (month = 13)
         ->  Seq Scan on date_parts_1_prt_2_2_prt_other_months_3_prt_3  (cost=10000000000.00..10000000208.58 rows=14 width=48) (actual time=0.000..0.026 rows=0 loops=1)
               Filter: (month = 13)
         ->  Seq Scan on date_parts_1_prt_2_2_prt_other_months_3_prt_4  (cost=10000000000.00..10000000208.58 rows=14 width=48) (actual time=0.000..0.025 rows=0 loops=1)
               Filter: (month = 13)
         ->  Seq Scan on date_parts_1_prt_2_2_prt_other_months_3_prt_other_days  (cost=10000000000.00..10000000208.58 rows=14 width=48) (actual time=0.000..0.025 rows=0 loops=1)
               Filter: (month = 13)
         ->  Seq Scan on date_parts_1_prt_3_2_prt_other_months_3_prt_2  (cost=10000000000.00..10000000208.58 rows=14 width=48) (actual time=0.000..0.026 rows=0 loops=1)
               Filter: (month = 13)
         ->  Seq Scan on date_parts_1_prt_3_2_prt_other_months_3_prt_3  (cost=10000000000.00..10000000208.58 rows=14 width=48) (actual time=0.000..0.025 rows=0 loops=1)
               Filter: (month = 13)
         ->  Seq Scan on date_parts_1_prt_3_2_prt_other_months_3_prt_4  (cost=10000000000.00..10000000208.58 rows=14 width=48) (actual time=0.000..0.025 rows=0 loops=1)
               Filter: (month = 13)
         ->  Seq Scan on date_parts_1_prt_3_2_prt_other_months_3_prt_other_days  (cost=10000000000.00..10000000208.58 rows=14 width=48) (actual time=0.000..0.039 rows=0 loops=1)
               Filter: (month = 13)
         ->  Seq Scan on date_parts_1_prt_4_2_prt_other_months_3_prt_2  (cost=10000000000.00..10000000208.58 rows=14 width=48) (actual time=0.000..0.026 rows=0 loops=1)
               Filter: (month = 13)
         ->  Seq Scan on date_parts_1_prt_4_2_prt_other_months_3_prt_3  (cost=10000000000.00..10000000208.58 rows=14 width=48) (actual time=0.000..0.025 rows=0 loops=1)
               Filter: (month = 13)
         ->  Seq Scan on date_parts_1_prt_4_2_prt_other_months_3_prt_4  (cost=10000000000.00..10000000208.58 rows=14 width=48) (actual time=0.000..0.025 rows=0 loops=1)
               Filter: (month = 13)
         ->  Seq Scan on date_parts_1_prt_4_2_prt_other_months_3_prt_other_days  (cost=10000000000.00..10000000208.58 rows=14 width=48) (actual time=0.000..0.025 rows=0 loops=1)
               Filter: (month = 13)
         ->  Seq Scan on date_parts_1_prt_outlying_years_2_prt_other_months_3_prt_2  (cost=10000000000.00..10000000208.58 rows=14 width=48) (actual time=0.000..0.025 rows=0 loops=1)
               Filter: (month = 13)
         ->  Seq Scan on date_parts_1_prt_outlying_years_2_prt_other_months_3_prt_3  (cost=10000000000.00..10000000208.58 rows=14 width=48) (actual time=0.000..0.025 rows=0 loops=1)
               Filter: (month = 13)
         ->  Seq Scan on date_parts_1_prt_outlying_years_2_prt_other_months_3_prt_4  (cost=10000000000.00..10000000208.58 rows=14 width=48) (actual time=0.000..0.026 rows=0 loops=1)
               Filter: (month = 13)
         ->  Seq Scan on date_parts_1_prt_outlying_years_2_prt_other_mo_3_prt_other_days  (cost=10000000000.00..10000000208.58 rows=14 width=48) (actual time=0.000..0.035 rows=0 loops=1)
               Filter: (month = 13)
 Optimizer: Postgres query optimizer
 Planning Time: 19.412 ms
   (slice0)    Executor memory: 114K bytes.
   (slice1)    Executor memory: 135K bytes avg x 3 workers, 135K bytes max (seg0).
 Memory used:  128000kB
 Execution Time: 3.472 ms
(40 rows)

-- 1 :: 1 :: 4 => 4 // Default for both year and month
explain analyze select * from DATE_PARTS where year = 1999 and month = 13;
                                                                                        QUERY PLAN                                                                                        
------------------------------------------------------------------------------------------------------------------------------------------------------------------------------------------
 Gather Motion 3:1  (slice1; segments: 3)  (cost=10000000000.00..40000000974.18 rows=12 width=48) (actual time=0.657..0.668 rows=0 loops=1)
   ->  Append  (cost=10000000000.00..40000000974.02 rows=4 width=48) (actual time=0.000..0.121 rows=0 loops=1)
         ->  Seq Scan on date_parts_1_prt_outlying_years_2_prt_other_months_3_prt_2  (cost=10000000000.00..10000000243.50 rows=1 width=48) (actual time=0.000..0.039 rows=0 loops=1)
               Filter: ((year = 1999) AND (month = 13))
         ->  Seq Scan on date_parts_1_prt_outlying_years_2_prt_other_months_3_prt_3  (cost=10000000000.00..10000000243.50 rows=1 width=48) (actual time=0.000..0.025 rows=0 loops=1)
               Filter: ((year = 1999) AND (month = 13))
         ->  Seq Scan on date_parts_1_prt_outlying_years_2_prt_other_months_3_prt_4  (cost=10000000000.00..10000000243.50 rows=1 width=48) (actual time=0.000..0.025 rows=0 loops=1)
               Filter: ((year = 1999) AND (month = 13))
         ->  Seq Scan on date_parts_1_prt_outlying_years_2_prt_other_mo_3_prt_other_days  (cost=10000000000.00..10000000243.50 rows=1 width=48) (actual time=0.000..0.025 rows=0 loops=1)
               Filter: ((year = 1999) AND (month = 13))
 Optimizer: Postgres query optimizer
 Planning Time: 13.378 ms
   (slice0)    Executor memory: 49K bytes.
   (slice1)    Executor memory: 49K bytes avg x 3 workers, 49K bytes max (seg0).
 Memory used:  128000kB
 Execution Time: 2.081 ms
(16 rows)

-- 4 :: 5 :: 1 => 20 // Only default part for day
explain analyze select * from DATE_PARTS where day = 40;
                                                                                        QUERY PLAN                                                                                         
-------------------------------------------------------------------------------------------------------------------------------------------------------------------------------------------
 Gather Motion 3:1  (slice1; segments: 3)  (cost=10000000000.00..200000004184.24 rows=838 width=48) (actual time=1.413..1.423 rows=0 loops=1)
   ->  Append  (cost=10000000000.00..200000004173.06 rows=279 width=48) (actual time=0.000..0.417 rows=0 loops=1)
         ->  Seq Scan on date_parts_1_prt_2_2_prt_q1_3_prt_other_days  (cost=10000000000.00..10000000208.58 rows=14 width=48) (actual time=0.000..0.039 rows=0 loops=1)
               Filter: (day = 40)
         ->  Seq Scan on date_parts_1_prt_2_2_prt_q2_3_prt_other_days  (cost=10000000000.00..10000000208.58 rows=14 width=48) (actual time=0.000..0.026 rows=0 loops=1)
               Filter: (day = 40)
         ->  Seq Scan on date_parts_1_prt_2_2_prt_q3_3_prt_other_days  (cost=10000000000.00..10000000208.58 rows=14 width=48) (actual time=0.000..0.027 rows=0 loops=1)
               Filter: (day = 40)
         ->  Seq Scan on date_parts_1_prt_2_2_prt_q4_3_prt_other_days  (cost=10000000000.00..10000000208.58 rows=14 width=48) (actual time=0.000..0.026 rows=0 loops=1)
               Filter: (day = 40)
         ->  Seq Scan on date_parts_1_prt_2_2_prt_other_months_3_prt_other_days  (cost=10000000000.00..10000000208.58 rows=14 width=48) (actual time=0.000..0.022 rows=0 loops=1)
               Filter: (day = 40)
         ->  Seq Scan on date_parts_1_prt_3_2_prt_q1_3_prt_other_days  (cost=10000000000.00..10000000208.58 rows=14 width=48) (actual time=0.000..0.025 rows=0 loops=1)
               Filter: (day = 40)
         ->  Seq Scan on date_parts_1_prt_3_2_prt_q2_3_prt_other_days  (cost=10000000000.00..10000000208.58 rows=14 width=48) (actual time=0.000..0.025 rows=0 loops=1)
               Filter: (day = 40)
         ->  Seq Scan on date_parts_1_prt_3_2_prt_q3_3_prt_other_days  (cost=10000000000.00..10000000208.58 rows=14 width=48) (actual time=0.000..0.038 rows=0 loops=1)
               Filter: (day = 40)
         ->  Seq Scan on date_parts_1_prt_3_2_prt_q4_3_prt_other_days  (cost=10000000000.00..10000000208.58 rows=14 width=48) (actual time=0.000..0.025 rows=0 loops=1)
               Filter: (day = 40)
         ->  Seq Scan on date_parts_1_prt_3_2_prt_other_months_3_prt_other_days  (cost=10000000000.00..10000000208.58 rows=14 width=48) (actual time=0.000..0.022 rows=0 loops=1)
               Filter: (day = 40)
         ->  Seq Scan on date_parts_1_prt_4_2_prt_q1_3_prt_other_days  (cost=10000000000.00..10000000208.58 rows=14 width=48) (actual time=0.000..0.026 rows=0 loops=1)
               Filter: (day = 40)
         ->  Seq Scan on date_parts_1_prt_4_2_prt_q2_3_prt_other_days  (cost=10000000000.00..10000000208.58 rows=14 width=48) (actual time=0.000..0.024 rows=0 loops=1)
               Filter: (day = 40)
         ->  Seq Scan on date_parts_1_prt_4_2_prt_q3_3_prt_other_days  (cost=10000000000.00..10000000208.58 rows=14 width=48) (actual time=0.000..0.026 rows=0 loops=1)
               Filter: (day = 40)
         ->  Seq Scan on date_parts_1_prt_4_2_prt_q4_3_prt_other_days  (cost=10000000000.00..10000000208.58 rows=14 width=48) (actual time=0.000..0.025 rows=0 loops=1)
               Filter: (day = 40)
         ->  Seq Scan on date_parts_1_prt_4_2_prt_other_months_3_prt_other_days  (cost=10000000000.00..10000000208.58 rows=14 width=48) (actual time=0.000..0.021 rows=0 loops=1)
               Filter: (day = 40)
         ->  Seq Scan on date_parts_1_prt_outlying_years_2_prt_q1_3_prt_other_days  (cost=10000000000.00..10000000208.58 rows=14 width=48) (actual time=0.000..0.021 rows=0 loops=1)
               Filter: (day = 40)
         ->  Seq Scan on date_parts_1_prt_outlying_years_2_prt_q2_3_prt_other_days  (cost=10000000000.00..10000000208.58 rows=14 width=48) (actual time=0.000..0.021 rows=0 loops=1)
               Filter: (day = 40)
         ->  Seq Scan on date_parts_1_prt_outlying_years_2_prt_q3_3_prt_other_days  (cost=10000000000.00..10000000208.58 rows=14 width=48) (actual time=0.000..0.021 rows=0 loops=1)
               Filter: (day = 40)
         ->  Seq Scan on date_parts_1_prt_outlying_years_2_prt_q4_3_prt_other_days  (cost=10000000000.00..10000000208.58 rows=14 width=48) (actual time=0.000..0.021 rows=0 loops=1)
               Filter: (day = 40)
         ->  Seq Scan on date_parts_1_prt_outlying_years_2_prt_other_mo_3_prt_other_days  (cost=10000000000.00..10000000208.58 rows=14 width=48) (actual time=0.000..0.021 rows=0 loops=1)
               Filter: (day = 40)
 Optimizer: Postgres query optimizer
 Planning Time: 22.754 ms
   (slice0)    Executor memory: 137K bytes.
   (slice1)    Executor memory: 172K bytes avg x 3 workers, 172K bytes max (seg0).
 Memory used:  128000kB
 Execution Time: 3.426 ms
(48 rows)

-- General predicate
-- TODO #141973839. We expected 112 parts: (month = 1) =>   4 * 1 * 4 => 16, month > 3 => 4 * 4 * 4 => 64, month in (0, 1, 2) => 4 * 1 * 4 => 16, month is NULL => 4 * 1 * 4 => 16.
-- However, we selected 128 parts: (month = 1) =>   4 * 1 * 4 => 16, month > 3 => 4 * 4 * 4 => 64, month in (0, 1, 2) => 4 * 2 * 4 => 32, month is NULL => 4 * 1 * 4 => 16.
explain analyze select * from DATE_PARTS where month = 1 union all select * from DATE_PARTS where month > 3 union all select * from DATE_PARTS where month in (0,1,2) union all select * from DATE_PARTS where month is null;
                                                                                                                           QUERY PLAN                                                                                                                            
-----------------------------------------------------------------------------------------------------------------------------------------------------------------------------------------------------------------------------------------------------------------
 Gather Motion 3:1  (slice1; segments: 3)  (cost=10000000000.00..1280000044683.26 rows=899230 width=48) (actual time=12.026..52.338 rows=3649 loops=1)
   ->  Append  (cost=10000000000.00..1280000032693.53 rows=299743 width=48) (actual time=0.049..52.683 rows=1227 loops=1)
         ->  Append  (cost=10000000000.00..160000003338.45 rows=223 width=48) (actual time=0.039..2.076 rows=110 loops=1)
               ->  Seq Scan on date_parts_1_prt_2_2_prt_q1_3_prt_2  (cost=10000000000.00..10000000208.58 rows=14 width=48) (actual time=0.026..0.151 rows=20 loops=1)
                     Filter: (month = 1)
                     Rows Removed by Filter: 21
               ->  Seq Scan on date_parts_1_prt_2_2_prt_q1_3_prt_3  (cost=10000000000.00..10000000208.58 rows=14 width=48) (actual time=0.016..0.108 rows=14 loops=1)
                     Filter: (month = 1)
                     Rows Removed by Filter: 22
               ->  Seq Scan on date_parts_1_prt_2_2_prt_q1_3_prt_4  (cost=10000000000.00..10000000208.58 rows=14 width=48) (actual time=0.016..0.119 rows=16 loops=1)
                     Filter: (month = 1)
                     Rows Removed by Filter: 29
               ->  Seq Scan on date_parts_1_prt_2_2_prt_q1_3_prt_other_days  (cost=10000000000.00..10000000208.58 rows=14 width=48) (actual time=0.015..0.043 rows=3 loops=1)
                     Filter: (month = 1)
                     Rows Removed by Filter: 1
               ->  Seq Scan on date_parts_1_prt_3_2_prt_q1_3_prt_2  (cost=10000000000.00..10000000208.58 rows=14 width=48) (actual time=0.016..0.120 rows=16 loops=1)
                     Filter: (month = 1)
                     Rows Removed by Filter: 37
               ->  Seq Scan on date_parts_1_prt_3_2_prt_q1_3_prt_3  (cost=10000000000.00..10000000208.58 rows=14 width=48) (actual time=0.016..0.114 rows=15 loops=1)
                     Filter: (month = 1)
                     Rows Removed by Filter: 27
               ->  Seq Scan on date_parts_1_prt_3_2_prt_q1_3_prt_4  (cost=10000000000.00..10000000208.58 rows=14 width=48) (actual time=0.016..0.113 rows=15 loops=1)
                     Filter: (month = 1)
                     Rows Removed by Filter: 24
               ->  Seq Scan on date_parts_1_prt_3_2_prt_q1_3_prt_other_days  (cost=10000000000.00..10000000208.58 rows=14 width=48) (actual time=0.016..0.039 rows=2 loops=1)
                     Filter: (month = 1)
                     Rows Removed by Filter: 3
               ->  Seq Scan on date_parts_1_prt_4_2_prt_q1_3_prt_2  (cost=10000000000.00..10000000208.58 rows=14 width=48) (actual time=0.015..0.085 rows=7 loops=1)
                     Filter: (month = 1)
                     Rows Removed by Filter: 15
               ->  Seq Scan on date_parts_1_prt_4_2_prt_q1_3_prt_3  (cost=10000000000.00..10000000208.58 rows=14 width=48) (actual time=0.023..0.080 rows=8 loops=1)
                     Filter: (month = 1)
                     Rows Removed by Filter: 11
               ->  Seq Scan on date_parts_1_prt_4_2_prt_q1_3_prt_4  (cost=10000000000.00..10000000208.58 rows=14 width=48) (actual time=0.015..0.107 rows=9 loops=1)
                     Filter: (month = 1)
                     Rows Removed by Filter: 16
               ->  Seq Scan on date_parts_1_prt_4_2_prt_q1_3_prt_other_days  (cost=10000000000.00..10000000208.58 rows=14 width=48) (actual time=0.016..0.039 rows=2 loops=1)
                     Filter: (month = 1)
                     Rows Removed by Filter: 1
               ->  Seq Scan on date_parts_1_prt_outlying_years_2_prt_q1_3_prt_2  (cost=10000000000.00..10000000208.58 rows=14 width=48) (actual time=0.000..0.024 rows=0 loops=1)
                     Filter: (month = 1)
               ->  Seq Scan on date_parts_1_prt_outlying_years_2_prt_q1_3_prt_3  (cost=10000000000.00..10000000208.58 rows=14 width=48) (actual time=0.000..0.023 rows=0 loops=1)
                     Filter: (month = 1)
               ->  Seq Scan on date_parts_1_prt_outlying_years_2_prt_q1_3_prt_4  (cost=10000000000.00..10000000208.58 rows=14 width=48) (actual time=0.000..0.023 rows=0 loops=1)
                     Filter: (month = 1)
               ->  Seq Scan on date_parts_1_prt_outlying_years_2_prt_q1_3_prt_other_days  (cost=10000000000.00..10000000208.58 rows=14 width=48) (actual time=0.000..0.032 rows=0 loops=1)
                     Filter: (month = 1)
         ->  Append  (cost=10000000000.00..640000014839.11 rows=297956 width=48) (actual time=0.025..31.689 rows=924 loops=1)
               ->  Seq Scan on date_parts_1_prt_2_2_prt_q2_3_prt_2  (cost=10000000000.00..10000000208.58 rows=4656 width=48) (actual time=0.016..0.306 rows=51 loops=1)
                     Filter: (month > 3)
               ->  Seq Scan on date_parts_1_prt_2_2_prt_q2_3_prt_3  (cost=10000000000.00..10000000208.58 rows=4656 width=48) (actual time=0.016..0.269 rows=44 loops=1)
                     Filter: (month > 3)
               ->  Seq Scan on date_parts_1_prt_2_2_prt_q2_3_prt_4  (cost=10000000000.00..10000000208.58 rows=4656 width=48) (actual time=0.016..0.275 rows=45 loops=1)
                     Filter: (month > 3)
               ->  Seq Scan on date_parts_1_prt_2_2_prt_q2_3_prt_other_days  (cost=10000000000.00..10000000208.58 rows=4656 width=48) (actual time=0.016..0.038 rows=2 loops=1)
                     Filter: (month > 3)
               ->  Seq Scan on date_parts_1_prt_2_2_prt_q3_3_prt_2  (cost=10000000000.00..10000000208.58 rows=4656 width=48) (actual time=0.017..0.276 rows=45 loops=1)
                     Filter: (month > 3)
               ->  Seq Scan on date_parts_1_prt_2_2_prt_q3_3_prt_3  (cost=10000000000.00..10000000208.58 rows=4656 width=48) (actual time=0.016..0.270 rows=44 loops=1)
                     Filter: (month > 3)
               ->  Seq Scan on date_parts_1_prt_2_2_prt_q3_3_prt_4  (cost=10000000000.00..10000000208.58 rows=4656 width=48) (actual time=0.020..0.302 rows=49 loops=1)
                     Filter: (month > 3)
               ->  Seq Scan on date_parts_1_prt_2_2_prt_q3_3_prt_other_days  (cost=10000000000.00..10000000208.58 rows=4656 width=48) (actual time=0.016..0.050 rows=4 loops=1)
                     Filter: (month > 3)
               ->  Seq Scan on date_parts_1_prt_2_2_prt_q4_3_prt_2  (cost=10000000000.00..10000000208.58 rows=4656 width=48) (actual time=0.016..0.258 rows=42 loops=1)
                     Filter: (month > 3)
               ->  Seq Scan on date_parts_1_prt_2_2_prt_q4_3_prt_3  (cost=10000000000.00..10000000208.58 rows=4656 width=48) (actual time=0.016..0.280 rows=46 loops=1)
                     Filter: (month > 3)
               ->  Seq Scan on date_parts_1_prt_2_2_prt_q4_3_prt_4  (cost=10000000000.00..10000000208.58 rows=4656 width=48) (actual time=0.016..0.273 rows=42 loops=1)
                     Filter: (month > 3)
               ->  Seq Scan on date_parts_1_prt_2_2_prt_q4_3_prt_other_days  (cost=10000000000.00..10000000208.58 rows=4656 width=48) (actual time=0.016..0.044 rows=3 loops=1)
                     Filter: (month > 3)
               ->  Seq Scan on date_parts_1_prt_2_2_prt_other_months_3_prt_2  (cost=10000000000.00..10000000208.58 rows=4656 width=48) (actual time=0.000..0.024 rows=0 loops=1)
                     Filter: (month > 3)
               ->  Seq Scan on date_parts_1_prt_2_2_prt_other_months_3_prt_3  (cost=10000000000.00..10000000208.58 rows=4656 width=48) (actual time=0.000..0.023 rows=0 loops=1)
                     Filter: (month > 3)
               ->  Seq Scan on date_parts_1_prt_2_2_prt_other_months_3_prt_4  (cost=10000000000.00..10000000208.58 rows=4656 width=48) (actual time=0.000..0.023 rows=0 loops=1)
                     Filter: (month > 3)
               ->  Seq Scan on date_parts_1_prt_2_2_prt_other_months_3_prt_other_days  (cost=10000000000.00..10000000208.58 rows=4656 width=48) (actual time=0.000..0.030 rows=0 loops=1)
                     Filter: (month > 3)
               ->  Seq Scan on date_parts_1_prt_3_2_prt_q2_3_prt_2  (cost=10000000000.00..10000000208.58 rows=4656 width=48) (actual time=0.016..0.303 rows=50 loops=1)
                     Filter: (month > 3)
               ->  Seq Scan on date_parts_1_prt_3_2_prt_q2_3_prt_3  (cost=10000000000.00..10000000208.58 rows=4656 width=48) (actual time=0.025..0.262 rows=42 loops=1)
                     Filter: (month > 3)
               ->  Seq Scan on date_parts_1_prt_3_2_prt_q2_3_prt_4  (cost=10000000000.00..10000000208.58 rows=4656 width=48) (actual time=0.020..0.276 rows=45 loops=1)
                     Filter: (month > 3)
               ->  Seq Scan on date_parts_1_prt_3_2_prt_q2_3_prt_other_days  (cost=10000000000.00..10000000208.58 rows=4656 width=48) (actual time=0.017..0.039 rows=2 loops=1)
                     Filter: (month > 3)
               ->  Seq Scan on date_parts_1_prt_3_2_prt_q3_3_prt_2  (cost=10000000000.00..10000000208.58 rows=4656 width=48) (actual time=0.016..0.270 rows=44 loops=1)
                     Filter: (month > 3)
               ->  Seq Scan on date_parts_1_prt_3_2_prt_q3_3_prt_3  (cost=10000000000.00..10000000208.58 rows=4656 width=48) (actual time=0.016..0.266 rows=44 loops=1)
                     Filter: (month > 3)
               ->  Seq Scan on date_parts_1_prt_3_2_prt_q3_3_prt_4  (cost=10000000000.00..10000000208.58 rows=4656 width=48) (actual time=0.024..0.363 rows=47 loops=1)
                     Filter: (month > 3)
               ->  Seq Scan on date_parts_1_prt_3_2_prt_q3_3_prt_other_days  (cost=10000000000.00..10000000208.58 rows=4656 width=48) (actual time=0.017..0.050 rows=4 loops=1)
                     Filter: (month > 3)
               ->  Seq Scan on date_parts_1_prt_3_2_prt_q4_3_prt_2  (cost=10000000000.00..10000000208.58 rows=4656 width=48) (actual time=0.055..0.311 rows=41 loops=1)
                     Filter: (month > 3)
               ->  Seq Scan on date_parts_1_prt_3_2_prt_q4_3_prt_3  (cost=10000000000.00..10000000208.58 rows=4656 width=48) (actual time=0.025..0.295 rows=48 loops=1)
                     Filter: (month > 3)
               ->  Seq Scan on date_parts_1_prt_3_2_prt_q4_3_prt_4  (cost=10000000000.00..10000000208.58 rows=4656 width=48) (actual time=0.017..0.277 rows=41 loops=1)
                     Filter: (month > 3)
               ->  Seq Scan on date_parts_1_prt_3_2_prt_q4_3_prt_other_days  (cost=10000000000.00..10000000208.58 rows=4656 width=48) (actual time=0.021..0.049 rows=3 loops=1)
                     Filter: (month > 3)
               ->  Seq Scan on date_parts_1_prt_3_2_prt_other_months_3_prt_2  (cost=10000000000.00..10000000208.58 rows=4656 width=48) (actual time=0.000..0.025 rows=0 loops=1)
                     Filter: (month > 3)
               ->  Seq Scan on date_parts_1_prt_3_2_prt_other_months_3_prt_3  (cost=10000000000.00..10000000208.58 rows=4656 width=48) (actual time=0.000..0.024 rows=0 loops=1)
                     Filter: (month > 3)
               ->  Seq Scan on date_parts_1_prt_3_2_prt_other_months_3_prt_4  (cost=10000000000.00..10000000208.58 rows=4656 width=48) (actual time=0.000..0.023 rows=0 loops=1)
                     Filter: (month > 3)
               ->  Seq Scan on date_parts_1_prt_3_2_prt_other_months_3_prt_other_days  (cost=10000000000.00..10000000208.58 rows=4656 width=48) (actual time=0.000..0.037 rows=0 loops=1)
                     Filter: (month > 3)
               ->  Seq Scan on date_parts_1_prt_4_2_prt_q2_3_prt_2  (cost=10000000000.00..10000000208.58 rows=4656 width=48) (actual time=0.016..0.152 rows=23 loops=1)
                     Filter: (month > 3)
               ->  Seq Scan on date_parts_1_prt_4_2_prt_q2_3_prt_3  (cost=10000000000.00..10000000208.58 rows=4656 width=48) (actual time=0.017..0.136 rows=20 loops=1)
                     Filter: (month > 3)
               ->  Seq Scan on date_parts_1_prt_4_2_prt_q2_3_prt_4  (cost=10000000000.00..10000000208.58 rows=4656 width=48) (actual time=14.069..14.415 rows=30 loops=1)
                     Filter: (month > 3)
               ->  Seq Scan on date_parts_1_prt_4_2_prt_q2_3_prt_other_days  (cost=10000000000.00..10000000208.58 rows=4656 width=48) (actual time=0.041..0.063 rows=1 loops=1)
                     Filter: (month > 3)
               ->  Seq Scan on date_parts_1_prt_4_2_prt_q3_3_prt_2  (cost=10000000000.00..10000000208.58 rows=4656 width=48) (actual time=0.034..0.298 rows=23 loops=1)
                     Filter: (month > 3)
               ->  Seq Scan on date_parts_1_prt_4_2_prt_q3_3_prt_3  (cost=10000000000.00..10000000208.58 rows=4656 width=48) (actual time=0.026..0.253 rows=24 loops=1)
                     Filter: (month > 3)
               ->  Seq Scan on date_parts_1_prt_4_2_prt_q3_3_prt_4  (cost=10000000000.00..10000000208.58 rows=4656 width=48) (actual time=0.027..0.246 rows=23 loops=1)
                     Filter: (month > 3)
               ->  Seq Scan on date_parts_1_prt_4_2_prt_q3_3_prt_other_days  (cost=10000000000.00..10000000208.58 rows=4656 width=48) (actual time=0.027..0.056 rows=2 loops=1)
                     Filter: (month > 3)
               ->  Seq Scan on date_parts_1_prt_4_2_prt_q4_3_prt_2  (cost=10000000000.00..10000000208.58 rows=4656 width=48) (actual time=0.027..0.236 rows=24 loops=1)
                     Filter: (month > 3)
               ->  Seq Scan on date_parts_1_prt_4_2_prt_q4_3_prt_3  (cost=10000000000.00..10000000208.58 rows=4656 width=48) (actual time=0.021..0.190 rows=22 loops=1)
                     Filter: (month > 3)
               ->  Seq Scan on date_parts_1_prt_4_2_prt_q4_3_prt_4  (cost=10000000000.00..10000000208.58 rows=4656 width=48) (actual time=0.028..0.217 rows=25 loops=1)
                     Filter: (month > 3)
               ->  Seq Scan on date_parts_1_prt_4_2_prt_q4_3_prt_other_days  (cost=10000000000.00..10000000208.58 rows=4656 width=48) (actual time=0.021..0.047 rows=2 loops=1)
                     Filter: (month > 3)
               ->  Seq Scan on date_parts_1_prt_4_2_prt_other_months_3_prt_2  (cost=10000000000.00..10000000208.58 rows=4656 width=48) (actual time=0.000..0.028 rows=0 loops=1)
                     Filter: (month > 3)
               ->  Seq Scan on date_parts_1_prt_4_2_prt_other_months_3_prt_3  (cost=10000000000.00..10000000208.58 rows=4656 width=48) (actual time=0.000..0.028 rows=0 loops=1)
                     Filter: (month > 3)
               ->  Seq Scan on date_parts_1_prt_4_2_prt_other_months_3_prt_4  (cost=10000000000.00..10000000208.58 rows=4656 width=48) (actual time=0.000..0.032 rows=0 loops=1)
                     Filter: (month > 3)
               ->  Seq Scan on date_parts_1_prt_4_2_prt_other_months_3_prt_other_days  (cost=10000000000.00..10000000208.58 rows=4656 width=48) (actual time=0.000..0.028 rows=0 loops=1)
                     Filter: (month > 3)
               ->  Seq Scan on date_parts_1_prt_outlying_years_2_prt_q2_3_prt_2  (cost=10000000000.00..10000000208.58 rows=4656 width=48) (actual time=0.000..0.039 rows=0 loops=1)
                     Filter: (month > 3)
               ->  Seq Scan on date_parts_1_prt_outlying_years_2_prt_q2_3_prt_3  (cost=10000000000.00..10000000208.58 rows=4656 width=48) (actual time=0.000..0.027 rows=0 loops=1)
                     Filter: (month > 3)
               ->  Seq Scan on date_parts_1_prt_outlying_years_2_prt_q2_3_prt_4  (cost=10000000000.00..10000000208.58 rows=4656 width=48) (actual time=0.000..0.027 rows=0 loops=1)
                     Filter: (month > 3)
               ->  Seq Scan on date_parts_1_prt_outlying_years_2_prt_q2_3_prt_other_days  (cost=10000000000.00..10000000208.58 rows=4656 width=48) (actual time=0.000..0.027 rows=0 loops=1)
                     Filter: (month > 3)
               ->  Seq Scan on date_parts_1_prt_outlying_years_2_prt_q3_3_prt_2  (cost=10000000000.00..10000000208.58 rows=4656 width=48) (actual time=0.000..0.028 rows=0 loops=1)
                     Filter: (month > 3)
               ->  Seq Scan on date_parts_1_prt_outlying_years_2_prt_q3_3_prt_3  (cost=10000000000.00..10000000208.58 rows=4656 width=48) (actual time=0.000..0.027 rows=0 loops=1)
                     Filter: (month > 3)
               ->  Seq Scan on date_parts_1_prt_outlying_years_2_prt_q3_3_prt_4  (cost=10000000000.00..10000000208.58 rows=4656 width=48) (actual time=0.000..0.027 rows=0 loops=1)
                     Filter: (month > 3)
               ->  Seq Scan on date_parts_1_prt_outlying_years_2_prt_q3_3_prt_other_days  (cost=10000000000.00..10000000208.58 rows=4656 width=48) (actual time=0.000..0.036 rows=0 loops=1)
                     Filter: (month > 3)
               ->  Seq Scan on date_parts_1_prt_outlying_years_2_prt_q4_3_prt_2  (cost=10000000000.00..10000000208.58 rows=4656 width=48) (actual time=0.000..0.027 rows=0 loops=1)
                     Filter: (month > 3)
               ->  Seq Scan on date_parts_1_prt_outlying_years_2_prt_q4_3_prt_3  (cost=10000000000.00..10000000208.58 rows=4656 width=48) (actual time=0.000..0.027 rows=0 loops=1)
                     Filter: (month > 3)
               ->  Seq Scan on date_parts_1_prt_outlying_years_2_prt_q4_3_prt_4  (cost=10000000000.00..10000000208.58 rows=4656 width=48) (actual time=0.000..0.027 rows=0 loops=1)
                     Filter: (month > 3)
               ->  Seq Scan on date_parts_1_prt_outlying_years_2_prt_q4_3_prt_other_days  (cost=10000000000.00..10000000208.58 rows=4656 width=48) (actual time=0.000..0.027 rows=0 loops=1)
                     Filter: (month > 3)
               ->  Seq Scan on date_parts_1_prt_outlying_years_2_prt_other_months_3_prt_2  (cost=10000000000.00..10000000208.58 rows=4656 width=48) (actual time=0.000..0.031 rows=0 loops=1)
                     Filter: (month > 3)
               ->  Seq Scan on date_parts_1_prt_outlying_years_2_prt_other_months_3_prt_3  (cost=10000000000.00..10000000208.58 rows=4656 width=48) (actual time=0.000..0.027 rows=0 loops=1)
                     Filter: (month > 3)
               ->  Seq Scan on date_parts_1_prt_outlying_years_2_prt_other_months_3_prt_4  (cost=10000000000.00..10000000208.58 rows=4656 width=48) (actual time=0.000..0.027 rows=0 loops=1)
                     Filter: (month > 3)
               ->  Seq Scan on date_parts_1_prt_outlying_years_2_prt_other_mo_3_prt_other_days  (cost=10000000000.00..10000000208.58 rows=4656 width=48) (actual time=0.000..0.036 rows=0 loops=1)
                     Filter: (month > 3)
         ->  Append  (cost=10000000000.00..320000007240.04 rows=1341 width=48) (actual time=0.028..4.760 rows=205 loops=1)
               ->  Seq Scan on date_parts_1_prt_2_2_prt_q1_3_prt_2 date_parts_1_prt_2_2_prt_q1_3_prt_2_1  (cost=10000000000.00..10000000226.04 rows=42 width=48) (actual time=0.015..0.243 rows=30 loops=1)
                     Filter: (month = ANY ('{0,1,2}'::integer[]))
                     Rows Removed by Filter: 14
               ->  Seq Scan on date_parts_1_prt_2_2_prt_q1_3_prt_3 date_parts_1_prt_2_2_prt_q1_3_prt_3_1  (cost=10000000000.00..10000000226.04 rows=42 width=48) (actual time=0.015..0.247 rows=32 loops=1)
                     Filter: (month = ANY ('{0,1,2}'::integer[]))
                     Rows Removed by Filter: 14
               ->  Seq Scan on date_parts_1_prt_2_2_prt_q1_3_prt_4 date_parts_1_prt_2_2_prt_q1_3_prt_4_1  (cost=10000000000.00..10000000226.04 rows=42 width=48) (actual time=0.013..0.245 rows=31 loops=1)
                     Filter: (month = ANY ('{0,1,2}'::integer[]))
                     Rows Removed by Filter: 14
               ->  Seq Scan on date_parts_1_prt_2_2_prt_q1_3_prt_other_days date_parts_1_prt_2_2_prt_q1_3_prt_other_days_1  (cost=10000000000.00..10000000226.04 rows=42 width=48) (actual time=0.019..0.051 rows=3 loops=1)
                     Filter: (month = ANY ('{0,1,2}'::integer[]))
                     Rows Removed by Filter: 1
               ->  Seq Scan on date_parts_1_prt_2_2_prt_other_months_3_prt_2 date_parts_1_prt_2_2_prt_other_months_3_prt_2_1  (cost=10000000000.00..10000000226.04 rows=42 width=48) (actual time=0.000..0.021 rows=0 loops=1)
                     Filter: (month = ANY ('{0,1,2}'::integer[]))
               ->  Seq Scan on date_parts_1_prt_2_2_prt_other_months_3_prt_3 date_parts_1_prt_2_2_prt_other_months_3_prt_3_1  (cost=10000000000.00..10000000226.04 rows=42 width=48) (actual time=0.000..0.020 rows=0 loops=1)
                     Filter: (month = ANY ('{0,1,2}'::integer[]))
               ->  Seq Scan on date_parts_1_prt_2_2_prt_other_months_3_prt_4 date_parts_1_prt_2_2_prt_other_months_3_prt_4_1  (cost=10000000000.00..10000000226.04 rows=42 width=48) (actual time=0.000..0.020 rows=0 loops=1)
                     Filter: (month = ANY ('{0,1,2}'::integer[]))
               ->  Seq Scan on date_parts_1_prt_2_2_prt_other_months_3_prt_other_days date_parts_1_prt_2_2_prt_other_months_3_prt_other_days_1  (cost=10000000000.00..10000000226.04 rows=42 width=48) (actual time=0.000..0.020 rows=0 loops=1)
                     Filter: (month = ANY ('{0,1,2}'::integer[]))
               ->  Seq Scan on date_parts_1_prt_3_2_prt_q1_3_prt_2 date_parts_1_prt_3_2_prt_q1_3_prt_2_1  (cost=10000000000.00..10000000226.04 rows=42 width=48) (actual time=0.013..0.265 rows=35 loops=1)
                     Filter: (month = ANY ('{0,1,2}'::integer[]))
                     Rows Removed by Filter: 18
               ->  Seq Scan on date_parts_1_prt_3_2_prt_q1_3_prt_3 date_parts_1_prt_3_2_prt_q1_3_prt_3_1  (cost=10000000000.00..10000000226.04 rows=42 width=48) (actual time=0.013..0.234 rows=31 loops=1)
                     Filter: (month = ANY ('{0,1,2}'::integer[]))
                     Rows Removed by Filter: 13
               ->  Seq Scan on date_parts_1_prt_3_2_prt_q1_3_prt_4 date_parts_1_prt_3_2_prt_q1_3_prt_4_1  (cost=10000000000.00..10000000226.04 rows=42 width=48) (actual time=0.013..0.215 rows=28 loops=1)
                     Filter: (month = ANY ('{0,1,2}'::integer[]))
                     Rows Removed by Filter: 11
               ->  Seq Scan on date_parts_1_prt_3_2_prt_q1_3_prt_other_days date_parts_1_prt_3_2_prt_q1_3_prt_other_days_1  (cost=10000000000.00..10000000226.04 rows=42 width=48) (actual time=0.012..0.038 rows=2 loops=1)
                     Filter: (month = ANY ('{0,1,2}'::integer[]))
                     Rows Removed by Filter: 3
               ->  Seq Scan on date_parts_1_prt_3_2_prt_other_months_3_prt_2 date_parts_1_prt_3_2_prt_other_months_3_prt_2_1  (cost=10000000000.00..10000000226.04 rows=42 width=48) (actual time=0.000..0.020 rows=0 loops=1)
                     Filter: (month = ANY ('{0,1,2}'::integer[]))
               ->  Seq Scan on date_parts_1_prt_3_2_prt_other_months_3_prt_3 date_parts_1_prt_3_2_prt_other_months_3_prt_3_1  (cost=10000000000.00..10000000226.04 rows=42 width=48) (actual time=0.000..0.201 rows=0 loops=1)
                     Filter: (month = ANY ('{0,1,2}'::integer[]))
               ->  Seq Scan on date_parts_1_prt_3_2_prt_other_months_3_prt_4 date_parts_1_prt_3_2_prt_other_months_3_prt_4_1  (cost=10000000000.00..10000000226.04 rows=42 width=48) (actual time=0.000..0.022 rows=0 loops=1)
                     Filter: (month = ANY ('{0,1,2}'::integer[]))
               ->  Seq Scan on date_parts_1_prt_3_2_prt_other_months_3_prt_other_days date_parts_1_prt_3_2_prt_other_months_3_prt_other_days_1  (cost=10000000000.00..10000000226.04 rows=42 width=48) (actual time=0.000..0.020 rows=0 loops=1)
                     Filter: (month = ANY ('{0,1,2}'::integer[]))
               ->  Seq Scan on date_parts_1_prt_4_2_prt_q1_3_prt_2 date_parts_1_prt_4_2_prt_q1_3_prt_2_1  (cost=10000000000.00..10000000226.04 rows=42 width=48) (actual time=0.014..0.135 rows=16 loops=1)
                     Filter: (month = ANY ('{0,1,2}'::integer[]))
                     Rows Removed by Filter: 6
               ->  Seq Scan on date_parts_1_prt_4_2_prt_q1_3_prt_3 date_parts_1_prt_4_2_prt_q1_3_prt_3_1  (cost=10000000000.00..10000000226.04 rows=42 width=48) (actual time=0.012..0.155 rows=19 loops=1)
                     Filter: (month = ANY ('{0,1,2}'::integer[]))
                     Rows Removed by Filter: 7
               ->  Seq Scan on date_parts_1_prt_4_2_prt_q1_3_prt_4 date_parts_1_prt_4_2_prt_q1_3_prt_4_1  (cost=10000000000.00..10000000226.04 rows=42 width=48) (actual time=0.013..0.157 rows=17 loops=1)
                     Filter: (month = ANY ('{0,1,2}'::integer[]))
                     Rows Removed by Filter: 8
               ->  Seq Scan on date_parts_1_prt_4_2_prt_q1_3_prt_other_days date_parts_1_prt_4_2_prt_q1_3_prt_other_days_1  (cost=10000000000.00..10000000226.04 rows=42 width=48) (actual time=0.012..0.036 rows=2 loops=1)
                     Filter: (month = ANY ('{0,1,2}'::integer[]))
                     Rows Removed by Filter: 1
               ->  Seq Scan on date_parts_1_prt_4_2_prt_other_months_3_prt_2 date_parts_1_prt_4_2_prt_other_months_3_prt_2_1  (cost=10000000000.00..10000000226.04 rows=42 width=48) (actual time=0.000..0.020 rows=0 loops=1)
                     Filter: (month = ANY ('{0,1,2}'::integer[]))
               ->  Seq Scan on date_parts_1_prt_4_2_prt_other_months_3_prt_3 date_parts_1_prt_4_2_prt_other_months_3_prt_3_1  (cost=10000000000.00..10000000226.04 rows=42 width=48) (actual time=0.000..0.020 rows=0 loops=1)
                     Filter: (month = ANY ('{0,1,2}'::integer[]))
               ->  Seq Scan on date_parts_1_prt_4_2_prt_other_months_3_prt_4 date_parts_1_prt_4_2_prt_other_months_3_prt_4_1  (cost=10000000000.00..10000000226.04 rows=42 width=48) (actual time=0.000..0.020 rows=0 loops=1)
                     Filter: (month = ANY ('{0,1,2}'::integer[]))
               ->  Seq Scan on date_parts_1_prt_4_2_prt_other_months_3_prt_other_days date_parts_1_prt_4_2_prt_other_months_3_prt_other_days_1  (cost=10000000000.00..10000000226.04 rows=42 width=48) (actual time=0.000..0.020 rows=0 loops=1)
                     Filter: (month = ANY ('{0,1,2}'::integer[]))
               ->  Seq Scan on date_parts_1_prt_outlying_years_2_prt_q1_3_prt_2 date_parts_1_prt_outlying_years_2_prt_q1_3_prt_2_1  (cost=10000000000.00..10000000226.04 rows=42 width=48) (actual time=0.000..0.020 rows=0 loops=1)
                     Filter: (month = ANY ('{0,1,2}'::integer[]))
               ->  Seq Scan on date_parts_1_prt_outlying_years_2_prt_q1_3_prt_3 date_parts_1_prt_outlying_years_2_prt_q1_3_prt_3_1  (cost=10000000000.00..10000000226.04 rows=42 width=48) (actual time=0.000..0.020 rows=0 loops=1)
                     Filter: (month = ANY ('{0,1,2}'::integer[]))
               ->  Seq Scan on date_parts_1_prt_outlying_years_2_prt_q1_3_prt_4 date_parts_1_prt_outlying_years_2_prt_q1_3_prt_4_1  (cost=10000000000.00..10000000226.04 rows=42 width=48) (actual time=0.000..0.020 rows=0 loops=1)
                     Filter: (month = ANY ('{0,1,2}'::integer[]))
               ->  Seq Scan on date_parts_1_prt_outlying_years_2_prt_q1_3_prt_other_days date_parts_1_prt_outlying_years_2_prt_q1_3_prt_other_days_1  (cost=10000000000.00..10000000226.04 rows=42 width=48) (actual time=0.000..0.020 rows=0 loops=1)
                     Filter: (month = ANY ('{0,1,2}'::integer[]))
               ->  Seq Scan on date_parts_1_prt_outlying_years_2_prt_other_months_3_prt_2 date_parts_1_prt_outlying_years_2_prt_other_months_3_prt_2_1  (cost=10000000000.00..10000000226.04 rows=42 width=48) (actual time=0.000..0.020 rows=0 loops=1)
                     Filter: (month = ANY ('{0,1,2}'::integer[]))
               ->  Seq Scan on date_parts_1_prt_outlying_years_2_prt_other_months_3_prt_3 date_parts_1_prt_outlying_years_2_prt_other_months_3_prt_3_1  (cost=10000000000.00..10000000226.04 rows=42 width=48) (actual time=0.000..0.019 rows=0 loops=1)
                     Filter: (month = ANY ('{0,1,2}'::integer[]))
               ->  Seq Scan on date_parts_1_prt_outlying_years_2_prt_other_months_3_prt_4 date_parts_1_prt_outlying_years_2_prt_other_months_3_prt_4_1  (cost=10000000000.00..10000000226.04 rows=42 width=48) (actual time=0.000..0.019 rows=0 loops=1)
                     Filter: (month = ANY ('{0,1,2}'::integer[]))
               ->  Seq Scan on date_parts_1_prt_outlying_years_2_prt_other_mo_3_prt_other_days date_parts_1_prt_outlying_years_2_prt_other_mo_3_prt_other_da_1  (cost=10000000000.00..10000000226.04 rows=42 width=48) (actual time=0.000..0.019 rows=0 loops=1)
                     Filter: (month = ANY ('{0,1,2}'::integer[]))
         ->  Append  (cost=10000000000.00..160000002779.78 rows=223 width=48) (actual time=0.000..0.252 rows=0 loops=1)
               ->  Seq Scan on date_parts_1_prt_2_2_prt_other_months_3_prt_2 date_parts_1_prt_2_2_prt_other_months_3_prt_2_2  (cost=10000000000.00..10000000173.67 rows=14 width=48) (actual time=0.000..0.020 rows=0 loops=1)
                     Filter: (month IS NULL)
               ->  Seq Scan on date_parts_1_prt_2_2_prt_other_months_3_prt_3 date_parts_1_prt_2_2_prt_other_months_3_prt_3_2  (cost=10000000000.00..10000000173.67 rows=14 width=48) (actual time=0.000..0.020 rows=0 loops=1)
                     Filter: (month IS NULL)
               ->  Seq Scan on date_parts_1_prt_2_2_prt_other_months_3_prt_4 date_parts_1_prt_2_2_prt_other_months_3_prt_4_2  (cost=10000000000.00..10000000173.67 rows=14 width=48) (actual time=0.000..0.020 rows=0 loops=1)
                     Filter: (month IS NULL)
               ->  Seq Scan on date_parts_1_prt_2_2_prt_other_months_3_prt_other_days date_parts_1_prt_2_2_prt_other_months_3_prt_other_days_2  (cost=10000000000.00..10000000173.67 rows=14 width=48) (actual time=0.000..0.022 rows=0 loops=1)
                     Filter: (month IS NULL)
               ->  Seq Scan on date_parts_1_prt_3_2_prt_other_months_3_prt_2 date_parts_1_prt_3_2_prt_other_months_3_prt_2_2  (cost=10000000000.00..10000000173.67 rows=14 width=48) (actual time=0.000..0.022 rows=0 loops=1)
                     Filter: (month IS NULL)
               ->  Seq Scan on date_parts_1_prt_3_2_prt_other_months_3_prt_3 date_parts_1_prt_3_2_prt_other_months_3_prt_3_2  (cost=10000000000.00..10000000173.67 rows=14 width=48) (actual time=0.000..0.019 rows=0 loops=1)
                     Filter: (month IS NULL)
               ->  Seq Scan on date_parts_1_prt_3_2_prt_other_months_3_prt_4 date_parts_1_prt_3_2_prt_other_months_3_prt_4_2  (cost=10000000000.00..10000000173.67 rows=14 width=48) (actual time=0.000..0.019 rows=0 loops=1)
                     Filter: (month IS NULL)
               ->  Seq Scan on date_parts_1_prt_3_2_prt_other_months_3_prt_other_days date_parts_1_prt_3_2_prt_other_months_3_prt_other_days_2  (cost=10000000000.00..10000000173.67 rows=14 width=48) (actual time=0.000..0.019 rows=0 loops=1)
                     Filter: (month IS NULL)
               ->  Seq Scan on date_parts_1_prt_4_2_prt_other_months_3_prt_2 date_parts_1_prt_4_2_prt_other_months_3_prt_2_2  (cost=10000000000.00..10000000173.67 rows=14 width=48) (actual time=0.000..0.019 rows=0 loops=1)
                     Filter: (month IS NULL)
               ->  Seq Scan on date_parts_1_prt_4_2_prt_other_months_3_prt_3 date_parts_1_prt_4_2_prt_other_months_3_prt_3_2  (cost=10000000000.00..10000000173.67 rows=14 width=48) (actual time=0.000..0.019 rows=0 loops=1)
                     Filter: (month IS NULL)
               ->  Seq Scan on date_parts_1_prt_4_2_prt_other_months_3_prt_4 date_parts_1_prt_4_2_prt_other_months_3_prt_4_2  (cost=10000000000.00..10000000173.67 rows=14 width=48) (actual time=0.000..0.019 rows=0 loops=1)
                     Filter: (month IS NULL)
               ->  Seq Scan on date_parts_1_prt_4_2_prt_other_months_3_prt_other_days date_parts_1_prt_4_2_prt_other_months_3_prt_other_days_2  (cost=10000000000.00..10000000173.67 rows=14 width=48) (actual time=0.000..0.020 rows=0 loops=1)
                     Filter: (month IS NULL)
               ->  Seq Scan on date_parts_1_prt_outlying_years_2_prt_other_months_3_prt_2 date_parts_1_prt_outlying_years_2_prt_other_months_3_prt_2_2  (cost=10000000000.00..10000000173.67 rows=14 width=48) (actual time=0.000..0.019 rows=0 loops=1)
                     Filter: (month IS NULL)
               ->  Seq Scan on date_parts_1_prt_outlying_years_2_prt_other_months_3_prt_3 date_parts_1_prt_outlying_years_2_prt_other_months_3_prt_3_2  (cost=10000000000.00..10000000173.67 rows=14 width=48) (actual time=0.000..0.019 rows=0 loops=1)
                     Filter: (month IS NULL)
               ->  Seq Scan on date_parts_1_prt_outlying_years_2_prt_other_months_3_prt_4 date_parts_1_prt_outlying_years_2_prt_other_months_3_prt_4_2  (cost=10000000000.00..10000000173.67 rows=14 width=48) (actual time=0.000..0.019 rows=0 loops=1)
                     Filter: (month IS NULL)
               ->  Seq Scan on date_parts_1_prt_outlying_years_2_prt_other_mo_3_prt_other_days date_parts_1_prt_outlying_years_2_prt_other_mo_3_prt_other_da_2  (cost=10000000000.00..10000000173.67 rows=14 width=48) (actual time=0.000..0.019 rows=0 loops=1)
                     Filter: (month IS NULL)
 Optimizer: Postgres query optimizer
 Planning Time: 43.813 ms
   (slice0)    Executor memory: 832K bytes.
   (slice1)    Executor memory: 1016K bytes avg x 3 workers, 1016K bytes max (seg0).
 Memory used:  128000kB
 Execution Time: 75.577 ms
(292 rows)

-- Equality predicate
-- 16 partitions => 4 from year x 1 from month x 4 from days.
explain analyze select * from DATE_PARTS where month = 3;  -- Not working (it only produces general)
                                                                                     QUERY PLAN                                                                                      
-------------------------------------------------------------------------------------------------------------------------------------------------------------------------------------
 Gather Motion 3:1  (slice1; segments: 3)  (cost=10000000000.00..160000003347.39 rows=670 width=48) (actual time=3.294..4.974 rows=310 loops=1)
   ->  Append  (cost=10000000000.00..160000003338.45 rows=223 width=48) (actual time=0.043..2.129 rows=109 loops=1)
         ->  Seq Scan on date_parts_1_prt_2_2_prt_q1_3_prt_2  (cost=10000000000.00..10000000208.58 rows=14 width=48) (actual time=0.027..0.115 rows=14 loops=1)
               Filter: (month = 3)
               Rows Removed by Filter: 30
         ->  Seq Scan on date_parts_1_prt_2_2_prt_q1_3_prt_3  (cost=10000000000.00..10000000208.58 rows=14 width=48) (actual time=0.018..0.116 rows=16 loops=1)
               Filter: (month = 3)
               Rows Removed by Filter: 22
         ->  Seq Scan on date_parts_1_prt_2_2_prt_q1_3_prt_4  (cost=10000000000.00..10000000208.58 rows=14 width=48) (actual time=0.016..0.116 rows=16 loops=1)
               Filter: (month = 3)
               Rows Removed by Filter: 21
         ->  Seq Scan on date_parts_1_prt_2_2_prt_q1_3_prt_other_days  (cost=10000000000.00..10000000208.58 rows=14 width=48) (actual time=0.015..0.035 rows=2 loops=1)
               Filter: (month = 3)
               Rows Removed by Filter: 1
         ->  Seq Scan on date_parts_1_prt_3_2_prt_q1_3_prt_2  (cost=10000000000.00..10000000208.58 rows=14 width=48) (actual time=0.017..0.129 rows=18 loops=1)
               Filter: (month = 3)
               Rows Removed by Filter: 35
         ->  Seq Scan on date_parts_1_prt_3_2_prt_q1_3_prt_3  (cost=10000000000.00..10000000208.58 rows=14 width=48) (actual time=0.016..0.104 rows=14 loops=1)
               Filter: (month = 3)
               Rows Removed by Filter: 20
         ->  Seq Scan on date_parts_1_prt_3_2_prt_q1_3_prt_4  (cost=10000000000.00..10000000208.58 rows=14 width=48) (actual time=0.017..0.126 rows=15 loops=1)
               Filter: (month = 3)
               Rows Removed by Filter: 24
         ->  Seq Scan on date_parts_1_prt_3_2_prt_q1_3_prt_other_days  (cost=10000000000.00..10000000208.58 rows=14 width=48) (actual time=0.016..0.042 rows=3 loops=1)
               Filter: (month = 3)
               Rows Removed by Filter: 2
         ->  Seq Scan on date_parts_1_prt_4_2_prt_q1_3_prt_2  (cost=10000000000.00..10000000208.58 rows=14 width=48) (actual time=0.017..0.076 rows=9 loops=1)
               Filter: (month = 3)
               Rows Removed by Filter: 10
         ->  Seq Scan on date_parts_1_prt_4_2_prt_q1_3_prt_3  (cost=10000000000.00..10000000208.58 rows=14 width=48) (actual time=0.016..0.064 rows=7 loops=1)
               Filter: (month = 3)
               Rows Removed by Filter: 8
         ->  Seq Scan on date_parts_1_prt_4_2_prt_q1_3_prt_4  (cost=10000000000.00..10000000208.58 rows=14 width=48) (actual time=0.017..0.070 rows=8 loops=1)
               Filter: (month = 3)
               Rows Removed by Filter: 17
         ->  Seq Scan on date_parts_1_prt_4_2_prt_q1_3_prt_other_days  (cost=10000000000.00..10000000208.58 rows=14 width=48) (actual time=0.015..0.031 rows=1 loops=1)
               Filter: (month = 3)
               Rows Removed by Filter: 2
         ->  Seq Scan on date_parts_1_prt_outlying_years_2_prt_q1_3_prt_2  (cost=10000000000.00..10000000208.58 rows=14 width=48) (actual time=0.000..0.036 rows=0 loops=1)
               Filter: (month = 3)
         ->  Seq Scan on date_parts_1_prt_outlying_years_2_prt_q1_3_prt_3  (cost=10000000000.00..10000000208.58 rows=14 width=48) (actual time=0.000..0.021 rows=0 loops=1)
               Filter: (month = 3)
         ->  Seq Scan on date_parts_1_prt_outlying_years_2_prt_q1_3_prt_4  (cost=10000000000.00..10000000208.58 rows=14 width=48) (actual time=0.000..0.022 rows=0 loops=1)
               Filter: (month = 3)
         ->  Seq Scan on date_parts_1_prt_outlying_years_2_prt_q1_3_prt_other_days  (cost=10000000000.00..10000000208.58 rows=14 width=48) (actual time=0.000..0.031 rows=0 loops=1)
               Filter: (month = 3)
 Optimizer: Postgres query optimizer
 Planning Time: 13.592 ms
   (slice0)    Executor memory: 114K bytes.
   (slice1)    Executor memory: 135K bytes avg x 3 workers, 135K bytes max (seg0).
 Memory used:  128000kB
 Execution Time: 7.465 ms
(52 rows)

-- More Equality and General Predicates ---
create table foo(a int, b int)
partition by list (b)
(partition p1 values(1,3), partition p2 values(4,2), default partition other);
NOTICE:  Table doesn't have 'DISTRIBUTED BY' clause -- Using column named 'a' as the Greenplum Database data distribution key for this table.
HINT:  The 'DISTRIBUTED BY' clause determines the distribution of data. Make sure column(s) chosen are the optimal data distribution key to minimize skew.
-- General predicate
-- Total 6 parts. b = 1: 1 part, b > 3: 2 parts, b in (0, 1): 2 parts. b is null: 1 part
explain analyze select * from foo where b = 1 union all select * from foo where b > 3 union all select * from foo where b in (0,1) union all select * from foo where b is null;
                                                       QUERY PLAN                                                        
-------------------------------------------------------------------------------------------------------------------------
 Gather Motion 3:1  (slice1; segments: 3)  (cost=0.00..1724.00 rows=1 width=8) (actual time=1.094..1.104 rows=0 loops=1)
   ->  Append  (cost=0.00..1724.00 rows=1 width=8) (actual time=0.000..0.384 rows=0 loops=1)
         ->  Dynamic Seq Scan on foo  (cost=0.00..431.00 rows=1 width=8) (actual time=0.000..0.106 rows=0 loops=1)
               Number of partitions to scan: 1 (out of 3)
               Filter: (b = 1)
               Partitions scanned:  Avg 1.0 x 3 workers.  Max 1 parts (seg0).
         ->  Dynamic Seq Scan on foo foo_1  (cost=0.00..431.00 rows=1 width=8) (actual time=0.000..0.156 rows=0 loops=1)
               Number of partitions to scan: 2 (out of 3)
               Filter: (b > 3)
               Partitions scanned:  Avg 2.0 x 3 workers.  Max 2 parts (seg0).
         ->  Dynamic Seq Scan on foo foo_2  (cost=0.00..431.00 rows=1 width=8) (actual time=0.000..0.098 rows=0 loops=1)
               Number of partitions to scan: 2 (out of 3)
               Filter: (b = ANY ('{0,1}'::integer[]))
               Partitions scanned:  Avg 2.0 x 3 workers.  Max 2 parts (seg0).
         ->  Dynamic Seq Scan on foo foo_3  (cost=0.00..431.00 rows=1 width=8) (actual time=0.000..0.050 rows=0 loops=1)
               Number of partitions to scan: 1 (out of 3)
               Filter: (b IS NULL)
               Partitions scanned:  Avg 1.0 x 3 workers.  Max 1 parts (seg0).
 Optimizer: Pivotal Optimizer (GPORCA)
 Planning Time: 29.025 ms
   (slice0)    Executor memory: 39K bytes.
   (slice1)    Executor memory: 65K bytes avg x 3 workers, 65K bytes max (seg0).
 Memory used:  128000kB
 Execution Time: 3.017 ms
(24 rows)

drop table if exists pt;
NOTICE:  table "pt" does not exist, skipping
CREATE TABLE pt (id int, gender varchar(2)) 
DISTRIBUTED BY (id)
PARTITION BY LIST (gender)
( PARTITION girls VALUES ('F', NULL), 
  PARTITION boys VALUES ('M'), 
  DEFAULT PARTITION other );
-- General filter
-- TODO #141916623. Expecting 6 parts, but optimizer plan selects 7 parts. The 6 parts breakdown is: gender = 'F': 1 part, gender < 'M': 2 parts (including default), gender in ('F', F'M'): 2 parts, gender is null => 1 part
explain analyze select * from pt where gender = 'F' union all select * from pt where gender < 'M' union all select * from pt where gender in ('F', 'FM') union all select * from pt where gender is null;
                                                        QUERY PLAN                                                        
--------------------------------------------------------------------------------------------------------------------------
 Gather Motion 3:1  (slice1; segments: 3)  (cost=0.00..1724.00 rows=1 width=12) (actual time=1.279..1.288 rows=0 loops=1)
   ->  Append  (cost=0.00..1724.00 rows=1 width=12) (actual time=0.000..0.537 rows=0 loops=1)
         ->  Dynamic Seq Scan on pt  (cost=0.00..431.00 rows=1 width=12) (actual time=0.000..0.289 rows=0 loops=1)
               Number of partitions to scan: 1 (out of 3)
               Filter: ((gender)::text = 'F'::text)
               Partitions scanned:  Avg 1.0 x 3 workers.  Max 1 parts (seg0).
         ->  Dynamic Seq Scan on pt pt_1  (cost=0.00..431.00 rows=1 width=12) (actual time=0.000..0.135 rows=0 loops=1)
               Number of partitions to scan: 2 (out of 3)
               Filter: ((gender)::text < 'M'::text)
               Partitions scanned:  Avg 2.0 x 3 workers.  Max 2 parts (seg0).
         ->  Dynamic Seq Scan on pt pt_2  (cost=0.00..431.00 rows=1 width=12) (actual time=0.000..0.080 rows=0 loops=1)
               Number of partitions to scan: 2 (out of 3)
               Filter: ((gender)::text = ANY ('{F,FM}'::text[]))
               Partitions scanned:  Avg 2.0 x 3 workers.  Max 2 parts (seg0).
         ->  Dynamic Seq Scan on pt pt_3  (cost=0.00..431.00 rows=1 width=12) (actual time=0.000..0.049 rows=0 loops=1)
               Number of partitions to scan: 1 (out of 3)
               Filter: (gender IS NULL)
               Partitions scanned:  Avg 1.0 x 3 workers.  Max 1 parts (seg0).
 Optimizer: Pivotal Optimizer (GPORCA)
 Planning Time: 62.511 ms
   (slice0)    Executor memory: 39K bytes.
   (slice1)    Executor memory: 65K bytes avg x 3 workers, 65K bytes max (seg0).
 Memory used:  128000kB
 Execution Time: 2.667 ms
(24 rows)

-- DML
-- Non-default part
insert into DATE_PARTS values (-1, 2004, 11, 30, NULL);
select * from date_parts_1_prt_2_2_prt_q4_3_prt_4 where id < 0;
 id | year | month | day | region 
----+------+-------+-----+--------
 -1 | 2004 |    11 |  30 | 
(1 row)

-- Default year
insert into DATE_PARTS values (-2, 1999, 11, 30, NULL);
select * from date_parts_1_prt_outlying_years_2_prt_q4_3_prt_4 where id < 0;
 id | year | month | day | region 
----+------+-------+-----+--------
 -2 | 1999 |    11 |  30 | 
(1 row)

-- Default month
insert into DATE_PARTS values (-3, 2004, 20, 30, NULL);
select * from date_parts_1_prt_2_2_prt_other_months where id < 0;
 id | year | month | day | region 
----+------+-------+-----+--------
 -3 | 2004 |    20 |  30 | 
(1 row)

-- Default day
insert into DATE_PARTS values (-4, 2004, 10, 50, NULL);
select * from date_parts_1_prt_2_2_prt_q4_3_prt_other_days where id < 0;
 id | year | month | day | region 
----+------+-------+-----+--------
 -4 | 2004 |    10 |  50 | 
(1 row)

-- Default everything
insert into DATE_PARTS values (-5, 1999, 20, 50, NULL);
select * from date_parts_1_prt_outlying_years_2_prt_other_mo_3_prt_other_days where id < 0;
 id | year | month | day | region 
----+------+-------+-----+--------
 -5 | 1999 |    20 |  50 | 
(1 row)

-- Default month + day but not year
insert into DATE_PARTS values (-6, 2002, 20, 50, NULL);
select * from date_parts_1_prt_2_2_prt_other_months_3_prt_other_days where id < 0;
 id | year | month | day | region 
----+------+-------+-----+--------
 -6 | 2002 |    20 |  50 | 
(1 row)

-- Dropped columns with exchange
drop table if exists sales;
NOTICE:  table "sales" does not exist, skipping
CREATE TABLE sales (trans_id int, to_be_dropped1 int, date date, amount 
decimal(9,2), to_be_dropped2 int, region text) 
DISTRIBUTED BY (trans_id)
PARTITION BY RANGE (date)
SUBPARTITION BY LIST (region)
SUBPARTITION TEMPLATE
( SUBPARTITION usa VALUES ('usa'), 
  SUBPARTITION asia VALUES ('asia'), 
  SUBPARTITION europe VALUES ('europe'), 
  DEFAULT SUBPARTITION other_regions)
  (START (date '2011-01-01') INCLUSIVE
   END (date '2012-01-01') EXCLUSIVE
   EVERY (INTERVAL '3 month'), 
   DEFAULT PARTITION outlying_dates );
-- This will introduce different column numbers in subsequent part tables
alter table sales drop column to_be_dropped1;
alter table sales drop column to_be_dropped2;
-- Create the exchange candidate without dropped columns
drop table if exists sales_exchange_part;
NOTICE:  table "sales_exchange_part" does not exist, skipping
create table sales_exchange_part (trans_id int, date date, amount 
decimal(9,2), region text);
NOTICE:  Table doesn't have 'DISTRIBUTED BY' clause -- Using column named 'trans_id' as the Greenplum Database data distribution key for this table.
HINT:  The 'DISTRIBUTED BY' clause determines the distribution of data. Make sure column(s) chosen are the optimal data distribution key to minimize skew.
-- Insert some data
insert into sales_exchange_part values(1, '2011-01-01', 10.1, 'usa');
-- Exchange
ALTER TABLE sales 
ALTER PARTITION FOR (date '2011-01-01')
EXCHANGE PARTITION FOR ('usa') WITH TABLE sales_exchange_part ;
ANALYZE sales;
-- TODO: #141973839. Expected 10 parts, currently selecting 15 parts. First level: 4 parts + 1 default. Second level 2 parts. Total 10 parts.
explain analyze select * from sales where region = 'usa' or region = 'asia';
                                                                           QUERY PLAN                                                                           
----------------------------------------------------------------------------------------------------------------------------------------------------------------
 Gather Motion 3:1  (slice1; segments: 3)  (cost=10000000000.00..100000000010.60 rows=30 width=50) (actual time=1.227..1.242 rows=1 loops=1)
   ->  Append  (cost=10000000000.00..100000000010.20 rows=10 width=50) (actual time=0.055..0.224 rows=1 loops=1)
         ->  Seq Scan on sales_1_prt_2_2_prt_asia  (cost=10000000000.00..10000000001.01 rows=1 width=54) (actual time=0.000..0.038 rows=0 loops=1)
               Filter: ((region = 'usa'::text) OR (region = 'asia'::text))
         ->  Seq Scan on sales_1_prt_2_2_prt_usa  (cost=10000000000.00..10000000001.01 rows=1 width=19) (actual time=0.020..0.035 rows=1 loops=1)
               Filter: ((region = 'usa'::text) OR (region = 'asia'::text))
         ->  Seq Scan on sales_1_prt_3_2_prt_asia  (cost=10000000000.00..10000000001.01 rows=1 width=54) (actual time=0.000..0.023 rows=0 loops=1)
               Filter: ((region = 'usa'::text) OR (region = 'asia'::text))
         ->  Seq Scan on sales_1_prt_3_2_prt_usa  (cost=10000000000.00..10000000001.01 rows=1 width=54) (actual time=0.000..0.021 rows=0 loops=1)
               Filter: ((region = 'usa'::text) OR (region = 'asia'::text))
         ->  Seq Scan on sales_1_prt_4_2_prt_asia  (cost=10000000000.00..10000000001.01 rows=1 width=54) (actual time=0.000..0.022 rows=0 loops=1)
               Filter: ((region = 'usa'::text) OR (region = 'asia'::text))
         ->  Seq Scan on sales_1_prt_4_2_prt_usa  (cost=10000000000.00..10000000001.01 rows=1 width=54) (actual time=0.000..0.021 rows=0 loops=1)
               Filter: ((region = 'usa'::text) OR (region = 'asia'::text))
         ->  Seq Scan on sales_1_prt_5_2_prt_asia  (cost=10000000000.00..10000000001.01 rows=1 width=54) (actual time=0.000..0.022 rows=0 loops=1)
               Filter: ((region = 'usa'::text) OR (region = 'asia'::text))
         ->  Seq Scan on sales_1_prt_5_2_prt_usa  (cost=10000000000.00..10000000001.01 rows=1 width=54) (actual time=0.000..0.021 rows=0 loops=1)
               Filter: ((region = 'usa'::text) OR (region = 'asia'::text))
         ->  Seq Scan on sales_1_prt_outlying_dates_2_prt_asia  (cost=10000000000.00..10000000001.01 rows=1 width=54) (actual time=0.000..0.021 rows=0 loops=1)
               Filter: ((region = 'usa'::text) OR (region = 'asia'::text))
         ->  Seq Scan on sales_1_prt_outlying_dates_2_prt_usa  (cost=10000000000.00..10000000001.01 rows=1 width=54) (actual time=0.000..0.021 rows=0 loops=1)
               Filter: ((region = 'usa'::text) OR (region = 'asia'::text))
 Optimizer: Postgres query optimizer
 Planning Time: 9.813 ms
   (slice0)    Executor memory: 90K bytes.
   (slice1)    Executor memory: 96K bytes avg x 3 workers, 96K bytes max (seg0).
 Memory used:  128000kB
 Execution Time: 2.831 ms
(28 rows)

select * from sales where region = 'usa' or region = 'asia';
 trans_id |    date    | amount | region 
----------+------------+--------+--------
        1 | 01-01-2011 |  10.10 | usa
(1 row)

-- Test DynamicIndexScan with extra filter
create index idx_sales_date on sales(date);
explain select * from sales where date = '2011-01-01' and region = 'usa';
                                                      QUERY PLAN                                                       
-----------------------------------------------------------------------------------------------------------------------
 Gather Motion 3:1  (slice1; segments: 3)  (cost=0.12..8.16 rows=1 width=19)
   ->  Index Scan using sales_1_prt_2_2_prt_usa_date_idx on sales_1_prt_2_2_prt_usa  (cost=0.12..8.14 rows=1 width=19)
         Index Cond: (date = '01-01-2011'::date)
         Filter: (region = 'usa'::text)
 Optimizer: Postgres query optimizer
(5 rows)

select * from sales where date = '2011-01-01' and region = 'usa';
 trans_id |    date    | amount | region 
----------+------------+--------+--------
        1 | 01-01-2011 |  10.10 | usa
(1 row)

-- Updating partition key
select * from sales_1_prt_2_2_prt_usa;
 trans_id |    date    | amount | region 
----------+------------+--------+--------
        1 | 01-01-2011 |  10.10 | usa
(1 row)

select * from sales_1_prt_2_2_prt_europe;
 trans_id | date | amount | region 
----------+------+--------+--------
(0 rows)

update sales set region = 'europe' where trans_id = 1;
select * from sales_1_prt_2_2_prt_europe;
 trans_id |    date    | amount | region 
----------+------------+--------+--------
        1 | 01-01-2011 |  10.10 | europe
(1 row)

select * from sales_1_prt_2_2_prt_usa;
 trans_id | date | amount | region 
----------+------+--------+--------
(0 rows)

select * from sales;
 trans_id |    date    | amount | region 
----------+------------+--------+--------
        1 | 01-01-2011 |  10.10 | europe
(1 row)

-- Distinct From
drop table if exists bar;
NOTICE:  table "bar" does not exist, skipping
CREATE TABLE bar (i INTEGER, j decimal)
partition by list (j)
subpartition by range (i) subpartition template (start(1) end(4) every(2))
(partition p1 values(0.2,2.8, NULL), partition p2 values(1.7,3.1),
partition p3 values(5.6), default partition other);
NOTICE:  Table doesn't have 'DISTRIBUTED BY' clause -- Using column named 'i' as the Greenplum Database data distribution key for this table.
HINT:  The 'DISTRIBUTED BY' clause determines the distribution of data. Make sure column(s) chosen are the optimal data distribution key to minimize skew.
insert into bar values(1, 0.2); --p1
insert into bar values(1, 1.7); --p2
insert into bar values(1, 2.1); --default
insert into bar values(1, 5.6); --default
insert into bar values(1, NULL); --p1
-- In-equality
-- 8 parts: All 4 parts on first level and each will have 2 range parts 
explain analyze select * from bar where j>0.02;
                                                                     QUERY PLAN                                                                      
-----------------------------------------------------------------------------------------------------------------------------------------------------
 Gather Motion 3:1  (slice1; segments: 3)  (cost=10000000000.00..80000003909.33 rows=132267 width=36) (actual time=1.313..1.723 rows=4 loops=1)
   ->  Append  (cost=10000000000.00..80000002145.78 rows=44089 width=36) (actual time=0.051..0.304 rows=4 loops=1)
         ->  Seq Scan on bar_1_prt_p1_2_prt_1  (cost=10000000000.00..10000000240.67 rows=5511 width=36) (actual time=0.038..0.058 rows=1 loops=1)
               Filter: (j > 0.02)
               Rows Removed by Filter: 1
         ->  Seq Scan on bar_1_prt_p1_2_prt_2  (cost=10000000000.00..10000000240.67 rows=5511 width=36) (actual time=0.000..0.027 rows=0 loops=1)
               Filter: (j > 0.02)
         ->  Seq Scan on bar_1_prt_p2_2_prt_1  (cost=10000000000.00..10000000240.67 rows=5511 width=36) (actual time=0.019..0.038 rows=1 loops=1)
               Filter: (j > 0.02)
         ->  Seq Scan on bar_1_prt_p2_2_prt_2  (cost=10000000000.00..10000000240.67 rows=5511 width=36) (actual time=0.000..0.026 rows=0 loops=1)
               Filter: (j > 0.02)
         ->  Seq Scan on bar_1_prt_p3_2_prt_1  (cost=10000000000.00..10000000240.67 rows=5511 width=36) (actual time=0.019..0.038 rows=1 loops=1)
               Filter: (j > 0.02)
         ->  Seq Scan on bar_1_prt_p3_2_prt_2  (cost=10000000000.00..10000000240.67 rows=5511 width=36) (actual time=0.000..0.026 rows=0 loops=1)
               Filter: (j > 0.02)
         ->  Seq Scan on bar_1_prt_other_2_prt_1  (cost=10000000000.00..10000000240.67 rows=5511 width=36) (actual time=0.019..0.038 rows=1 loops=1)
               Filter: (j > 0.02)
         ->  Seq Scan on bar_1_prt_other_2_prt_2  (cost=10000000000.00..10000000240.67 rows=5511 width=36) (actual time=0.000..0.028 rows=0 loops=1)
               Filter: (j > 0.02)
 Optimizer: Postgres query optimizer
 Planning Time: 6.915 ms
   (slice0)    Executor memory: 57K bytes.
   (slice1)    Executor memory: 66K bytes avg x 3 workers, 66K bytes max (seg0).
 Memory used:  128000kB
 Execution Time: 3.429 ms
(25 rows)

-- 6 parts: Excluding 1 list parts at first level. So, 3 at first level and each has 2 at second level.
explain analyze select * from bar where j>2.8;
                                                                     QUERY PLAN                                                                      
-----------------------------------------------------------------------------------------------------------------------------------------------------
 Gather Motion 3:1  (slice1; segments: 3)  (cost=10000000000.00..60000002932.00 rows=99200 width=36) (actual time=0.748..1.015 rows=1 loops=1)
   ->  Append  (cost=10000000000.00..60000001609.33 rows=33067 width=36) (actual time=0.096..0.197 rows=1 loops=1)
         ->  Seq Scan on bar_1_prt_p2_2_prt_1  (cost=10000000000.00..10000000240.67 rows=5511 width=36) (actual time=0.000..0.045 rows=0 loops=1)
               Filter: (j > 2.8)
         ->  Seq Scan on bar_1_prt_p2_2_prt_2  (cost=10000000000.00..10000000240.67 rows=5511 width=36) (actual time=0.000..0.028 rows=0 loops=1)
               Filter: (j > 2.8)
         ->  Seq Scan on bar_1_prt_p3_2_prt_1  (cost=10000000000.00..10000000240.67 rows=5511 width=36) (actual time=0.021..0.040 rows=1 loops=1)
               Filter: (j > 2.8)
         ->  Seq Scan on bar_1_prt_p3_2_prt_2  (cost=10000000000.00..10000000240.67 rows=5511 width=36) (actual time=0.000..0.027 rows=0 loops=1)
               Filter: (j > 2.8)
         ->  Seq Scan on bar_1_prt_other_2_prt_1  (cost=10000000000.00..10000000240.67 rows=5511 width=36) (actual time=0.000..0.032 rows=0 loops=1)
               Filter: (j > 2.8)
         ->  Seq Scan on bar_1_prt_other_2_prt_2  (cost=10000000000.00..10000000240.67 rows=5511 width=36) (actual time=0.000..0.039 rows=0 loops=1)
               Filter: (j > 2.8)
 Optimizer: Postgres query optimizer
 Planning Time: 5.708 ms
   (slice0)    Executor memory: 52K bytes.
   (slice1)    Executor memory: 52K bytes avg x 3 workers, 52K bytes max (seg0).
 Memory used:  128000kB
 Execution Time: 2.637 ms
(20 rows)

-- Distinct From
-- 6 parts: Everything except 1 part that contains 5.6.
explain analyze select * from bar where j is distinct from 5.6;
                                                                      QUERY PLAN                                                                      
------------------------------------------------------------------------------------------------------------------------------------------------------
 Gather Motion 3:1  (slice1; segments: 3)  (cost=10000000000.00..80000007871.38 rows=396403 width=36) (actual time=0.983..1.023 rows=4 loops=1)
   ->  Append  (cost=10000000000.00..80000002586.01 rows=132134 width=36) (actual time=0.047..0.314 rows=4 loops=1)
         ->  Seq Scan on bar_1_prt_p1_2_prt_1  (cost=10000000000.00..10000000240.67 rows=16517 width=36) (actual time=0.034..0.060 rows=2 loops=1)
               Filter: (j IS DISTINCT FROM 5.6)
         ->  Seq Scan on bar_1_prt_p1_2_prt_2  (cost=10000000000.00..10000000240.67 rows=16517 width=36) (actual time=0.000..0.028 rows=0 loops=1)
               Filter: (j IS DISTINCT FROM 5.6)
         ->  Seq Scan on bar_1_prt_p2_2_prt_1  (cost=10000000000.00..10000000240.67 rows=16517 width=36) (actual time=0.020..0.039 rows=1 loops=1)
               Filter: (j IS DISTINCT FROM 5.6)
         ->  Seq Scan on bar_1_prt_p2_2_prt_2  (cost=10000000000.00..10000000240.67 rows=16517 width=36) (actual time=0.000..0.027 rows=0 loops=1)
               Filter: (j IS DISTINCT FROM 5.6)
         ->  Seq Scan on bar_1_prt_p3_2_prt_1  (cost=10000000000.00..10000000240.67 rows=16517 width=36) (actual time=0.000..0.032 rows=0 loops=1)
               Filter: (j IS DISTINCT FROM 5.6)
         ->  Seq Scan on bar_1_prt_p3_2_prt_2  (cost=10000000000.00..10000000240.67 rows=16517 width=36) (actual time=0.000..0.027 rows=0 loops=1)
               Filter: (j IS DISTINCT FROM 5.6)
         ->  Seq Scan on bar_1_prt_other_2_prt_1  (cost=10000000000.00..10000000240.67 rows=16517 width=36) (actual time=0.019..0.039 rows=1 loops=1)
               Filter: (j IS DISTINCT FROM 5.6)
         ->  Seq Scan on bar_1_prt_other_2_prt_2  (cost=10000000000.00..10000000240.67 rows=16517 width=36) (actual time=0.000..0.032 rows=0 loops=1)
               Filter: (j IS DISTINCT FROM 5.6)
 Optimizer: Postgres query optimizer
 Planning Time: 5.868 ms
   (slice0)    Executor memory: 57K bytes.
   (slice1)    Executor memory: 66K bytes avg x 3 workers, 66K bytes max (seg0).
 Memory used:  128000kB
 Execution Time: 2.881 ms
(24 rows)

-- 8 parts: NULL is shared with others on p1. So, all 8 parts.
explain analyze select * from bar where j is distinct from NULL;
                                                                      QUERY PLAN                                                                      
------------------------------------------------------------------------------------------------------------------------------------------------------
 Gather Motion 3:1  (slice1; segments: 3)  (cost=10000000000.00..80000007540.71 rows=396403 width=36) (actual time=0.868..1.242 rows=4 loops=1)
   ->  Append  (cost=10000000000.00..80000002255.34 rows=132134 width=36) (actual time=0.044..0.291 rows=4 loops=1)
         ->  Seq Scan on bar_1_prt_p1_2_prt_1  (cost=10000000000.00..10000000199.33 rows=16517 width=36) (actual time=0.031..0.052 rows=1 loops=1)
               Filter: (j IS NOT NULL)
               Rows Removed by Filter: 1
         ->  Seq Scan on bar_1_prt_p1_2_prt_2  (cost=10000000000.00..10000000199.33 rows=16517 width=36) (actual time=0.000..0.131 rows=0 loops=1)
               Filter: (j IS NOT NULL)
         ->  Seq Scan on bar_1_prt_p2_2_prt_1  (cost=10000000000.00..10000000199.33 rows=16517 width=36) (actual time=0.018..0.036 rows=1 loops=1)
               Filter: (j IS NOT NULL)
         ->  Seq Scan on bar_1_prt_p2_2_prt_2  (cost=10000000000.00..10000000199.33 rows=16517 width=36) (actual time=0.000..0.026 rows=0 loops=1)
               Filter: (j IS NOT NULL)
         ->  Seq Scan on bar_1_prt_p3_2_prt_1  (cost=10000000000.00..10000000199.33 rows=16517 width=36) (actual time=0.018..0.036 rows=1 loops=1)
               Filter: (j IS NOT NULL)
         ->  Seq Scan on bar_1_prt_p3_2_prt_2  (cost=10000000000.00..10000000199.33 rows=16517 width=36) (actual time=0.000..0.188 rows=0 loops=1)
               Filter: (j IS NOT NULL)
         ->  Seq Scan on bar_1_prt_other_2_prt_1  (cost=10000000000.00..10000000199.33 rows=16517 width=36) (actual time=0.018..0.036 rows=1 loops=1)
               Filter: (j IS NOT NULL)
         ->  Seq Scan on bar_1_prt_other_2_prt_2  (cost=10000000000.00..10000000199.33 rows=16517 width=36) (actual time=0.000..0.028 rows=0 loops=1)
               Filter: (j IS NOT NULL)
 Optimizer: Postgres query optimizer
 Planning Time: 5.842 ms
   (slice0)    Executor memory: 57K bytes.
   (slice1)    Executor memory: 65K bytes avg x 3 workers, 65K bytes max (seg0).
 Memory used:  128000kB
 Execution Time: 3.154 ms
(25 rows)

RESET ALL;
